This is pdfTeX, Version 3.14159265-2.6-1.40.20 (TeX Live 2019/Debian) (preloaded format=pdflatex 2022.4.2)  13 JUN 2022 21:29
entering extended mode
 restricted \write18 enabled.
 %&-line parsing enabled.
**Chapter1.tex
(./Chapter1.tex
LaTeX2e <2020-02-02> patch level 2
L3 programming layer <2020-02-14>
! Undefined control sequence.
l.1 \section
            {–ü–æ—Å—Ç–∞–Ω–æ–≤–∫–∞ –∑–∞–¥–∞—á–∏}
The control sequence at the end of the top line
of your error message was never \def'ed. If you have
misspelled it (e.g., `\hobx'), type `I' and the correct
spelling (e.g., `I\hbox'). Otherwise just continue,
and I'll forget about whatever was undefined.


! Package inputenc Error: Unicode character –ü (U+041F)
(inputenc)                not set up for use with LaTeX.

See the inputenc package documentation for explanation.
Type  H <return>  for immediate help.
 ...                                              
                                                  
l.1 \section{–ü
               –æ—Å—Ç–∞–Ω–æ–≤–∫–∞ –∑–∞–¥–∞—á–∏}
You may provide a definition with
\DeclareUnicodeCharacter 


! Package inputenc Error: Unicode character –æ (U+043E)
(inputenc)                not set up for use with LaTeX.

See the inputenc package documentation for explanation.
Type  H <return>  for immediate help.
 ...                                              
                                                  
l.1 \section{–ü–æ
                 —Å—Ç–∞–Ω–æ–≤–∫–∞ –∑–∞–¥–∞—á–∏}
You may provide a definition with
\DeclareUnicodeCharacter 


! Package inputenc Error: Unicode character —Å (U+0441)
(inputenc)                not set up for use with LaTeX.

See the inputenc package documentation for explanation.
Type  H <return>  for immediate help.
 ...                                              
                                                  
l.1 \section{–ü–æ—Å
                   —Ç–∞–Ω–æ–≤–∫–∞ –∑–∞–¥–∞—á–∏}
You may provide a definition with
\DeclareUnicodeCharacter 


! Package inputenc Error: Unicode character —Ç (U+0442)
(inputenc)                not set up for use with LaTeX.

See the inputenc package documentation for explanation.
Type  H <return>  for immediate help.
 ...                                              
                                                  
l.1 \section{–ü–æ—Å—Ç
                     –∞–Ω–æ–≤–∫–∞ –∑–∞–¥–∞—á–∏}
You may provide a definition with
\DeclareUnicodeCharacter 


! Package inputenc Error: Unicode character –∞ (U+0430)
(inputenc)                not set up for use with LaTeX.

See the inputenc package documentation for explanation.
Type  H <return>  for immediate help.
 ...                                              
                                                  
l.1 \section{–ü–æ—Å—Ç–∞
                       –Ω–æ–≤–∫–∞ –∑–∞–¥–∞—á–∏}
You may provide a definition with
\DeclareUnicodeCharacter 


! Package inputenc Error: Unicode character –Ω (U+043D)
(inputenc)                not set up for use with LaTeX.

See the inputenc package documentation for explanation.
Type  H <return>  for immediate help.
 ...                                              
                                                  
l.1 \section{–ü–æ—Å—Ç–∞–Ω
                         –æ–≤–∫–∞ –∑–∞–¥–∞—á–∏}
You may provide a definition with
\DeclareUnicodeCharacter 


! Package inputenc Error: Unicode character –æ (U+043E)
(inputenc)                not set up for use with LaTeX.

See the inputenc package documentation for explanation.
Type  H <return>  for immediate help.
 ...                                              
                                                  
l.1 \section{–ü–æ—Å—Ç–∞–Ω–æ
                           –≤–∫–∞ –∑–∞–¥–∞—á–∏}
You may provide a definition with
\DeclareUnicodeCharacter 


! Package inputenc Error: Unicode character –≤ (U+0432)
(inputenc)                not set up for use with LaTeX.

See the inputenc package documentation for explanation.
Type  H <return>  for immediate help.
 ...                                              
                                                  
l.1 \section{–ü–æ—Å—Ç–∞–Ω–æ–≤
                             –∫–∞ –∑–∞–¥–∞—á–∏}
You may provide a definition with
\DeclareUnicodeCharacter 


! Package inputenc Error: Unicode character –∫ (U+043A)
(inputenc)                not set up for use with LaTeX.

See the inputenc package documentation for explanation.
Type  H <return>  for immediate help.
 ...                                              
                                                  
l.1 \section{–ü–æ—Å—Ç–∞–Ω–æ–≤–∫
                               –∞ –∑–∞–¥–∞—á–∏}
You may provide a definition with
\DeclareUnicodeCharacter 


! Package inputenc Error: Unicode character –∞ (U+0430)
(inputenc)                not set up for use with LaTeX.

See the inputenc package documentation for explanation.
Type  H <return>  for immediate help.
 ...                                              
                                                  
l.1 \section{–ü–æ—Å—Ç–∞–Ω–æ–≤–∫–∞
                                  –∑–∞–¥–∞—á–∏}
You may provide a definition with
\DeclareUnicodeCharacter 


! Package inputenc Error: Unicode character –∑ (U+0437)
(inputenc)                not set up for use with LaTeX.

See the inputenc package documentation for explanation.
Type  H <return>  for immediate help.
 ...                                              
                                                  
l.1 \section{–ü–æ—Å—Ç–∞–Ω–æ–≤–∫–∞ –∑
                                    –∞–¥–∞—á–∏}
You may provide a definition with
\DeclareUnicodeCharacter 


! Package inputenc Error: Unicode character –∞ (U+0430)
(inputenc)                not set up for use with LaTeX.

See the inputenc package documentation for explanation.
Type  H <return>  for immediate help.
 ...                                              
                                                  
l.1 \section{–ü–æ—Å—Ç–∞–Ω–æ–≤–∫–∞ –∑–∞
                                      –¥–∞—á–∏}
You may provide a definition with
\DeclareUnicodeCharacter 


! Package inputenc Error: Unicode character –¥ (U+0434)
(inputenc)                not set up for use with LaTeX.

See the inputenc package documentation for explanation.
Type  H <return>  for immediate help.
 ...                                              
                                                  
l.1 \section{–ü–æ—Å—Ç–∞–Ω–æ–≤–∫–∞ –∑–∞–¥
                                        –∞—á–∏}
You may provide a definition with
\DeclareUnicodeCharacter 


! Package inputenc Error: Unicode character –∞ (U+0430)
(inputenc)                not set up for use with LaTeX.

See the inputenc package documentation for explanation.
Type  H <return>  for immediate help.
 ...                                              
                                                  
l.1 \section{–ü–æ—Å—Ç–∞–Ω–æ–≤–∫–∞ –∑–∞–¥–∞
                                          —á–∏}
You may provide a definition with
\DeclareUnicodeCharacter 


! Package inputenc Error: Unicode character —á (U+0447)
(inputenc)                not set up for use with LaTeX.

See the inputenc package documentation for explanation.
Type  H <return>  for immediate help.
 ...                                              
                                                  
l.1 \section{–ü–æ—Å—Ç–∞–Ω–æ–≤–∫–∞ –∑–∞–¥–∞—á
                                            –∏}
You may provide a definition with
\DeclareUnicodeCharacter 


! Package inputenc Error: Unicode character –∏ (U+0438)
(inputenc)                not set up for use with LaTeX.

See the inputenc package documentation for explanation.
Type  H <return>  for immediate help.
 ...                                              
                                                  
l.1 \section{–ü–æ—Å—Ç–∞–Ω–æ–≤–∫–∞ –∑–∞–¥–∞—á–∏
                                              }
You may provide a definition with
\DeclareUnicodeCharacter 


! Package inputenc Error: Unicode character –ó (U+0417)
(inputenc)                not set up for use with LaTeX.

See the inputenc package documentation for explanation.
Type  H <return>  for immediate help.
 ...                                              
                                                  
l.3 –ó
      –¥–µ—Å—å –Ω–∞–¥–æ –º–∞–∫—Å–∏–º–∞–ª—å–Ω–æ —Ñ–æ—Ä–º–∞–ª—å–Ω–æ –æ–ø–∏—Å–∞...

You may provide a definition with
\DeclareUnicodeCharacter 


! Package inputenc Error: Unicode character –¥ (U+0434)
(inputenc)                not set up for use with LaTeX.

See the inputenc package documentation for explanation.
Type  H <return>  for immediate help.
 ...                                              
                                                  
l.3 –ó–¥
        –µ—Å—å –Ω–∞–¥–æ –º–∞–∫—Å–∏–º–∞–ª—å–Ω–æ —Ñ–æ—Ä–º–∞–ª—å–Ω–æ –æ–ø–∏—Å–∞...

You may provide a definition with
\DeclareUnicodeCharacter 


! Package inputenc Error: Unicode character –µ (U+0435)
(inputenc)                not set up for use with LaTeX.

See the inputenc package documentation for explanation.
Type  H <return>  for immediate help.
 ...                                              
                                                  
l.3 –ó–¥–µ
          —Å—å –Ω–∞–¥–æ –º–∞–∫—Å–∏–º–∞–ª—å–Ω–æ —Ñ–æ—Ä–º–∞–ª—å–Ω–æ –æ–ø–∏—Å–∞...

You may provide a definition with
\DeclareUnicodeCharacter 


! Package inputenc Error: Unicode character —Å (U+0441)
(inputenc)                not set up for use with LaTeX.

See the inputenc package documentation for explanation.
Type  H <return>  for immediate help.
 ...                                              
                                                  
l.3 –ó–¥–µ—Å
            —å –Ω–∞–¥–æ –º–∞–∫—Å–∏–º–∞–ª—å–Ω–æ —Ñ–æ—Ä–º–∞–ª—å–Ω–æ –æ–ø–∏—Å–∞...

You may provide a definition with
\DeclareUnicodeCharacter 


! Package inputenc Error: Unicode character —å (U+044C)
(inputenc)                not set up for use with LaTeX.

See the inputenc package documentation for explanation.
Type  H <return>  for immediate help.
 ...                                              
                                                  
l.3 –ó–¥–µ—Å—å
               –Ω–∞–¥–æ –º–∞–∫—Å–∏–º–∞–ª—å–Ω–æ —Ñ–æ—Ä–º–∞–ª—å–Ω–æ –æ–ø–∏—Å–∞...

You may provide a definition with
\DeclareUnicodeCharacter 


! Package inputenc Error: Unicode character –Ω (U+043D)
(inputenc)                not set up for use with LaTeX.

See the inputenc package documentation for explanation.
Type  H <return>  for immediate help.
 ...                                              
                                                  
l.3 –ó–¥–µ—Å—å –Ω
                 –∞–¥–æ –º–∞–∫—Å–∏–º–∞–ª—å–Ω–æ —Ñ–æ—Ä–º–∞–ª—å–Ω–æ –æ–ø–∏—Å–∞...

You may provide a definition with
\DeclareUnicodeCharacter 


! Package inputenc Error: Unicode character –∞ (U+0430)
(inputenc)                not set up for use with LaTeX.

See the inputenc package documentation for explanation.
Type  H <return>  for immediate help.
 ...                                              
                                                  
l.3 –ó–¥–µ—Å—å –Ω–∞
                   –¥–æ –º–∞–∫—Å–∏–º–∞–ª—å–Ω–æ —Ñ–æ—Ä–º–∞–ª—å–Ω–æ –æ–ø–∏—Å–∞...

You may provide a definition with
\DeclareUnicodeCharacter 


! Package inputenc Error: Unicode character –¥ (U+0434)
(inputenc)                not set up for use with LaTeX.

See the inputenc package documentation for explanation.
Type  H <return>  for immediate help.
 ...                                              
                                                  
l.3 –ó–¥–µ—Å—å –Ω–∞–¥
                     –æ –º–∞–∫—Å–∏–º–∞–ª—å–Ω–æ —Ñ–æ—Ä–º–∞–ª—å–Ω–æ –æ–ø–∏—Å–∞...

You may provide a definition with
\DeclareUnicodeCharacter 


! Package inputenc Error: Unicode character –æ (U+043E)
(inputenc)                not set up for use with LaTeX.

See the inputenc package documentation for explanation.
Type  H <return>  for immediate help.
 ...                                              
                                                  
l.3 –ó–¥–µ—Å—å –Ω–∞–¥–æ
                        –º–∞–∫—Å–∏–º–∞–ª—å–Ω–æ —Ñ–æ—Ä–º–∞–ª—å–Ω–æ –æ–ø–∏—Å–∞...

You may provide a definition with
\DeclareUnicodeCharacter 


! Package inputenc Error: Unicode character –º (U+043C)
(inputenc)                not set up for use with LaTeX.

See the inputenc package documentation for explanation.
Type  H <return>  for immediate help.
 ...                                              
                                                  
l.3 –ó–¥–µ—Å—å –Ω–∞–¥–æ –º
                          –∞–∫—Å–∏–º–∞–ª—å–Ω–æ —Ñ–æ—Ä–º–∞–ª—å–Ω–æ –æ–ø–∏—Å–∞...

You may provide a definition with
\DeclareUnicodeCharacter 


! Package inputenc Error: Unicode character –∞ (U+0430)
(inputenc)                not set up for use with LaTeX.

See the inputenc package documentation for explanation.
Type  H <return>  for immediate help.
 ...                                              
                                                  
l.3 –ó–¥–µ—Å—å –Ω–∞–¥–æ –º–∞
                            –∫—Å–∏–º–∞–ª—å–Ω–æ —Ñ–æ—Ä–º–∞–ª—å–Ω–æ –æ–ø–∏—Å–∞...

You may provide a definition with
\DeclareUnicodeCharacter 


! Package inputenc Error: Unicode character –∫ (U+043A)
(inputenc)                not set up for use with LaTeX.

See the inputenc package documentation for explanation.
Type  H <return>  for immediate help.
 ...                                              
                                                  
l.3 –ó–¥–µ—Å—å –Ω–∞–¥–æ –º–∞–∫
                              —Å–∏–º–∞–ª—å–Ω–æ —Ñ–æ—Ä–º–∞–ª—å–Ω–æ –æ–ø–∏—Å–∞...

You may provide a definition with
\DeclareUnicodeCharacter 


! Package inputenc Error: Unicode character —Å (U+0441)
(inputenc)                not set up for use with LaTeX.

See the inputenc package documentation for explanation.
Type  H <return>  for immediate help.
 ...                                              
                                                  
l.3 –ó–¥–µ—Å—å –Ω–∞–¥–æ –º–∞–∫—Å
                                –∏–º–∞–ª—å–Ω–æ —Ñ–æ—Ä–º–∞–ª—å–Ω–æ –æ–ø–∏—Å–∞...

You may provide a definition with
\DeclareUnicodeCharacter 


! Package inputenc Error: Unicode character –∏ (U+0438)
(inputenc)                not set up for use with LaTeX.

See the inputenc package documentation for explanation.
Type  H <return>  for immediate help.
 ...                                              
                                                  
l.3 –ó–¥–µ—Å—å –Ω–∞–¥–æ –º–∞–∫—Å–∏
                                  –º–∞–ª—å–Ω–æ —Ñ–æ—Ä–º–∞–ª—å–Ω–æ –æ–ø–∏—Å–∞...

You may provide a definition with
\DeclareUnicodeCharacter 


! Package inputenc Error: Unicode character –º (U+043C)
(inputenc)                not set up for use with LaTeX.

See the inputenc package documentation for explanation.
Type  H <return>  for immediate help.
 ...                                              
                                                  
l.3 –ó–¥–µ—Å—å –Ω–∞–¥–æ –º–∞–∫—Å–∏–º
                                    –∞–ª—å–Ω–æ —Ñ–æ—Ä–º–∞–ª—å–Ω–æ –æ–ø–∏—Å–∞...

You may provide a definition with
\DeclareUnicodeCharacter 


! Package inputenc Error: Unicode character –∞ (U+0430)
(inputenc)                not set up for use with LaTeX.

See the inputenc package documentation for explanation.
Type  H <return>  for immediate help.
 ...                                              
                                                  
l.3 –ó–¥–µ—Å—å –Ω–∞–¥–æ –º–∞–∫—Å–∏–º–∞
                                      –ª—å–Ω–æ —Ñ–æ—Ä–º–∞–ª—å–Ω–æ –æ–ø–∏—Å–∞...

You may provide a definition with
\DeclareUnicodeCharacter 


! Package inputenc Error: Unicode character –ª (U+043B)
(inputenc)                not set up for use with LaTeX.

See the inputenc package documentation for explanation.
Type  H <return>  for immediate help.
 ...                                              
                                                  
l.3 –ó–¥–µ—Å—å –Ω–∞–¥–æ –º–∞–∫—Å–∏–º–∞–ª
                                        —å–Ω–æ —Ñ–æ—Ä–º–∞–ª—å–Ω–æ –æ–ø–∏—Å–∞...

You may provide a definition with
\DeclareUnicodeCharacter 


! Package inputenc Error: Unicode character —å (U+044C)
(inputenc)                not set up for use with LaTeX.

See the inputenc package documentation for explanation.
Type  H <return>  for immediate help.
 ...                                              
                                                  
l.3 –ó–¥–µ—Å—å –Ω–∞–¥–æ –º–∞–∫—Å–∏–º–∞–ª—å
                                          –Ω–æ —Ñ–æ—Ä–º–∞–ª—å–Ω–æ –æ–ø–∏—Å–∞...

You may provide a definition with
\DeclareUnicodeCharacter 


! Package inputenc Error: Unicode character –Ω (U+043D)
(inputenc)                not set up for use with LaTeX.

See the inputenc package documentation for explanation.
Type  H <return>  for immediate help.
 ...                                              
                                                  
l.3 –ó–¥–µ—Å—å –Ω–∞–¥–æ –º–∞–∫—Å–∏–º–∞–ª—å–Ω
                                            –æ —Ñ–æ—Ä–º–∞–ª—å–Ω–æ –æ–ø–∏—Å–∞...

You may provide a definition with
\DeclareUnicodeCharacter 


! Package inputenc Error: Unicode character –æ (U+043E)
(inputenc)                not set up for use with LaTeX.

See the inputenc package documentation for explanation.
Type  H <return>  for immediate help.
 ...                                              
                                                  
l.3 –ó–¥–µ—Å—å –Ω–∞–¥–æ –º–∞–∫—Å–∏–º–∞–ª—å–Ω–æ
                                               —Ñ–æ—Ä–º–∞–ª—å–Ω–æ –æ–ø–∏—Å–∞...

You may provide a definition with
\DeclareUnicodeCharacter 


! Package inputenc Error: Unicode character —Ñ (U+0444)
(inputenc)                not set up for use with LaTeX.

See the inputenc package documentation for explanation.
Type  H <return>  for immediate help.
 ...                                              
                                                  
l.3 –ó–¥–µ—Å—å –Ω–∞–¥–æ –º–∞–∫—Å–∏–º–∞–ª—å–Ω–æ —Ñ
                                                 –æ—Ä–º–∞–ª—å–Ω–æ –æ–ø–∏—Å–∞...

You may provide a definition with
\DeclareUnicodeCharacter 


! Package inputenc Error: Unicode character –æ (U+043E)
(inputenc)                not set up for use with LaTeX.

See the inputenc package documentation for explanation.
Type  H <return>  for immediate help.
 ...                                              
                                                  
l.3 ...–µ—Å—å –Ω–∞–¥–æ –º–∞–∫—Å–∏–º–∞–ª—å–Ω–æ —Ñ–æ
                                                  —Ä–º–∞–ª—å–Ω–æ –æ–ø–∏—Å–∞—...

You may provide a definition with
\DeclareUnicodeCharacter 


! Package inputenc Error: Unicode character —Ä (U+0440)
(inputenc)                not set up for use with LaTeX.

See the inputenc package documentation for explanation.
Type  H <return>  for immediate help.
 ...                                              
                                                  
l.3 ...—Å—å –Ω–∞–¥–æ –º–∞–∫—Å–∏–º–∞–ª—å–Ω–æ —Ñ–æ—Ä
                                                  –º–∞–ª—å–Ω–æ –æ–ø–∏—Å–∞—Ç—...

You may provide a definition with
\DeclareUnicodeCharacter 


! Package inputenc Error: Unicode character –º (U+043C)
(inputenc)                not set up for use with LaTeX.

See the inputenc package documentation for explanation.
Type  H <return>  for immediate help.
 ...                                              
                                                  
l.3 ...—å –Ω–∞–¥–æ –º–∞–∫—Å–∏–º–∞–ª—å–Ω–æ —Ñ–æ—Ä–º
                                                  –∞–ª—å–Ω–æ –æ–ø–∏—Å–∞—Ç—å ...

You may provide a definition with
\DeclareUnicodeCharacter 


! Package inputenc Error: Unicode character –∞ (U+0430)
(inputenc)                not set up for use with LaTeX.

See the inputenc package documentation for explanation.
Type  H <return>  for immediate help.
 ...                                              
                                                  
l.3 ... –Ω–∞–¥–æ –º–∞–∫—Å–∏–º–∞–ª—å–Ω–æ —Ñ–æ—Ä–º–∞
                                                  –ª—å–Ω–æ –æ–ø–∏—Å–∞—Ç—å —Å...

You may provide a definition with
\DeclareUnicodeCharacter 


! Package inputenc Error: Unicode character –ª (U+043B)
(inputenc)                not set up for use with LaTeX.

See the inputenc package documentation for explanation.
Type  H <return>  for immediate help.
 ...                                              
                                                  
l.3 ...Ω–∞–¥–æ –º–∞–∫—Å–∏–º–∞–ª—å–Ω–æ —Ñ–æ—Ä–º–∞–ª
                                                  —å–Ω–æ –æ–ø–∏—Å–∞—Ç—å —Å—É...

You may provide a definition with
\DeclareUnicodeCharacter 


! Package inputenc Error: Unicode character —å (U+044C)
(inputenc)                not set up for use with LaTeX.

See the inputenc package documentation for explanation.
Type  H <return>  for immediate help.
 ...                                              
                                                  
l.3 ...∞–¥–æ –º–∞–∫—Å–∏–º–∞–ª—å–Ω–æ —Ñ–æ—Ä–º–∞–ª—å
                                                  –Ω–æ –æ–ø–∏—Å–∞—Ç—å —Å—É—Ç...

You may provide a definition with
\DeclareUnicodeCharacter 


! Package inputenc Error: Unicode character –Ω (U+043D)
(inputenc)                not set up for use with LaTeX.

See the inputenc package documentation for explanation.
Type  H <return>  for immediate help.
 ...                                              
                                                  
l.3 ...¥–æ –º–∞–∫—Å–∏–º–∞–ª—å–Ω–æ —Ñ–æ—Ä–º–∞–ª—å–Ω
                                                  –æ –æ–ø–∏—Å–∞—Ç—å —Å—É—Ç—å...

You may provide a definition with
\DeclareUnicodeCharacter 


! Package inputenc Error: Unicode character –æ (U+043E)
(inputenc)                not set up for use with LaTeX.

See the inputenc package documentation for explanation.
Type  H <return>  for immediate help.
 ...                                              
                                                  
l.3 ...æ –º–∞–∫—Å–∏–º–∞–ª—å–Ω–æ —Ñ–æ—Ä–º–∞–ª—å–Ω–æ
                                                   –æ–ø–∏—Å–∞—Ç—å —Å—É—Ç—å –...

You may provide a definition with
\DeclareUnicodeCharacter 


! Package inputenc Error: Unicode character –æ (U+043E)
(inputenc)                not set up for use with LaTeX.

See the inputenc package documentation for explanation.
Type  H <return>  for immediate help.
 ...                                              
                                                  
l.3 ...º–∞–∫—Å–∏–º–∞–ª—å–Ω–æ —Ñ–æ—Ä–º–∞–ª—å–Ω–æ –æ
                                                  –ø–∏—Å–∞—Ç—å —Å—É—Ç—å –∑–∞...

You may provide a definition with
\DeclareUnicodeCharacter 


! Package inputenc Error: Unicode character –ø (U+043F)
(inputenc)                not set up for use with LaTeX.

See the inputenc package documentation for explanation.
Type  H <return>  for immediate help.
 ...                                              
                                                  
l.3 ...∞–∫—Å–∏–º–∞–ª—å–Ω–æ —Ñ–æ—Ä–º–∞–ª—å–Ω–æ –æ–ø
                                                  –∏—Å–∞—Ç—å —Å—É—Ç—å –∑–∞–¥...

You may provide a definition with
\DeclareUnicodeCharacter 


! Package inputenc Error: Unicode character –∏ (U+0438)
(inputenc)                not set up for use with LaTeX.

See the inputenc package documentation for explanation.
Type  H <return>  for immediate help.
 ...                                              
                                                  
l.3 ...∫—Å–∏–º–∞–ª—å–Ω–æ —Ñ–æ—Ä–º–∞–ª—å–Ω–æ –æ–ø–∏
                                                  —Å–∞—Ç—å —Å—É—Ç—å –∑–∞–¥–∞...

You may provide a definition with
\DeclareUnicodeCharacter 


! Package inputenc Error: Unicode character —Å (U+0441)
(inputenc)                not set up for use with LaTeX.

See the inputenc package documentation for explanation.
Type  H <return>  for immediate help.
 ...                                              
                                                  
l.3 ...Å–∏–º–∞–ª—å–Ω–æ —Ñ–æ—Ä–º–∞–ª—å–Ω–æ –æ–ø–∏—Å
                                                  –∞—Ç—å —Å—É—Ç—å –∑–∞–¥–∞—á...

You may provide a definition with
\DeclareUnicodeCharacter 


! Package inputenc Error: Unicode character –∞ (U+0430)
(inputenc)                not set up for use with LaTeX.

See the inputenc package documentation for explanation.
Type  H <return>  for immediate help.
 ...                                              
                                                  
l.3 ...∏–º–∞–ª—å–Ω–æ —Ñ–æ—Ä–º–∞–ª—å–Ω–æ –æ–ø–∏—Å–∞
                                                  —Ç—å —Å—É—Ç—å –∑–∞–¥–∞—á–∏...

You may provide a definition with
\DeclareUnicodeCharacter 


! Package inputenc Error: Unicode character —Ç (U+0442)
(inputenc)                not set up for use with LaTeX.

See the inputenc package documentation for explanation.
Type  H <return>  for immediate help.
 ...                                              
                                                  
l.3 ...º–∞–ª—å–Ω–æ —Ñ–æ—Ä–º–∞–ª—å–Ω–æ –æ–ø–∏—Å–∞—Ç
                                                  —å —Å—É—Ç—å –∑–∞–¥–∞—á–∏, ...

You may provide a definition with
\DeclareUnicodeCharacter 


! Package inputenc Error: Unicode character —å (U+044C)
(inputenc)                not set up for use with LaTeX.

See the inputenc package documentation for explanation.
Type  H <return>  for immediate help.
 ...                                              
                                                  
l.3 ...∞–ª—å–Ω–æ —Ñ–æ—Ä–º–∞–ª—å–Ω–æ –æ–ø–∏—Å–∞—Ç—å
                                                   —Å—É—Ç—å –∑–∞–¥–∞—á–∏, –∫...

You may provide a definition with
\DeclareUnicodeCharacter 


! Package inputenc Error: Unicode character —Å (U+0441)
(inputenc)                not set up for use with LaTeX.

See the inputenc package documentation for explanation.
Type  H <return>  for immediate help.
 ...                                              
                                                  
l.3 ...—å–Ω–æ —Ñ–æ—Ä–º–∞–ª—å–Ω–æ –æ–ø–∏—Å–∞—Ç—å —Å
                                                  —É—Ç—å –∑–∞–¥–∞—á–∏, –∫–æ—...

You may provide a definition with
\DeclareUnicodeCharacter 


! Package inputenc Error: Unicode character —É (U+0443)
(inputenc)                not set up for use with LaTeX.

See the inputenc package documentation for explanation.
Type  H <return>  for immediate help.
 ...                                              
                                                  
l.3 ...–Ω–æ —Ñ–æ—Ä–º–∞–ª—å–Ω–æ –æ–ø–∏—Å–∞—Ç—å —Å—É
                                                  —Ç—å –∑–∞–¥–∞—á–∏, –∫–æ—Ç–...

You may provide a definition with
\DeclareUnicodeCharacter 


! Package inputenc Error: Unicode character —Ç (U+0442)
(inputenc)                not set up for use with LaTeX.

See the inputenc package documentation for explanation.
Type  H <return>  for immediate help.
 ...                                              
                                                  
l.3 ...–æ —Ñ–æ—Ä–º–∞–ª—å–Ω–æ –æ–ø–∏—Å–∞—Ç—å —Å—É—Ç
                                                  —å –∑–∞–¥–∞—á–∏, –∫–æ—Ç–æ—...

You may provide a definition with
\DeclareUnicodeCharacter 


! Package inputenc Error: Unicode character —å (U+044C)
(inputenc)                not set up for use with LaTeX.

See the inputenc package documentation for explanation.
Type  H <return>  for immediate help.
 ...                                              
                                                  
l.3 ... —Ñ–æ—Ä–º–∞–ª—å–Ω–æ –æ–ø–∏—Å–∞—Ç—å —Å—É—Ç—å
                                                   –∑–∞–¥–∞—á–∏, –∫–æ—Ç–æ—Ä—...

You may provide a definition with
\DeclareUnicodeCharacter 


! Package inputenc Error: Unicode character –∑ (U+0437)
(inputenc)                not set up for use with LaTeX.

See the inputenc package documentation for explanation.
Type  H <return>  for immediate help.
 ...                                              
                                                  
l.3 ...–æ—Ä–º–∞–ª—å–Ω–æ –æ–ø–∏—Å–∞—Ç—å —Å—É—Ç—å –∑
                                                  –∞–¥–∞—á–∏, –∫–æ—Ç–æ—Ä—É—é...

You may provide a definition with
\DeclareUnicodeCharacter 


! Package inputenc Error: Unicode character –∞ (U+0430)
(inputenc)                not set up for use with LaTeX.

See the inputenc package documentation for explanation.
Type  H <return>  for immediate help.
 ...                                              
                                                  
l.3 ...—Ä–º–∞–ª—å–Ω–æ –æ–ø–∏—Å–∞—Ç—å —Å—É—Ç—å –∑–∞
                                                  –¥–∞—á–∏, –∫–æ—Ç–æ—Ä—É—é –...

You may provide a definition with
\DeclareUnicodeCharacter 


! Package inputenc Error: Unicode character –¥ (U+0434)
(inputenc)                not set up for use with LaTeX.

See the inputenc package documentation for explanation.
Type  H <return>  for immediate help.
 ...                                              
                                                  
l.3 ...–º–∞–ª—å–Ω–æ –æ–ø–∏—Å–∞—Ç—å —Å—É—Ç—å –∑–∞–¥
                                                  –∞—á–∏, –∫–æ—Ç–æ—Ä—É—é –ø–...

You may provide a definition with
\DeclareUnicodeCharacter 


! Package inputenc Error: Unicode character –∞ (U+0430)
(inputenc)                not set up for use with LaTeX.

See the inputenc package documentation for explanation.
Type  H <return>  for immediate help.
 ...                                              
                                                  
l.3 ...–∞–ª—å–Ω–æ –æ–ø–∏—Å–∞—Ç—å —Å—É—Ç—å –∑–∞–¥–∞
                                                  —á–∏, –∫–æ—Ç–æ—Ä—É—é –ø–æ—...

You may provide a definition with
\DeclareUnicodeCharacter 


! Package inputenc Error: Unicode character —á (U+0447)
(inputenc)                not set up for use with LaTeX.

See the inputenc package documentation for explanation.
Type  H <return>  for immediate help.
 ...                                              
                                                  
l.3 ...–ª—å–Ω–æ –æ–ø–∏—Å–∞—Ç—å —Å—É—Ç—å –∑–∞–¥–∞—á
                                                  –∏, –∫–æ—Ç–æ—Ä—É—é –ø–æ—Ç—...

You may provide a definition with
\DeclareUnicodeCharacter 


! Package inputenc Error: Unicode character –∏ (U+0438)
(inputenc)                not set up for use with LaTeX.

See the inputenc package documentation for explanation.
Type  H <return>  for immediate help.
 ...                                              
                                                  
l.3 ...—å–Ω–æ –æ–ø–∏—Å–∞—Ç—å —Å—É—Ç—å –∑–∞–¥–∞—á–∏
                                                  , –∫–æ—Ç–æ—Ä—É—é –ø–æ—Ç—Ä–...

You may provide a definition with
\DeclareUnicodeCharacter 


! LaTeX Error: Missing \begin{document}.

See the LaTeX manual or LaTeX Companion for explanation.
Type  H <return>  for immediate help.
 ...                                              
                                                  
l.3 ...å–Ω–æ –æ–ø–∏—Å–∞—Ç—å —Å—É—Ç—å –∑–∞–¥–∞—á–∏,
                                                   –∫–æ—Ç–æ—Ä—É—é –ø–æ—Ç—Ä–µ...

You're in trouble here.  Try typing  <return>  to proceed.
If that doesn't work, type  X <return>  to quit.

Missing character: There is no , in font nullfont!

! Package inputenc Error: Unicode character –∫ (U+043A)
(inputenc)                not set up for use with LaTeX.

See the inputenc package documentation for explanation.
Type  H <return>  for immediate help.
 ...                                              
                                                  
l.3 ...–æ –æ–ø–∏—Å–∞—Ç—å —Å—É—Ç—å –∑–∞–¥–∞—á–∏, –∫
                                                  –æ—Ç–æ—Ä—É—é –ø–æ—Ç—Ä–µ–±—...

You may provide a definition with
\DeclareUnicodeCharacter 


! Package inputenc Error: Unicode character –æ (U+043E)
(inputenc)                not set up for use with LaTeX.

See the inputenc package documentation for explanation.
Type  H <return>  for immediate help.
 ...                                              
                                                  
l.3 ... –æ–ø–∏—Å–∞—Ç—å —Å—É—Ç—å –∑–∞–¥–∞—á–∏, –∫–æ
                                                  —Ç–æ—Ä—É—é –ø–æ—Ç—Ä–µ–±—É–...

You may provide a definition with
\DeclareUnicodeCharacter 


! Package inputenc Error: Unicode character —Ç (U+0442)
(inputenc)                not set up for use with LaTeX.

See the inputenc package documentation for explanation.
Type  H <return>  for immediate help.
 ...                                              
                                                  
l.3 ...æ–ø–∏—Å–∞—Ç—å —Å—É—Ç—å –∑–∞–¥–∞—á–∏, –∫–æ—Ç
                                                  –æ—Ä—É—é –ø–æ—Ç—Ä–µ–±—É–µ—...

You may provide a definition with
\DeclareUnicodeCharacter 


! Package inputenc Error: Unicode character –æ (U+043E)
(inputenc)                not set up for use with LaTeX.

See the inputenc package documentation for explanation.
Type  H <return>  for immediate help.
 ...                                              
                                                  
l.3 ...ø–∏—Å–∞—Ç—å —Å—É—Ç—å –∑–∞–¥–∞—á–∏, –∫–æ—Ç–æ
                                                  —Ä—É—é –ø–æ—Ç—Ä–µ–±—É–µ—Ç—...

You may provide a definition with
\DeclareUnicodeCharacter 


! Package inputenc Error: Unicode character —Ä (U+0440)
(inputenc)                not set up for use with LaTeX.

See the inputenc package documentation for explanation.
Type  H <return>  for immediate help.
 ...                                              
                                                  
l.3 ...∏—Å–∞—Ç—å —Å—É—Ç—å –∑–∞–¥–∞—á–∏, –∫–æ—Ç–æ—Ä
                                                  —É—é –ø–æ—Ç—Ä–µ–±—É–µ—Ç—Å—...

You may provide a definition with
\DeclareUnicodeCharacter 


! Package inputenc Error: Unicode character —É (U+0443)
(inputenc)                not set up for use with LaTeX.

See the inputenc package documentation for explanation.
Type  H <return>  for immediate help.
 ...                                              
                                                  
l.3 ...Å–∞—Ç—å —Å—É—Ç—å –∑–∞–¥–∞—á–∏, –∫–æ—Ç–æ—Ä—É
                                                  —é –ø–æ—Ç—Ä–µ–±—É–µ—Ç—Å—è ...

You may provide a definition with
\DeclareUnicodeCharacter 


! Package inputenc Error: Unicode character —é (U+044E)
(inputenc)                not set up for use with LaTeX.

See the inputenc package documentation for explanation.
Type  H <return>  for immediate help.
 ...                                              
                                                  
l.3 ...∞—Ç—å —Å—É—Ç—å –∑–∞–¥–∞—á–∏, –∫–æ—Ç–æ—Ä—É—é
                                                   –ø–æ—Ç—Ä–µ–±—É–µ—Ç—Å—è —Ä...

You may provide a definition with
\DeclareUnicodeCharacter 


! Package inputenc Error: Unicode character –ø (U+043F)
(inputenc)                not set up for use with LaTeX.

See the inputenc package documentation for explanation.
Type  H <return>  for immediate help.
 ...                                              
                                                  
l.3 ...—å —Å—É—Ç—å –∑–∞–¥–∞—á–∏, –∫–æ—Ç–æ—Ä—É—é –ø
                                                  –æ—Ç—Ä–µ–±—É–µ—Ç—Å—è —Ä–µ—...

You may provide a definition with
\DeclareUnicodeCharacter 


! Package inputenc Error: Unicode character –æ (U+043E)
(inputenc)                not set up for use with LaTeX.

See the inputenc package documentation for explanation.
Type  H <return>  for immediate help.
 ...                                              
                                                  
l.3 ... —Å—É—Ç—å –∑–∞–¥–∞—á–∏, –∫–æ—Ç–æ—Ä—É—é –ø–æ
                                                  —Ç—Ä–µ–±—É–µ—Ç—Å—è —Ä–µ—à–...

You may provide a definition with
\DeclareUnicodeCharacter 


! Package inputenc Error: Unicode character —Ç (U+0442)
(inputenc)                not set up for use with LaTeX.

See the inputenc package documentation for explanation.
Type  H <return>  for immediate help.
 ...                                              
                                                  
l.3 ...Å—É—Ç—å –∑–∞–¥–∞—á–∏, –∫–æ—Ç–æ—Ä—É—é –ø–æ—Ç
                                                  —Ä–µ–±—É–µ—Ç—Å—è —Ä–µ—à–∏—...

You may provide a definition with
\DeclareUnicodeCharacter 


! Package inputenc Error: Unicode character —Ä (U+0440)
(inputenc)                not set up for use with LaTeX.

See the inputenc package documentation for explanation.
Type  H <return>  for immediate help.
 ...                                              
                                                  
l.3 ...É—Ç—å –∑–∞–¥–∞—á–∏, –∫–æ—Ç–æ—Ä—É—é –ø–æ—Ç—Ä
                                                  –µ–±—É–µ—Ç—Å—è —Ä–µ—à–∏—Ç—...

You may provide a definition with
\DeclareUnicodeCharacter 


! Package inputenc Error: Unicode character –µ (U+0435)
(inputenc)                not set up for use with LaTeX.

See the inputenc package documentation for explanation.
Type  H <return>  for immediate help.
 ...                                              
                                                  
l.3 ...Ç—å –∑–∞–¥–∞—á–∏, –∫–æ—Ç–æ—Ä—É—é –ø–æ—Ç—Ä–µ
                                                  –±—É–µ—Ç—Å—è —Ä–µ—à–∏—Ç—å,...

You may provide a definition with
\DeclareUnicodeCharacter 


! Package inputenc Error: Unicode character –± (U+0431)
(inputenc)                not set up for use with LaTeX.

See the inputenc package documentation for explanation.
Type  H <return>  for immediate help.
 ...                                              
                                                  
l.3 ...å –∑–∞–¥–∞—á–∏, –∫–æ—Ç–æ—Ä—É—é –ø–æ—Ç—Ä–µ–±
                                                  —É–µ—Ç—Å—è —Ä–µ—à–∏—Ç—å, —...

You may provide a definition with
\DeclareUnicodeCharacter 


! Package inputenc Error: Unicode character —É (U+0443)
(inputenc)                not set up for use with LaTeX.

See the inputenc package documentation for explanation.
Type  H <return>  for immediate help.
 ...                                              
                                                  
l.3 ...–∑–∞–¥–∞—á–∏, –∫–æ—Ç–æ—Ä—É—é –ø–æ—Ç—Ä–µ–±—É
                                                  –µ—Ç—Å—è —Ä–µ—à–∏—Ç—å, —Ç–...

You may provide a definition with
\DeclareUnicodeCharacter 


! Package inputenc Error: Unicode character –µ (U+0435)
(inputenc)                not set up for use with LaTeX.

See the inputenc package documentation for explanation.
Type  H <return>  for immediate help.
 ...                                              
                                                  
l.3 ...–∞–¥–∞—á–∏, –∫–æ—Ç–æ—Ä—É—é –ø–æ—Ç—Ä–µ–±—É–µ
                                                  —Ç—Å—è —Ä–µ—à–∏—Ç—å, —Ç–∞–...

You may provide a definition with
\DeclareUnicodeCharacter 


! Package inputenc Error: Unicode character —Ç (U+0442)
(inputenc)                not set up for use with LaTeX.

See the inputenc package documentation for explanation.
Type  H <return>  for immediate help.
 ...                                              
                                                  
l.3 ...–¥–∞—á–∏, –∫–æ—Ç–æ—Ä—É—é –ø–æ—Ç—Ä–µ–±—É–µ—Ç
                                                  —Å—è —Ä–µ—à–∏—Ç—å, —Ç–∞–∫,...

You may provide a definition with
\DeclareUnicodeCharacter 


! Package inputenc Error: Unicode character —Å (U+0441)
(inputenc)                not set up for use with LaTeX.

See the inputenc package documentation for explanation.
Type  H <return>  for immediate help.
 ...                                              
                                                  
l.3 ...–∞—á–∏, –∫–æ—Ç–æ—Ä—É—é –ø–æ—Ç—Ä–µ–±—É–µ—Ç—Å
                                                  —è —Ä–µ—à–∏—Ç—å, —Ç–∞–∫, —...

You may provide a definition with
\DeclareUnicodeCharacter 


! Package inputenc Error: Unicode character —è (U+044F)
(inputenc)                not set up for use with LaTeX.

See the inputenc package documentation for explanation.
Type  H <return>  for immediate help.
 ...                                              
                                                  
l.3 ...—á–∏, –∫–æ—Ç–æ—Ä—É—é –ø–æ—Ç—Ä–µ–±—É–µ—Ç—Å—è
                                                   —Ä–µ—à–∏—Ç—å, —Ç–∞–∫, —á—...

You may provide a definition with
\DeclareUnicodeCharacter 


! Package inputenc Error: Unicode character —Ä (U+0440)
(inputenc)                not set up for use with LaTeX.

See the inputenc package documentation for explanation.
Type  H <return>  for immediate help.
 ...                                              
                                                  
l.3 ...∏, –∫–æ—Ç–æ—Ä—É—é –ø–æ—Ç—Ä–µ–±—É–µ—Ç—Å—è —Ä
                                                  –µ—à–∏—Ç—å, —Ç–∞–∫, —á—Ç–æ...

You may provide a definition with
\DeclareUnicodeCharacter 


! Package inputenc Error: Unicode character –µ (U+0435)
(inputenc)                not set up for use with LaTeX.

See the inputenc package documentation for explanation.
Type  H <return>  for immediate help.
 ...                                              
                                                  
l.3 ... –∫–æ—Ç–æ—Ä—É—é –ø–æ—Ç—Ä–µ–±—É–µ—Ç—Å—è —Ä–µ
                                                  —à–∏—Ç—å, —Ç–∞–∫, —á—Ç–æ–±...

You may provide a definition with
\DeclareUnicodeCharacter 


! Package inputenc Error: Unicode character —à (U+0448)
(inputenc)                not set up for use with LaTeX.

See the inputenc package documentation for explanation.
Type  H <return>  for immediate help.
 ...                                              
                                                  
l.3 ...∫–æ—Ç–æ—Ä—É—é –ø–æ—Ç—Ä–µ–±—É–µ—Ç—Å—è —Ä–µ—à
                                                  –∏—Ç—å, —Ç–∞–∫, —á—Ç–æ–±—ã...

You may provide a definition with
\DeclareUnicodeCharacter 


! Package inputenc Error: Unicode character –∏ (U+0438)
(inputenc)                not set up for use with LaTeX.

See the inputenc package documentation for explanation.
Type  H <return>  for immediate help.
 ...                                              
                                                  
l.3 ...æ—Ç–æ—Ä—É—é –ø–æ—Ç—Ä–µ–±—É–µ—Ç—Å—è —Ä–µ—à–∏
                                                  —Ç—å, —Ç–∞–∫, —á—Ç–æ–±—ã –...

You may provide a definition with
\DeclareUnicodeCharacter 


! Package inputenc Error: Unicode character —Ç (U+0442)
(inputenc)                not set up for use with LaTeX.

See the inputenc package documentation for explanation.
Type  H <return>  for immediate help.
 ...                                              
                                                  
l.3 ...Ç–æ—Ä—É—é –ø–æ—Ç—Ä–µ–±—É–µ—Ç—Å—è —Ä–µ—à–∏—Ç
                                                  —å, —Ç–∞–∫, —á—Ç–æ–±—ã –º–...

You may provide a definition with
\DeclareUnicodeCharacter 


! Package inputenc Error: Unicode character —å (U+044C)
(inputenc)                not set up for use with LaTeX.

See the inputenc package documentation for explanation.
Type  H <return>  for immediate help.
 ...                                              
                                                  
l.3 ...æ—Ä—É—é –ø–æ—Ç—Ä–µ–±—É–µ—Ç—Å—è —Ä–µ—à–∏—Ç—å
                                                  , —Ç–∞–∫, —á—Ç–æ–±—ã –º–æ–...

You may provide a definition with
\DeclareUnicodeCharacter 

Missing character: There is no , in font nullfont!

! Package inputenc Error: Unicode character —Ç (U+0442)
(inputenc)                not set up for use with LaTeX.

See the inputenc package documentation for explanation.
Type  H <return>  for immediate help.
 ...                                              
                                                  
l.3 ...É—é –ø–æ—Ç—Ä–µ–±—É–µ—Ç—Å—è —Ä–µ—à–∏—Ç—å, —Ç
                                                  –∞–∫, —á—Ç–æ–±—ã –º–æ–∂–Ω–...

You may provide a definition with
\DeclareUnicodeCharacter 


! Package inputenc Error: Unicode character –∞ (U+0430)
(inputenc)                not set up for use with LaTeX.

See the inputenc package documentation for explanation.
Type  H <return>  for immediate help.
 ...                                              
                                                  
l.3 ...é –ø–æ—Ç—Ä–µ–±—É–µ—Ç—Å—è —Ä–µ—à–∏—Ç—å, —Ç–∞
                                                  –∫, —á—Ç–æ–±—ã –º–æ–∂–Ω–æ ...

You may provide a definition with
\DeclareUnicodeCharacter 


! Package inputenc Error: Unicode character –∫ (U+043A)
(inputenc)                not set up for use with LaTeX.

See the inputenc package documentation for explanation.
Type  H <return>  for immediate help.
 ...                                              
                                                  
l.3 ...–ø–æ—Ç—Ä–µ–±—É–µ—Ç—Å—è —Ä–µ—à–∏—Ç—å, —Ç–∞–∫
                                                  , —á—Ç–æ–±—ã –º–æ–∂–Ω–æ –±...

You may provide a definition with
\DeclareUnicodeCharacter 

Missing character: There is no , in font nullfont!

! Package inputenc Error: Unicode character —á (U+0447)
(inputenc)                not set up for use with LaTeX.

See the inputenc package documentation for explanation.
Type  H <return>  for immediate help.
 ...                                              
                                                  
l.3 ...—Ç—Ä–µ–±—É–µ—Ç—Å—è —Ä–µ—à–∏—Ç—å, —Ç–∞–∫, —á
                                                  —Ç–æ–±—ã –º–æ–∂–Ω–æ –±—ã–ª...

You may provide a definition with
\DeclareUnicodeCharacter 


! Package inputenc Error: Unicode character —Ç (U+0442)
(inputenc)                not set up for use with LaTeX.

See the inputenc package documentation for explanation.
Type  H <return>  for immediate help.
 ...                                              
                                                  
l.3 ...—Ä–µ–±—É–µ—Ç—Å—è —Ä–µ—à–∏—Ç—å, —Ç–∞–∫, —á—Ç
                                                  –æ–±—ã –º–æ–∂–Ω–æ –±—ã–ª–æ...

You may provide a definition with
\DeclareUnicodeCharacter 


! Package inputenc Error: Unicode character –æ (U+043E)
(inputenc)                not set up for use with LaTeX.

See the inputenc package documentation for explanation.
Type  H <return>  for immediate help.
 ...                                              
                                                  
l.3 ...–µ–±—É–µ—Ç—Å—è —Ä–µ—à–∏—Ç—å, —Ç–∞–∫, —á—Ç–æ
                                                  –±—ã –º–æ–∂–Ω–æ –±—ã–ª–æ –...

You may provide a definition with
\DeclareUnicodeCharacter 


! Package inputenc Error: Unicode character –± (U+0431)
(inputenc)                not set up for use with LaTeX.

See the inputenc package documentation for explanation.
Type  H <return>  for immediate help.
 ...                                              
                                                  
l.3 ...–±—É–µ—Ç—Å—è —Ä–µ—à–∏—Ç—å, —Ç–∞–∫, —á—Ç–æ–±
                                                  —ã –º–æ–∂–Ω–æ –±—ã–ª–æ –ø–...

You may provide a definition with
\DeclareUnicodeCharacter 


! Package inputenc Error: Unicode character —ã (U+044B)
(inputenc)                not set up for use with LaTeX.

See the inputenc package documentation for explanation.
Type  H <return>  for immediate help.
 ...                                              
                                                  
l.3 ...—É–µ—Ç—Å—è —Ä–µ—à–∏—Ç—å, —Ç–∞–∫, —á—Ç–æ–±—ã
                                                   –º–æ–∂–Ω–æ –±—ã–ª–æ –ø–æ—...

You may provide a definition with
\DeclareUnicodeCharacter 


! Package inputenc Error: Unicode character –º (U+043C)
(inputenc)                not set up for use with LaTeX.

See the inputenc package documentation for explanation.
Type  H <return>  for immediate help.
 ...                                              
                                                  
l.3 ...µ—Ç—Å—è —Ä–µ—à–∏—Ç—å, —Ç–∞–∫, —á—Ç–æ–±—ã –º
                                                  –æ–∂–Ω–æ –±—ã–ª–æ –ø–æ—Ç–æ...

You may provide a definition with
\DeclareUnicodeCharacter 


! Package inputenc Error: Unicode character –æ (U+043E)
(inputenc)                not set up for use with LaTeX.

See the inputenc package documentation for explanation.
Type  H <return>  for immediate help.
 ...                                              
                                                  
l.3 ...Ç—Å—è —Ä–µ—à–∏—Ç—å, —Ç–∞–∫, —á—Ç–æ–±—ã –º–æ
                                                  –∂–Ω–æ –±—ã–ª–æ –ø–æ—Ç–æ–º...

You may provide a definition with
\DeclareUnicodeCharacter 


! Package inputenc Error: Unicode character –∂ (U+0436)
(inputenc)                not set up for use with LaTeX.

See the inputenc package documentation for explanation.
Type  H <return>  for immediate help.
 ...                                              
                                                  
l.3 ...Å—è —Ä–µ—à–∏—Ç—å, —Ç–∞–∫, —á—Ç–æ–±—ã –º–æ–∂
                                                  –Ω–æ –±—ã–ª–æ –ø–æ—Ç–æ–º –...

You may provide a definition with
\DeclareUnicodeCharacter 


! Package inputenc Error: Unicode character –Ω (U+043D)
(inputenc)                not set up for use with LaTeX.

See the inputenc package documentation for explanation.
Type  H <return>  for immediate help.
 ...                                              
                                                  
l.3 ...è —Ä–µ—à–∏—Ç—å, —Ç–∞–∫, —á—Ç–æ–±—ã –º–æ–∂–Ω
                                                  –æ –±—ã–ª–æ –ø–æ—Ç–æ–º –ø–...
(That makes 100 errors; please try again.) 
Here is how much of TeX's memory you used:
 44 strings out of 481239
 732 string characters out of 5920378
 236559 words of memory out of 5000000
 15411 multiletter control sequences out of 15000+600000
 532338 words of font info for 24 fonts, out of 8000000 for 9000
 1141 hyphenation exceptions out of 8191
 12i,0n,15p,628b,28s stack positions out of 5000i,500n,10000p,200000b,80000s

!  ==> Fatal error occurred, no output PDF file produced!
