This is pdfTeX, Version 3.14159265-2.6-1.40.20 (TeX Live 2019/Debian) (preloaded format=pdflatex 2022.4.2)  24 JUN 2022 00:58
entering extended mode
 restricted \write18 enabled.
 %&-line parsing enabled.
**Chapter4.tex
(./Chapter4.tex
LaTeX2e <2020-02-02> patch level 2
L3 programming layer <2020-02-14>
! Undefined control sequence.
l.1 \section
            {–ò—Å—Å–ª–µ–¥–æ–≤–∞–Ω–∏–µ –º–æ–¥–µ–ª–µ–π}
The control sequence at the end of the top line
of your error message was never \def'ed. If you have
misspelled it (e.g., `\hobx'), type `I' and the correct
spelling (e.g., `I\hbox'). Otherwise just continue,
and I'll forget about whatever was undefined.


! Package inputenc Error: Unicode character –ò (U+0418)
(inputenc)                not set up for use with LaTeX.

See the inputenc package documentation for explanation.
Type  H <return>  for immediate help.
 ...                                              
                                                  
l.1 \section{–ò
               —Å—Å–ª–µ–¥–æ–≤–∞–Ω–∏–µ –º–æ–¥–µ–ª–µ–π}
You may provide a definition with
\DeclareUnicodeCharacter 


! Package inputenc Error: Unicode character —Å (U+0441)
(inputenc)                not set up for use with LaTeX.

See the inputenc package documentation for explanation.
Type  H <return>  for immediate help.
 ...                                              
                                                  
l.1 \section{–ò—Å
                 —Å–ª–µ–¥–æ–≤–∞–Ω–∏–µ –º–æ–¥–µ–ª–µ–π}
You may provide a definition with
\DeclareUnicodeCharacter 


! Package inputenc Error: Unicode character —Å (U+0441)
(inputenc)                not set up for use with LaTeX.

See the inputenc package documentation for explanation.
Type  H <return>  for immediate help.
 ...                                              
                                                  
l.1 \section{–ò—Å—Å
                   –ª–µ–¥–æ–≤–∞–Ω–∏–µ –º–æ–¥–µ–ª–µ–π}
You may provide a definition with
\DeclareUnicodeCharacter 


! Package inputenc Error: Unicode character –ª (U+043B)
(inputenc)                not set up for use with LaTeX.

See the inputenc package documentation for explanation.
Type  H <return>  for immediate help.
 ...                                              
                                                  
l.1 \section{–ò—Å—Å–ª
                     –µ–¥–æ–≤–∞–Ω–∏–µ –º–æ–¥–µ–ª–µ–π}
You may provide a definition with
\DeclareUnicodeCharacter 


! Package inputenc Error: Unicode character –µ (U+0435)
(inputenc)                not set up for use with LaTeX.

See the inputenc package documentation for explanation.
Type  H <return>  for immediate help.
 ...                                              
                                                  
l.1 \section{–ò—Å—Å–ª–µ
                       –¥–æ–≤–∞–Ω–∏–µ –º–æ–¥–µ–ª–µ–π}
You may provide a definition with
\DeclareUnicodeCharacter 


! Package inputenc Error: Unicode character –¥ (U+0434)
(inputenc)                not set up for use with LaTeX.

See the inputenc package documentation for explanation.
Type  H <return>  for immediate help.
 ...                                              
                                                  
l.1 \section{–ò—Å—Å–ª–µ–¥
                         –æ–≤–∞–Ω–∏–µ –º–æ–¥–µ–ª–µ–π}
You may provide a definition with
\DeclareUnicodeCharacter 


! Package inputenc Error: Unicode character –æ (U+043E)
(inputenc)                not set up for use with LaTeX.

See the inputenc package documentation for explanation.
Type  H <return>  for immediate help.
 ...                                              
                                                  
l.1 \section{–ò—Å—Å–ª–µ–¥–æ
                           –≤–∞–Ω–∏–µ –º–æ–¥–µ–ª–µ–π}
You may provide a definition with
\DeclareUnicodeCharacter 


! Package inputenc Error: Unicode character –≤ (U+0432)
(inputenc)                not set up for use with LaTeX.

See the inputenc package documentation for explanation.
Type  H <return>  for immediate help.
 ...                                              
                                                  
l.1 \section{–ò—Å—Å–ª–µ–¥–æ–≤
                             –∞–Ω–∏–µ –º–æ–¥–µ–ª–µ–π}
You may provide a definition with
\DeclareUnicodeCharacter 


! Package inputenc Error: Unicode character –∞ (U+0430)
(inputenc)                not set up for use with LaTeX.

See the inputenc package documentation for explanation.
Type  H <return>  for immediate help.
 ...                                              
                                                  
l.1 \section{–ò—Å—Å–ª–µ–¥–æ–≤–∞
                               –Ω–∏–µ –º–æ–¥–µ–ª–µ–π}
You may provide a definition with
\DeclareUnicodeCharacter 


! Package inputenc Error: Unicode character –Ω (U+043D)
(inputenc)                not set up for use with LaTeX.

See the inputenc package documentation for explanation.
Type  H <return>  for immediate help.
 ...                                              
                                                  
l.1 \section{–ò—Å—Å–ª–µ–¥–æ–≤–∞–Ω
                                 –∏–µ –º–æ–¥–µ–ª–µ–π}
You may provide a definition with
\DeclareUnicodeCharacter 


! Package inputenc Error: Unicode character –∏ (U+0438)
(inputenc)                not set up for use with LaTeX.

See the inputenc package documentation for explanation.
Type  H <return>  for immediate help.
 ...                                              
                                                  
l.1 \section{–ò—Å—Å–ª–µ–¥–æ–≤–∞–Ω–∏
                                   –µ –º–æ–¥–µ–ª–µ–π}
You may provide a definition with
\DeclareUnicodeCharacter 


! Package inputenc Error: Unicode character –µ (U+0435)
(inputenc)                not set up for use with LaTeX.

See the inputenc package documentation for explanation.
Type  H <return>  for immediate help.
 ...                                              
                                                  
l.1 \section{–ò—Å—Å–ª–µ–¥–æ–≤–∞–Ω–∏–µ
                                      –º–æ–¥–µ–ª–µ–π}
You may provide a definition with
\DeclareUnicodeCharacter 


! Package inputenc Error: Unicode character –º (U+043C)
(inputenc)                not set up for use with LaTeX.

See the inputenc package documentation for explanation.
Type  H <return>  for immediate help.
 ...                                              
                                                  
l.1 \section{–ò—Å—Å–ª–µ–¥–æ–≤–∞–Ω–∏–µ –º
                                        –æ–¥–µ–ª–µ–π}
You may provide a definition with
\DeclareUnicodeCharacter 


! Package inputenc Error: Unicode character –æ (U+043E)
(inputenc)                not set up for use with LaTeX.

See the inputenc package documentation for explanation.
Type  H <return>  for immediate help.
 ...                                              
                                                  
l.1 \section{–ò—Å—Å–ª–µ–¥–æ–≤–∞–Ω–∏–µ –º–æ
                                          –¥–µ–ª–µ–π}
You may provide a definition with
\DeclareUnicodeCharacter 


! Package inputenc Error: Unicode character –¥ (U+0434)
(inputenc)                not set up for use with LaTeX.

See the inputenc package documentation for explanation.
Type  H <return>  for immediate help.
 ...                                              
                                                  
l.1 \section{–ò—Å—Å–ª–µ–¥–æ–≤–∞–Ω–∏–µ –º–æ–¥
                                            –µ–ª–µ–π}
You may provide a definition with
\DeclareUnicodeCharacter 


! Package inputenc Error: Unicode character –µ (U+0435)
(inputenc)                not set up for use with LaTeX.

See the inputenc package documentation for explanation.
Type  H <return>  for immediate help.
 ...                                              
                                                  
l.1 \section{–ò—Å—Å–ª–µ–¥–æ–≤–∞–Ω–∏–µ –º–æ–¥–µ
                                              –ª–µ–π}
You may provide a definition with
\DeclareUnicodeCharacter 


! Package inputenc Error: Unicode character –ª (U+043B)
(inputenc)                not set up for use with LaTeX.

See the inputenc package documentation for explanation.
Type  H <return>  for immediate help.
 ...                                              
                                                  
l.1 \section{–ò—Å—Å–ª–µ–¥–æ–≤–∞–Ω–∏–µ –º–æ–¥–µ–ª
                                                –µ–π}
You may provide a definition with
\DeclareUnicodeCharacter 


! Package inputenc Error: Unicode character –µ (U+0435)
(inputenc)                not set up for use with LaTeX.

See the inputenc package documentation for explanation.
Type  H <return>  for immediate help.
 ...                                              
                                                  
l.1 \section{–ò—Å—Å–ª–µ–¥–æ–≤–∞–Ω–∏–µ –º–æ–¥–µ–ª–µ
                                                  –π}
You may provide a definition with
\DeclareUnicodeCharacter 


! Package inputenc Error: Unicode character –π (U+0439)
(inputenc)                not set up for use with LaTeX.

See the inputenc package documentation for explanation.
Type  H <return>  for immediate help.
 ...                                              
                                                  
l.1 ...ion{–ò—Å—Å–ª–µ–¥–æ–≤–∞–Ω–∏–µ –º–æ–¥–µ–ª–µ–π
                                                  }
You may provide a definition with
\DeclareUnicodeCharacter 


! Package inputenc Error: Unicode character –í (U+0412)
(inputenc)                not set up for use with LaTeX.

See the inputenc package documentation for explanation.
Type  H <return>  for immediate help.
 ...                                              
                                                  
l.4 –í
       –¥–∞–Ω–Ω–æ–π –≥–ª–∞–≤–µ –±—É–¥–µ—Ç –ø—Ä–µ–¥—Å—Ç–∞–≤–ª–µ–Ω–æ –æ–ø–∏—Å–...

You may provide a definition with
\DeclareUnicodeCharacter 


! Package inputenc Error: Unicode character –¥ (U+0434)
(inputenc)                not set up for use with LaTeX.

See the inputenc package documentation for explanation.
Type  H <return>  for immediate help.
 ...                                              
                                                  
l.4 –í –¥
         –∞–Ω–Ω–æ–π –≥–ª–∞–≤–µ –±—É–¥–µ—Ç –ø—Ä–µ–¥—Å—Ç–∞–≤–ª–µ–Ω–æ –æ–ø–∏—Å–...

You may provide a definition with
\DeclareUnicodeCharacter 


! Package inputenc Error: Unicode character –∞ (U+0430)
(inputenc)                not set up for use with LaTeX.

See the inputenc package documentation for explanation.
Type  H <return>  for immediate help.
 ...                                              
                                                  
l.4 –í –¥–∞
           –Ω–Ω–æ–π –≥–ª–∞–≤–µ –±—É–¥–µ—Ç –ø—Ä–µ–¥—Å—Ç–∞–≤–ª–µ–Ω–æ –æ–ø–∏—Å–...

You may provide a definition with
\DeclareUnicodeCharacter 


! Package inputenc Error: Unicode character –Ω (U+043D)
(inputenc)                not set up for use with LaTeX.

See the inputenc package documentation for explanation.
Type  H <return>  for immediate help.
 ...                                              
                                                  
l.4 –í –¥–∞–Ω
             –Ω–æ–π –≥–ª–∞–≤–µ –±—É–¥–µ—Ç –ø—Ä–µ–¥—Å—Ç–∞–≤–ª–µ–Ω–æ –æ–ø–∏—Å–...

You may provide a definition with
\DeclareUnicodeCharacter 


! Package inputenc Error: Unicode character –Ω (U+043D)
(inputenc)                not set up for use with LaTeX.

See the inputenc package documentation for explanation.
Type  H <return>  for immediate help.
 ...                                              
                                                  
l.4 –í –¥–∞–Ω–Ω
               –æ–π –≥–ª–∞–≤–µ –±—É–¥–µ—Ç –ø—Ä–µ–¥—Å—Ç–∞–≤–ª–µ–Ω–æ –æ–ø–∏—Å–...

You may provide a definition with
\DeclareUnicodeCharacter 


! Package inputenc Error: Unicode character –æ (U+043E)
(inputenc)                not set up for use with LaTeX.

See the inputenc package documentation for explanation.
Type  H <return>  for immediate help.
 ...                                              
                                                  
l.4 –í –¥–∞–Ω–Ω–æ
                 –π –≥–ª–∞–≤–µ –±—É–¥–µ—Ç –ø—Ä–µ–¥—Å—Ç–∞–≤–ª–µ–Ω–æ –æ–ø–∏—Å–...

You may provide a definition with
\DeclareUnicodeCharacter 


! Package inputenc Error: Unicode character –π (U+0439)
(inputenc)                not set up for use with LaTeX.

See the inputenc package documentation for explanation.
Type  H <return>  for immediate help.
 ...                                              
                                                  
l.4 –í –¥–∞–Ω–Ω–æ–π
                    –≥–ª–∞–≤–µ –±—É–¥–µ—Ç –ø—Ä–µ–¥—Å—Ç–∞–≤–ª–µ–Ω–æ –æ–ø–∏—Å–...

You may provide a definition with
\DeclareUnicodeCharacter 


! Package inputenc Error: Unicode character –≥ (U+0433)
(inputenc)                not set up for use with LaTeX.

See the inputenc package documentation for explanation.
Type  H <return>  for immediate help.
 ...                                              
                                                  
l.4 –í –¥–∞–Ω–Ω–æ–π –≥
                      –ª–∞–≤–µ –±—É–¥–µ—Ç –ø—Ä–µ–¥—Å—Ç–∞–≤–ª–µ–Ω–æ –æ–ø–∏—Å–...

You may provide a definition with
\DeclareUnicodeCharacter 


! Package inputenc Error: Unicode character –ª (U+043B)
(inputenc)                not set up for use with LaTeX.

See the inputenc package documentation for explanation.
Type  H <return>  for immediate help.
 ...                                              
                                                  
l.4 –í –¥–∞–Ω–Ω–æ–π –≥–ª
                        –∞–≤–µ –±—É–¥–µ—Ç –ø—Ä–µ–¥—Å—Ç–∞–≤–ª–µ–Ω–æ –æ–ø–∏—Å–...

You may provide a definition with
\DeclareUnicodeCharacter 


! Package inputenc Error: Unicode character –∞ (U+0430)
(inputenc)                not set up for use with LaTeX.

See the inputenc package documentation for explanation.
Type  H <return>  for immediate help.
 ...                                              
                                                  
l.4 –í –¥–∞–Ω–Ω–æ–π –≥–ª–∞
                          –≤–µ –±—É–¥–µ—Ç –ø—Ä–µ–¥—Å—Ç–∞–≤–ª–µ–Ω–æ –æ–ø–∏—Å–...

You may provide a definition with
\DeclareUnicodeCharacter 


! Package inputenc Error: Unicode character –≤ (U+0432)
(inputenc)                not set up for use with LaTeX.

See the inputenc package documentation for explanation.
Type  H <return>  for immediate help.
 ...                                              
                                                  
l.4 –í –¥–∞–Ω–Ω–æ–π –≥–ª–∞–≤
                            –µ –±—É–¥–µ—Ç –ø—Ä–µ–¥—Å—Ç–∞–≤–ª–µ–Ω–æ –æ–ø–∏—Å–...

You may provide a definition with
\DeclareUnicodeCharacter 


! Package inputenc Error: Unicode character –µ (U+0435)
(inputenc)                not set up for use with LaTeX.

See the inputenc package documentation for explanation.
Type  H <return>  for immediate help.
 ...                                              
                                                  
l.4 –í –¥–∞–Ω–Ω–æ–π –≥–ª–∞–≤–µ
                               –±—É–¥–µ—Ç –ø—Ä–µ–¥—Å—Ç–∞–≤–ª–µ–Ω–æ –æ–ø–∏—Å–...

You may provide a definition with
\DeclareUnicodeCharacter 


! Package inputenc Error: Unicode character –± (U+0431)
(inputenc)                not set up for use with LaTeX.

See the inputenc package documentation for explanation.
Type  H <return>  for immediate help.
 ...                                              
                                                  
l.4 –í –¥–∞–Ω–Ω–æ–π –≥–ª–∞–≤–µ –±
                                 —É–¥–µ—Ç –ø—Ä–µ–¥—Å—Ç–∞–≤–ª–µ–Ω–æ –æ–ø–∏—Å–...

You may provide a definition with
\DeclareUnicodeCharacter 


! Package inputenc Error: Unicode character —É (U+0443)
(inputenc)                not set up for use with LaTeX.

See the inputenc package documentation for explanation.
Type  H <return>  for immediate help.
 ...                                              
                                                  
l.4 –í –¥–∞–Ω–Ω–æ–π –≥–ª–∞–≤–µ –±—É
                                   –¥–µ—Ç –ø—Ä–µ–¥—Å—Ç–∞–≤–ª–µ–Ω–æ –æ–ø–∏—Å–...

You may provide a definition with
\DeclareUnicodeCharacter 


! Package inputenc Error: Unicode character –¥ (U+0434)
(inputenc)                not set up for use with LaTeX.

See the inputenc package documentation for explanation.
Type  H <return>  for immediate help.
 ...                                              
                                                  
l.4 –í –¥–∞–Ω–Ω–æ–π –≥–ª–∞–≤–µ –±—É–¥
                                     –µ—Ç –ø—Ä–µ–¥—Å—Ç–∞–≤–ª–µ–Ω–æ –æ–ø–∏—Å–...

You may provide a definition with
\DeclareUnicodeCharacter 


! Package inputenc Error: Unicode character –µ (U+0435)
(inputenc)                not set up for use with LaTeX.

See the inputenc package documentation for explanation.
Type  H <return>  for immediate help.
 ...                                              
                                                  
l.4 –í –¥–∞–Ω–Ω–æ–π –≥–ª–∞–≤–µ –±—É–¥–µ
                                       —Ç –ø—Ä–µ–¥—Å—Ç–∞–≤–ª–µ–Ω–æ –æ–ø–∏—Å–...

You may provide a definition with
\DeclareUnicodeCharacter 


! Package inputenc Error: Unicode character —Ç (U+0442)
(inputenc)                not set up for use with LaTeX.

See the inputenc package documentation for explanation.
Type  H <return>  for immediate help.
 ...                                              
                                                  
l.4 –í –¥–∞–Ω–Ω–æ–π –≥–ª–∞–≤–µ –±—É–¥–µ—Ç
                                          –ø—Ä–µ–¥—Å—Ç–∞–≤–ª–µ–Ω–æ –æ–ø–∏—Å–...

You may provide a definition with
\DeclareUnicodeCharacter 


! Package inputenc Error: Unicode character –ø (U+043F)
(inputenc)                not set up for use with LaTeX.

See the inputenc package documentation for explanation.
Type  H <return>  for immediate help.
 ...                                              
                                                  
l.4 –í –¥–∞–Ω–Ω–æ–π –≥–ª–∞–≤–µ –±—É–¥–µ—Ç –ø
                                            —Ä–µ–¥—Å—Ç–∞–≤–ª–µ–Ω–æ –æ–ø–∏—Å–...

You may provide a definition with
\DeclareUnicodeCharacter 


! Package inputenc Error: Unicode character —Ä (U+0440)
(inputenc)                not set up for use with LaTeX.

See the inputenc package documentation for explanation.
Type  H <return>  for immediate help.
 ...                                              
                                                  
l.4 –í –¥–∞–Ω–Ω–æ–π –≥–ª–∞–≤–µ –±—É–¥–µ—Ç –ø—Ä
                                              –µ–¥—Å—Ç–∞–≤–ª–µ–Ω–æ –æ–ø–∏—Å–...

You may provide a definition with
\DeclareUnicodeCharacter 


! Package inputenc Error: Unicode character –µ (U+0435)
(inputenc)                not set up for use with LaTeX.

See the inputenc package documentation for explanation.
Type  H <return>  for immediate help.
 ...                                              
                                                  
l.4 –í –¥–∞–Ω–Ω–æ–π –≥–ª–∞–≤–µ –±—É–¥–µ—Ç –ø—Ä–µ
                                                –¥—Å—Ç–∞–≤–ª–µ–Ω–æ –æ–ø–∏—Å–...

You may provide a definition with
\DeclareUnicodeCharacter 


! Package inputenc Error: Unicode character –¥ (U+0434)
(inputenc)                not set up for use with LaTeX.

See the inputenc package documentation for explanation.
Type  H <return>  for immediate help.
 ...                                              
                                                  
l.4 –í –¥–∞–Ω–Ω–æ–π –≥–ª–∞–≤–µ –±—É–¥–µ—Ç –ø—Ä–µ–¥
                                                  —Å—Ç–∞–≤–ª–µ–Ω–æ –æ–ø–∏—Å–...

You may provide a definition with
\DeclareUnicodeCharacter 


! Package inputenc Error: Unicode character —Å (U+0441)
(inputenc)                not set up for use with LaTeX.

See the inputenc package documentation for explanation.
Type  H <return>  for immediate help.
 ...                                              
                                                  
l.4 ...–∞–Ω–Ω–æ–π –≥–ª–∞–≤–µ –±—É–¥–µ—Ç –ø—Ä–µ–¥—Å
                                                  —Ç–∞–≤–ª–µ–Ω–æ –æ–ø–∏—Å–∞–...

You may provide a definition with
\DeclareUnicodeCharacter 


! Package inputenc Error: Unicode character —Ç (U+0442)
(inputenc)                not set up for use with LaTeX.

See the inputenc package documentation for explanation.
Type  H <return>  for immediate help.
 ...                                              
                                                  
l.4 ...–Ω–Ω–æ–π –≥–ª–∞–≤–µ –±—É–¥–µ—Ç –ø—Ä–µ–¥—Å—Ç
                                                  –∞–≤–ª–µ–Ω–æ –æ–ø–∏—Å–∞–Ω–...

You may provide a definition with
\DeclareUnicodeCharacter 


! Package inputenc Error: Unicode character –∞ (U+0430)
(inputenc)                not set up for use with LaTeX.

See the inputenc package documentation for explanation.
Type  H <return>  for immediate help.
 ...                                              
                                                  
l.4 ...–Ω–æ–π –≥–ª–∞–≤–µ –±—É–¥–µ—Ç –ø—Ä–µ–¥—Å—Ç–∞
                                                  –≤–ª–µ–Ω–æ –æ–ø–∏—Å–∞–Ω–∏–...

You may provide a definition with
\DeclareUnicodeCharacter 


! Package inputenc Error: Unicode character –≤ (U+0432)
(inputenc)                not set up for use with LaTeX.

See the inputenc package documentation for explanation.
Type  H <return>  for immediate help.
 ...                                              
                                                  
l.4 ...–æ–π –≥–ª–∞–≤–µ –±—É–¥–µ—Ç –ø—Ä–µ–¥—Å—Ç–∞–≤
                                                  –ª–µ–Ω–æ –æ–ø–∏—Å–∞–Ω–∏–µ ...

You may provide a definition with
\DeclareUnicodeCharacter 


! Package inputenc Error: Unicode character –ª (U+043B)
(inputenc)                not set up for use with LaTeX.

See the inputenc package documentation for explanation.
Type  H <return>  for immediate help.
 ...                                              
                                                  
l.4 ...–π –≥–ª–∞–≤–µ –±—É–¥–µ—Ç –ø—Ä–µ–¥—Å—Ç–∞–≤–ª
                                                  –µ–Ω–æ –æ–ø–∏—Å–∞–Ω–∏–µ –∏...

You may provide a definition with
\DeclareUnicodeCharacter 


! Package inputenc Error: Unicode character –µ (U+0435)
(inputenc)                not set up for use with LaTeX.

See the inputenc package documentation for explanation.
Type  H <return>  for immediate help.
 ...                                              
                                                  
l.4 ... –≥–ª–∞–≤–µ –±—É–¥–µ—Ç –ø—Ä–µ–¥—Å—Ç–∞–≤–ª–µ
                                                  –Ω–æ –æ–ø–∏—Å–∞–Ω–∏–µ –∏ —...

You may provide a definition with
\DeclareUnicodeCharacter 


! Package inputenc Error: Unicode character –Ω (U+043D)
(inputenc)                not set up for use with LaTeX.

See the inputenc package documentation for explanation.
Type  H <return>  for immediate help.
 ...                                              
                                                  
l.4 ...≥–ª–∞–≤–µ –±—É–¥–µ—Ç –ø—Ä–µ–¥—Å—Ç–∞–≤–ª–µ–Ω
                                                  –æ –æ–ø–∏—Å–∞–Ω–∏–µ –∏ —Ä–...

You may provide a definition with
\DeclareUnicodeCharacter 


! Package inputenc Error: Unicode character –æ (U+043E)
(inputenc)                not set up for use with LaTeX.

See the inputenc package documentation for explanation.
Type  H <return>  for immediate help.
 ...                                              
                                                  
l.4 ...ª–∞–≤–µ –±—É–¥–µ—Ç –ø—Ä–µ–¥—Å—Ç–∞–≤–ª–µ–Ω–æ
                                                   –æ–ø–∏—Å–∞–Ω–∏–µ –∏ —Ä–µ–...

You may provide a definition with
\DeclareUnicodeCharacter 


! Package inputenc Error: Unicode character –æ (U+043E)
(inputenc)                not set up for use with LaTeX.

See the inputenc package documentation for explanation.
Type  H <return>  for immediate help.
 ...                                              
                                                  
l.4 ...–≤–µ –±—É–¥–µ—Ç –ø—Ä–µ–¥—Å—Ç–∞–≤–ª–µ–Ω–æ –æ
                                                  –ø–∏—Å–∞–Ω–∏–µ –∏ —Ä–µ–∑—É...

You may provide a definition with
\DeclareUnicodeCharacter 


! Package inputenc Error: Unicode character –ø (U+043F)
(inputenc)                not set up for use with LaTeX.

See the inputenc package documentation for explanation.
Type  H <return>  for immediate help.
 ...                                              
                                                  
l.4 ...–µ –±—É–¥–µ—Ç –ø—Ä–µ–¥—Å—Ç–∞–≤–ª–µ–Ω–æ –æ–ø
                                                  –∏—Å–∞–Ω–∏–µ –∏ —Ä–µ–∑—É–ª...

You may provide a definition with
\DeclareUnicodeCharacter 


! Package inputenc Error: Unicode character –∏ (U+0438)
(inputenc)                not set up for use with LaTeX.

See the inputenc package documentation for explanation.
Type  H <return>  for immediate help.
 ...                                              
                                                  
l.4 ... –±—É–¥–µ—Ç –ø—Ä–µ–¥—Å—Ç–∞–≤–ª–µ–Ω–æ –æ–ø–∏
                                                  —Å–∞–Ω–∏–µ –∏ —Ä–µ–∑—É–ª—å...

You may provide a definition with
\DeclareUnicodeCharacter 


! Package inputenc Error: Unicode character —Å (U+0441)
(inputenc)                not set up for use with LaTeX.

See the inputenc package documentation for explanation.
Type  H <return>  for immediate help.
 ...                                              
                                                  
l.4 ...±—É–¥–µ—Ç –ø—Ä–µ–¥—Å—Ç–∞–≤–ª–µ–Ω–æ –æ–ø–∏—Å
                                                  –∞–Ω–∏–µ –∏ —Ä–µ–∑—É–ª—å—Ç...

You may provide a definition with
\DeclareUnicodeCharacter 


! Package inputenc Error: Unicode character –∞ (U+0430)
(inputenc)                not set up for use with LaTeX.

See the inputenc package documentation for explanation.
Type  H <return>  for immediate help.
 ...                                              
                                                  
l.4 ...É–¥–µ—Ç –ø—Ä–µ–¥—Å—Ç–∞–≤–ª–µ–Ω–æ –æ–ø–∏—Å–∞
                                                  –Ω–∏–µ –∏ —Ä–µ–∑—É–ª—å—Ç–∞...

You may provide a definition with
\DeclareUnicodeCharacter 


! Package inputenc Error: Unicode character –Ω (U+043D)
(inputenc)                not set up for use with LaTeX.

See the inputenc package documentation for explanation.
Type  H <return>  for immediate help.
 ...                                              
                                                  
l.4 ...¥–µ—Ç –ø—Ä–µ–¥—Å—Ç–∞–≤–ª–µ–Ω–æ –æ–ø–∏—Å–∞–Ω
                                                  –∏–µ –∏ —Ä–µ–∑—É–ª—å—Ç–∞—Ç...

You may provide a definition with
\DeclareUnicodeCharacter 


! Package inputenc Error: Unicode character –∏ (U+0438)
(inputenc)                not set up for use with LaTeX.

See the inputenc package documentation for explanation.
Type  H <return>  for immediate help.
 ...                                              
                                                  
l.4 ...µ—Ç –ø—Ä–µ–¥—Å—Ç–∞–≤–ª–µ–Ω–æ –æ–ø–∏—Å–∞–Ω–∏
                                                  –µ –∏ —Ä–µ–∑—É–ª—å—Ç–∞—Ç—ã...

You may provide a definition with
\DeclareUnicodeCharacter 


! Package inputenc Error: Unicode character –µ (U+0435)
(inputenc)                not set up for use with LaTeX.

See the inputenc package documentation for explanation.
Type  H <return>  for immediate help.
 ...                                              
                                                  
l.4 ...Ç –ø—Ä–µ–¥—Å—Ç–∞–≤–ª–µ–Ω–æ –æ–ø–∏—Å–∞–Ω–∏–µ
                                                   –∏ —Ä–µ–∑—É–ª—å—Ç–∞—Ç—ã –...

You may provide a definition with
\DeclareUnicodeCharacter 


! Package inputenc Error: Unicode character –∏ (U+0438)
(inputenc)                not set up for use with LaTeX.

See the inputenc package documentation for explanation.
Type  H <return>  for immediate help.
 ...                                              
                                                  
l.4 ...ø—Ä–µ–¥—Å—Ç–∞–≤–ª–µ–Ω–æ –æ–ø–∏—Å–∞–Ω–∏–µ –∏
                                                   —Ä–µ–∑—É–ª—å—Ç–∞—Ç—ã –∏—Å...

You may provide a definition with
\DeclareUnicodeCharacter 


! Package inputenc Error: Unicode character —Ä (U+0440)
(inputenc)                not set up for use with LaTeX.

See the inputenc package documentation for explanation.
Type  H <return>  for immediate help.
 ...                                              
                                                  
l.4 ...–µ–¥—Å—Ç–∞–≤–ª–µ–Ω–æ –æ–ø–∏—Å–∞–Ω–∏–µ –∏ —Ä
                                                  –µ–∑—É–ª—å—Ç–∞—Ç—ã –∏—Å—Å–...

You may provide a definition with
\DeclareUnicodeCharacter 


! Package inputenc Error: Unicode character –µ (U+0435)
(inputenc)                not set up for use with LaTeX.

See the inputenc package documentation for explanation.
Type  H <return>  for immediate help.
 ...                                              
                                                  
l.4 ...–¥—Å—Ç–∞–≤–ª–µ–Ω–æ –æ–ø–∏—Å–∞–Ω–∏–µ –∏ —Ä–µ
                                                  –∑—É–ª—å—Ç–∞—Ç—ã –∏—Å—Å–ª–...

You may provide a definition with
\DeclareUnicodeCharacter 


! Package inputenc Error: Unicode character –∑ (U+0437)
(inputenc)                not set up for use with LaTeX.

See the inputenc package documentation for explanation.
Type  H <return>  for immediate help.
 ...                                              
                                                  
l.4 ...—Å—Ç–∞–≤–ª–µ–Ω–æ –æ–ø–∏—Å–∞–Ω–∏–µ –∏ —Ä–µ–∑
                                                  —É–ª—å—Ç–∞—Ç—ã –∏—Å—Å–ª–µ–...

You may provide a definition with
\DeclareUnicodeCharacter 


! Package inputenc Error: Unicode character —É (U+0443)
(inputenc)                not set up for use with LaTeX.

See the inputenc package documentation for explanation.
Type  H <return>  for immediate help.
 ...                                              
                                                  
l.4 ...—Ç–∞–≤–ª–µ–Ω–æ –æ–ø–∏—Å–∞–Ω–∏–µ –∏ —Ä–µ–∑—É
                                                  –ª—å—Ç–∞—Ç—ã –∏—Å—Å–ª–µ–¥–...

You may provide a definition with
\DeclareUnicodeCharacter 


! Package inputenc Error: Unicode character –ª (U+043B)
(inputenc)                not set up for use with LaTeX.

See the inputenc package documentation for explanation.
Type  H <return>  for immediate help.
 ...                                              
                                                  
l.4 ...–∞–≤–ª–µ–Ω–æ –æ–ø–∏—Å–∞–Ω–∏–µ –∏ —Ä–µ–∑—É–ª
                                                  —å—Ç–∞—Ç—ã –∏—Å—Å–ª–µ–¥–æ–...

You may provide a definition with
\DeclareUnicodeCharacter 


! Package inputenc Error: Unicode character —å (U+044C)
(inputenc)                not set up for use with LaTeX.

See the inputenc package documentation for explanation.
Type  H <return>  for immediate help.
 ...                                              
                                                  
l.4 ...–≤–ª–µ–Ω–æ –æ–ø–∏—Å–∞–Ω–∏–µ –∏ —Ä–µ–∑—É–ª—å
                                                  —Ç–∞—Ç—ã –∏—Å—Å–ª–µ–¥–æ–≤–...

You may provide a definition with
\DeclareUnicodeCharacter 


! Package inputenc Error: Unicode character —Ç (U+0442)
(inputenc)                not set up for use with LaTeX.

See the inputenc package documentation for explanation.
Type  H <return>  for immediate help.
 ...                                              
                                                  
l.4 ...–ª–µ–Ω–æ –æ–ø–∏—Å–∞–Ω–∏–µ –∏ —Ä–µ–∑—É–ª—å—Ç
                                                  –∞—Ç—ã –∏—Å—Å–ª–µ–¥–æ–≤–∞–...

You may provide a definition with
\DeclareUnicodeCharacter 


! Package inputenc Error: Unicode character –∞ (U+0430)
(inputenc)                not set up for use with LaTeX.

See the inputenc package documentation for explanation.
Type  H <return>  for immediate help.
 ...                                              
                                                  
l.4 ...–µ–Ω–æ –æ–ø–∏—Å–∞–Ω–∏–µ –∏ —Ä–µ–∑—É–ª—å—Ç–∞
                                                  —Ç—ã –∏—Å—Å–ª–µ–¥–æ–≤–∞–Ω–...

You may provide a definition with
\DeclareUnicodeCharacter 


! Package inputenc Error: Unicode character —Ç (U+0442)
(inputenc)                not set up for use with LaTeX.

See the inputenc package documentation for explanation.
Type  H <return>  for immediate help.
 ...                                              
                                                  
l.4 ...–Ω–æ –æ–ø–∏—Å–∞–Ω–∏–µ –∏ —Ä–µ–∑—É–ª—å—Ç–∞—Ç
                                                  —ã –∏—Å—Å–ª–µ–¥–æ–≤–∞–Ω–∏—...

You may provide a definition with
\DeclareUnicodeCharacter 


! Package inputenc Error: Unicode character —ã (U+044B)
(inputenc)                not set up for use with LaTeX.

See the inputenc package documentation for explanation.
Type  H <return>  for immediate help.
 ...                                              
                                                  
l.4 ...–æ –æ–ø–∏—Å–∞–Ω–∏–µ –∏ —Ä–µ–∑—É–ª—å—Ç–∞—Ç—ã
                                                   –∏—Å—Å–ª–µ–¥–æ–≤–∞–Ω–∏—è ...

You may provide a definition with
\DeclareUnicodeCharacter 


! Package inputenc Error: Unicode character –∏ (U+0438)
(inputenc)                not set up for use with LaTeX.

See the inputenc package documentation for explanation.
Type  H <return>  for immediate help.
 ...                                              
                                                  
l.4 ...–æ–ø–∏—Å–∞–Ω–∏–µ –∏ —Ä–µ–∑—É–ª—å—Ç–∞—Ç—ã –∏
                                                  —Å—Å–ª–µ–¥–æ–≤–∞–Ω–∏—è –º–...

You may provide a definition with
\DeclareUnicodeCharacter 


! Package inputenc Error: Unicode character —Å (U+0441)
(inputenc)                not set up for use with LaTeX.

See the inputenc package documentation for explanation.
Type  H <return>  for immediate help.
 ...                                              
                                                  
l.4 ...–ø–∏—Å–∞–Ω–∏–µ –∏ —Ä–µ–∑—É–ª—å—Ç–∞—Ç—ã –∏—Å
                                                  —Å–ª–µ–¥–æ–≤–∞–Ω–∏—è –º–æ–...

You may provide a definition with
\DeclareUnicodeCharacter 


! Package inputenc Error: Unicode character —Å (U+0441)
(inputenc)                not set up for use with LaTeX.

See the inputenc package documentation for explanation.
Type  H <return>  for immediate help.
 ...                                              
                                                  
l.4 ...–∏—Å–∞–Ω–∏–µ –∏ —Ä–µ–∑—É–ª—å—Ç–∞—Ç—ã –∏—Å—Å
                                                  –ª–µ–¥–æ–≤–∞–Ω–∏—è –º–æ–¥–...

You may provide a definition with
\DeclareUnicodeCharacter 


! Package inputenc Error: Unicode character –ª (U+043B)
(inputenc)                not set up for use with LaTeX.

See the inputenc package documentation for explanation.
Type  H <return>  for immediate help.
 ...                                              
                                                  
l.4 ...—Å–∞–Ω–∏–µ –∏ —Ä–µ–∑—É–ª—å—Ç–∞—Ç—ã –∏—Å—Å–ª
                                                  –µ–¥–æ–≤–∞–Ω–∏—è –º–æ–¥–µ–...

You may provide a definition with
\DeclareUnicodeCharacter 


! Package inputenc Error: Unicode character –µ (U+0435)
(inputenc)                not set up for use with LaTeX.

See the inputenc package documentation for explanation.
Type  H <return>  for immediate help.
 ...                                              
                                                  
l.4 ...–∞–Ω–∏–µ –∏ —Ä–µ–∑—É–ª—å—Ç–∞—Ç—ã –∏—Å—Å–ª–µ
                                                  –¥–æ–≤–∞–Ω–∏—è –º–æ–¥–µ–ª–...

You may provide a definition with
\DeclareUnicodeCharacter 


! Package inputenc Error: Unicode character –¥ (U+0434)
(inputenc)                not set up for use with LaTeX.

See the inputenc package documentation for explanation.
Type  H <return>  for immediate help.
 ...                                              
                                                  
l.4 ...–Ω–∏–µ –∏ —Ä–µ–∑—É–ª—å—Ç–∞—Ç—ã –∏—Å—Å–ª–µ–¥
                                                  –æ–≤–∞–Ω–∏—è –º–æ–¥–µ–ª–µ–...

You may provide a definition with
\DeclareUnicodeCharacter 


! Package inputenc Error: Unicode character –æ (U+043E)
(inputenc)                not set up for use with LaTeX.

See the inputenc package documentation for explanation.
Type  H <return>  for immediate help.
 ...                                              
                                                  
l.4 ...–∏–µ –∏ —Ä–µ–∑—É–ª—å—Ç–∞—Ç—ã –∏—Å—Å–ª–µ–¥–æ
                                                  –≤–∞–Ω–∏—è –º–æ–¥–µ–ª–µ–π:...

You may provide a definition with
\DeclareUnicodeCharacter 


! Package inputenc Error: Unicode character –≤ (U+0432)
(inputenc)                not set up for use with LaTeX.

See the inputenc package documentation for explanation.
Type  H <return>  for immediate help.
 ...                                              
                                                  
l.4 ...–µ –∏ —Ä–µ–∑—É–ª—å—Ç–∞—Ç—ã –∏—Å—Å–ª–µ–¥–æ–≤
                                                  –∞–Ω–∏—è –º–æ–¥–µ–ª–µ–π: B...

You may provide a definition with
\DeclareUnicodeCharacter 


! Package inputenc Error: Unicode character –∞ (U+0430)
(inputenc)                not set up for use with LaTeX.

See the inputenc package documentation for explanation.
Type  H <return>  for immediate help.
 ...                                              
                                                  
l.4 ... –∏ —Ä–µ–∑—É–ª—å—Ç–∞—Ç—ã –∏—Å—Å–ª–µ–¥–æ–≤–∞
                                                  –Ω–∏—è –º–æ–¥–µ–ª–µ–π: Bla...

You may provide a definition with
\DeclareUnicodeCharacter 


! Package inputenc Error: Unicode character –Ω (U+043D)
(inputenc)                not set up for use with LaTeX.

See the inputenc package documentation for explanation.
Type  H <return>  for immediate help.
 ...                                              
                                                  
l.4 ...∏ —Ä–µ–∑—É–ª—å—Ç–∞—Ç—ã –∏—Å—Å–ª–µ–¥–æ–≤–∞–Ω
                                                  –∏—è –º–æ–¥–µ–ª–µ–π: Blaze...

You may provide a definition with
\DeclareUnicodeCharacter 


! Package inputenc Error: Unicode character –∏ (U+0438)
(inputenc)                not set up for use with LaTeX.

See the inputenc package documentation for explanation.
Type  H <return>  for immediate help.
 ...                                              
                                                  
l.4 ...—Ä–µ–∑—É–ª—å—Ç–∞—Ç—ã –∏—Å—Å–ª–µ–¥–æ–≤–∞–Ω–∏
                                                  —è –º–æ–¥–µ–ª–µ–π: BlazePo...

You may provide a definition with
\DeclareUnicodeCharacter 


! Package inputenc Error: Unicode character —è (U+044F)
(inputenc)                not set up for use with LaTeX.

See the inputenc package documentation for explanation.
Type  H <return>  for immediate help.
 ...                                              
                                                  
l.4 ...–µ–∑—É–ª—å—Ç–∞—Ç—ã –∏—Å—Å–ª–µ–¥–æ–≤–∞–Ω–∏—è
                                                   –º–æ–¥–µ–ª–µ–π: BlazePose...

You may provide a definition with
\DeclareUnicodeCharacter 


! Package inputenc Error: Unicode character –º (U+043C)
(inputenc)                not set up for use with LaTeX.

See the inputenc package documentation for explanation.
Type  H <return>  for immediate help.
 ...                                              
                                                  
l.4 ...∑—É–ª—å—Ç–∞—Ç—ã –∏—Å—Å–ª–µ–¥–æ–≤–∞–Ω–∏—è –º
                                                  –æ–¥–µ–ª–µ–π: BlazePose, M...

You may provide a definition with
\DeclareUnicodeCharacter 


! Package inputenc Error: Unicode character –æ (U+043E)
(inputenc)                not set up for use with LaTeX.

See the inputenc package documentation for explanation.
Type  H <return>  for immediate help.
 ...                                              
                                                  
l.4 ...É–ª—å—Ç–∞—Ç—ã –∏—Å—Å–ª–µ–¥–æ–≤–∞–Ω–∏—è –º–æ
                                                  –¥–µ–ª–µ–π: BlazePose, Mov...

You may provide a definition with
\DeclareUnicodeCharacter 


! Package inputenc Error: Unicode character –¥ (U+0434)
(inputenc)                not set up for use with LaTeX.

See the inputenc package documentation for explanation.
Type  H <return>  for immediate help.
 ...                                              
                                                  
l.4 ...ª—å—Ç–∞—Ç—ã –∏—Å—Å–ª–µ–¥–æ–≤–∞–Ω–∏—è –º–æ–¥
                                                  –µ–ª–µ–π: BlazePose, MoveN...

You may provide a definition with
\DeclareUnicodeCharacter 


! Package inputenc Error: Unicode character –µ (U+0435)
(inputenc)                not set up for use with LaTeX.

See the inputenc package documentation for explanation.
Type  H <return>  for immediate help.
 ...                                              
                                                  
l.4 ...å—Ç–∞—Ç—ã –∏—Å—Å–ª–µ–¥–æ–≤–∞–Ω–∏—è –º–æ–¥–µ
                                                  –ª–µ–π: BlazePose, MoveNet...

You may provide a definition with
\DeclareUnicodeCharacter 


! Package inputenc Error: Unicode character –ª (U+043B)
(inputenc)                not set up for use with LaTeX.

See the inputenc package documentation for explanation.
Type  H <return>  for immediate help.
 ...                                              
                                                  
l.4 ...Ç–∞—Ç—ã –∏—Å—Å–ª–µ–¥–æ–≤–∞–Ω–∏—è –º–æ–¥–µ–ª
                                                  –µ–π: BlazePose, MoveNet.S...

You may provide a definition with
\DeclareUnicodeCharacter 


! Package inputenc Error: Unicode character –µ (U+0435)
(inputenc)                not set up for use with LaTeX.

See the inputenc package documentation for explanation.
Type  H <return>  for immediate help.
 ...                                              
                                                  
l.4 ...∞—Ç—ã –∏—Å—Å–ª–µ–¥–æ–≤–∞–Ω–∏—è –º–æ–¥–µ–ª–µ
                                                  –π: BlazePose, MoveNet.Sin...

You may provide a definition with
\DeclareUnicodeCharacter 


! Package inputenc Error: Unicode character –π (U+0439)
(inputenc)                not set up for use with LaTeX.

See the inputenc package documentation for explanation.
Type  H <return>  for immediate help.
 ...                                              
                                                  
l.4 ...Ç—ã –∏—Å—Å–ª–µ–¥–æ–≤–∞–Ω–∏—è –º–æ–¥–µ–ª–µ–π
                                                  : BlazePose, MoveNet.Singl...

You may provide a definition with
\DeclareUnicodeCharacter 


! LaTeX Error: Missing \begin{document}.

See the LaTeX manual or LaTeX Companion for explanation.
Type  H <return>  for immediate help.
 ...                                              
                                                  
l.4 ...—ã –∏—Å—Å–ª–µ–¥–æ–≤–∞–Ω–∏—è –º–æ–¥–µ–ª–µ–π:
                                                   BlazePose, MoveNet.Single...

You're in trouble here.  Try typing  <return>  to proceed.
If that doesn't work, type  X <return>  to quit.

Missing character: There is no : in font nullfont!
Missing character: There is no B in font nullfont!
Missing character: There is no l in font nullfont!
Missing character: There is no a in font nullfont!
Missing character: There is no z in font nullfont!
Missing character: There is no e in font nullfont!
Missing character: There is no P in font nullfont!
Missing character: There is no o in font nullfont!
Missing character: There is no s in font nullfont!
Missing character: There is no e in font nullfont!
Missing character: There is no , in font nullfont!
Missing character: There is no M in font nullfont!
Missing character: There is no o in font nullfont!
Missing character: There is no v in font nullfont!
Missing character: There is no e in font nullfont!
Missing character: There is no N in font nullfont!
Missing character: There is no e in font nullfont!
Missing character: There is no t in font nullfont!
Missing character: There is no . in font nullfont!
Missing character: There is no S in font nullfont!
Missing character: There is no i in font nullfont!
Missing character: There is no n in font nullfont!
Missing character: There is no g in font nullfont!
Missing character: There is no l in font nullfont!
Missing character: There is no e in font nullfont!
Missing character: There is no P in font nullfont!
Missing character: There is no o in font nullfont!
Missing character: There is no s in font nullfont!
Missing character: There is no e in font nullfont!
Missing character: There is no , in font nullfont!
Missing character: There is no O in font nullfont!
Missing character: There is no p in font nullfont!
Missing character: There is no e in font nullfont!
Missing character: There is no n in font nullfont!
Missing character: There is no P in font nullfont!
Missing character: There is no o in font nullfont!
Missing character: There is no s in font nullfont!
Missing character: There is no e in font nullfont!

! Package inputenc Error: Unicode character –∏ (U+0438)
(inputenc)                not set up for use with LaTeX.

See the inputenc package documentation for explanation.
Type  H <return>  for immediate help.
 ...                                              
                                                  
l.4 ... BlazePose, MoveNet.SinglePose, OpenPose –∏
                                                   MMPose.
You may provide a definition with
\DeclareUnicodeCharacter 

Missing character: There is no M in font nullfont!
Missing character: There is no M in font nullfont!
Missing character: There is no P in font nullfont!
Missing character: There is no o in font nullfont!
Missing character: There is no s in font nullfont!
Missing character: There is no e in font nullfont!
Missing character: There is no . in font nullfont!

Overfull \hbox (20.0pt too wide) in paragraph at lines 4--5
[]
 []

! Undefined control sequence.
l.7 \subsection
               {–û–ø–∏—Å–∞–Ω–∏–µ —ç–∫—Å–ø–µ—Ä–∏–º–µ–Ω—Ç–∞}
The control sequence at the end of the top line
of your error message was never \def'ed. If you have
misspelled it (e.g., `\hobx'), type `I' and the correct
spelling (e.g., `I\hbox'). Otherwise just continue,
and I'll forget about whatever was undefined.


! Package inputenc Error: Unicode character –û (U+041E)
(inputenc)                not set up for use with LaTeX.

See the inputenc package documentation for explanation.
Type  H <return>  for immediate help.
 ...                                              
                                                  
l.7 \subsection{–û
                  –ø–∏—Å–∞–Ω–∏–µ —ç–∫—Å–ø–µ—Ä–∏–º–µ–Ω—Ç–∞}
You may provide a definition with
\DeclareUnicodeCharacter 


! Package inputenc Error: Unicode character –ø (U+043F)
(inputenc)                not set up for use with LaTeX.

See the inputenc package documentation for explanation.
Type  H <return>  for immediate help.
 ...                                              
                                                  
l.7 \subsection{–û–ø
                    –∏—Å–∞–Ω–∏–µ —ç–∫—Å–ø–µ—Ä–∏–º–µ–Ω—Ç–∞}
You may provide a definition with
\DeclareUnicodeCharacter 


! Package inputenc Error: Unicode character –∏ (U+0438)
(inputenc)                not set up for use with LaTeX.

See the inputenc package documentation for explanation.
Type  H <return>  for immediate help.
 ...                                              
                                                  
l.7 \subsection{–û–ø–∏
                      —Å–∞–Ω–∏–µ —ç–∫—Å–ø–µ—Ä–∏–º–µ–Ω—Ç–∞}
You may provide a definition with
\DeclareUnicodeCharacter 


! Package inputenc Error: Unicode character —Å (U+0441)
(inputenc)                not set up for use with LaTeX.

See the inputenc package documentation for explanation.
Type  H <return>  for immediate help.
 ...                                              
                                                  
l.7 \subsection{–û–ø–∏—Å
                        –∞–Ω–∏–µ —ç–∫—Å–ø–µ—Ä–∏–º–µ–Ω—Ç–∞}
You may provide a definition with
\DeclareUnicodeCharacter 


! Package inputenc Error: Unicode character –∞ (U+0430)
(inputenc)                not set up for use with LaTeX.

See the inputenc package documentation for explanation.
Type  H <return>  for immediate help.
 ...                                              
                                                  
l.7 \subsection{–û–ø–∏—Å–∞
                          –Ω–∏–µ —ç–∫—Å–ø–µ—Ä–∏–º–µ–Ω—Ç–∞}
You may provide a definition with
\DeclareUnicodeCharacter 


! Package inputenc Error: Unicode character –Ω (U+043D)
(inputenc)                not set up for use with LaTeX.

See the inputenc package documentation for explanation.
Type  H <return>  for immediate help.
 ...                                              
                                                  
l.7 \subsection{–û–ø–∏—Å–∞–Ω
                            –∏–µ —ç–∫—Å–ø–µ—Ä–∏–º–µ–Ω—Ç–∞}
You may provide a definition with
\DeclareUnicodeCharacter 


! Package inputenc Error: Unicode character –∏ (U+0438)
(inputenc)                not set up for use with LaTeX.

See the inputenc package documentation for explanation.
Type  H <return>  for immediate help.
 ...                                              
                                                  
l.7 \subsection{–û–ø–∏—Å–∞–Ω–∏
                              –µ —ç–∫—Å–ø–µ—Ä–∏–º–µ–Ω—Ç–∞}
You may provide a definition with
\DeclareUnicodeCharacter 


! Package inputenc Error: Unicode character –µ (U+0435)
(inputenc)                not set up for use with LaTeX.

See the inputenc package documentation for explanation.
Type  H <return>  for immediate help.
 ...                                              
                                                  
l.7 \subsection{–û–ø–∏—Å–∞–Ω–∏–µ
                                 —ç–∫—Å–ø–µ—Ä–∏–º–µ–Ω—Ç–∞}
You may provide a definition with
\DeclareUnicodeCharacter 


! Package inputenc Error: Unicode character —ç (U+044D)
(inputenc)                not set up for use with LaTeX.

See the inputenc package documentation for explanation.
Type  H <return>  for immediate help.
 ...                                              
                                                  
l.7 \subsection{–û–ø–∏—Å–∞–Ω–∏–µ —ç
                                   –∫—Å–ø–µ—Ä–∏–º–µ–Ω—Ç–∞}
You may provide a definition with
\DeclareUnicodeCharacter 


! Package inputenc Error: Unicode character –∫ (U+043A)
(inputenc)                not set up for use with LaTeX.

See the inputenc package documentation for explanation.
Type  H <return>  for immediate help.
 ...                                              
                                                  
l.7 \subsection{–û–ø–∏—Å–∞–Ω–∏–µ —ç–∫
                                     —Å–ø–µ—Ä–∏–º–µ–Ω—Ç–∞}
You may provide a definition with
\DeclareUnicodeCharacter 


! Package inputenc Error: Unicode character —Å (U+0441)
(inputenc)                not set up for use with LaTeX.

See the inputenc package documentation for explanation.
Type  H <return>  for immediate help.
 ...                                              
                                                  
l.7 \subsection{–û–ø–∏—Å–∞–Ω–∏–µ —ç–∫—Å
                                       –ø–µ—Ä–∏–º–µ–Ω—Ç–∞}
You may provide a definition with
\DeclareUnicodeCharacter 


! Package inputenc Error: Unicode character –ø (U+043F)
(inputenc)                not set up for use with LaTeX.

See the inputenc package documentation for explanation.
Type  H <return>  for immediate help.
 ...                                              
                                                  
l.7 \subsection{–û–ø–∏—Å–∞–Ω–∏–µ —ç–∫—Å–ø
                                         –µ—Ä–∏–º–µ–Ω—Ç–∞}
You may provide a definition with
\DeclareUnicodeCharacter 


! Package inputenc Error: Unicode character –µ (U+0435)
(inputenc)                not set up for use with LaTeX.

See the inputenc package documentation for explanation.
Type  H <return>  for immediate help.
 ...                                              
                                                  
l.7 \subsection{–û–ø–∏—Å–∞–Ω–∏–µ —ç–∫—Å–ø–µ
                                           —Ä–∏–º–µ–Ω—Ç–∞}
You may provide a definition with
\DeclareUnicodeCharacter 


! Package inputenc Error: Unicode character —Ä (U+0440)
(inputenc)                not set up for use with LaTeX.

See the inputenc package documentation for explanation.
Type  H <return>  for immediate help.
 ...                                              
                                                  
l.7 \subsection{–û–ø–∏—Å–∞–Ω–∏–µ —ç–∫—Å–ø–µ—Ä
                                             –∏–º–µ–Ω—Ç–∞}
You may provide a definition with
\DeclareUnicodeCharacter 


! Package inputenc Error: Unicode character –∏ (U+0438)
(inputenc)                not set up for use with LaTeX.

See the inputenc package documentation for explanation.
Type  H <return>  for immediate help.
 ...                                              
                                                  
l.7 \subsection{–û–ø–∏—Å–∞–Ω–∏–µ —ç–∫—Å–ø–µ—Ä–∏
                                               –º–µ–Ω—Ç–∞}
You may provide a definition with
\DeclareUnicodeCharacter 


! Package inputenc Error: Unicode character –º (U+043C)
(inputenc)                not set up for use with LaTeX.

See the inputenc package documentation for explanation.
Type  H <return>  for immediate help.
 ...                                              
                                                  
l.7 \subsection{–û–ø–∏—Å–∞–Ω–∏–µ —ç–∫—Å–ø–µ—Ä–∏–º
                                                 –µ–Ω—Ç–∞}
You may provide a definition with
\DeclareUnicodeCharacter 


! Package inputenc Error: Unicode character –µ (U+0435)
(inputenc)                not set up for use with LaTeX.

See the inputenc package documentation for explanation.
Type  H <return>  for immediate help.
 ...                                              
                                                  
l.7 ...section{–û–ø–∏—Å–∞–Ω–∏–µ —ç–∫—Å–ø–µ—Ä–∏–º–µ
                                                  –Ω—Ç–∞}
You may provide a definition with
\DeclareUnicodeCharacter 


! Package inputenc Error: Unicode character –Ω (U+043D)
(inputenc)                not set up for use with LaTeX.

See the inputenc package documentation for explanation.
Type  H <return>  for immediate help.
 ...                                              
                                                  
l.7 ...ction{–û–ø–∏—Å–∞–Ω–∏–µ —ç–∫—Å–ø–µ—Ä–∏–º–µ–Ω
                                                  —Ç–∞}
You may provide a definition with
\DeclareUnicodeCharacter 


! Package inputenc Error: Unicode character —Ç (U+0442)
(inputenc)                not set up for use with LaTeX.

See the inputenc package documentation for explanation.
Type  H <return>  for immediate help.
 ...                                              
                                                  
l.7 ...ion{–û–ø–∏—Å–∞–Ω–∏–µ —ç–∫—Å–ø–µ—Ä–∏–º–µ–Ω—Ç
                                                  –∞}
You may provide a definition with
\DeclareUnicodeCharacter 


! Package inputenc Error: Unicode character –∞ (U+0430)
(inputenc)                not set up for use with LaTeX.

See the inputenc package documentation for explanation.
Type  H <return>  for immediate help.
 ...                                              
                                                  
l.7 ...n{–û–ø–∏—Å–∞–Ω–∏–µ —ç–∫—Å–ø–µ—Ä–∏–º–µ–Ω—Ç–∞
                                                  }
You may provide a definition with
\DeclareUnicodeCharacter 


! Package inputenc Error: Unicode character –≠ (U+042D)
(inputenc)                not set up for use with LaTeX.

See the inputenc package documentation for explanation.
Type  H <return>  for immediate help.
 ...                                              
                                                  
l.9 –≠
      –∫—Å–ø–µ—Ä–∏–º–µ–Ω—Ç –≤–∫–ª—é—á–∞–µ—Ç —Ä–∞—Å—Å–º–æ—Ç—Ä–µ–Ω–∏–µ —Ç–æ–ª—...

You may provide a definition with
\DeclareUnicodeCharacter 


! Package inputenc Error: Unicode character –∫ (U+043A)
(inputenc)                not set up for use with LaTeX.

See the inputenc package documentation for explanation.
Type  H <return>  for immediate help.
 ...                                              
                                                  
l.9 –≠–∫
        —Å–ø–µ—Ä–∏–º–µ–Ω—Ç –≤–∫–ª—é—á–∞–µ—Ç —Ä–∞—Å—Å–º–æ—Ç—Ä–µ–Ω–∏–µ —Ç–æ–ª—...

You may provide a definition with
\DeclareUnicodeCharacter 


! Package inputenc Error: Unicode character —Å (U+0441)
(inputenc)                not set up for use with LaTeX.

See the inputenc package documentation for explanation.
Type  H <return>  for immediate help.
 ...                                              
                                                  
l.9 –≠–∫—Å
          –ø–µ—Ä–∏–º–µ–Ω—Ç –≤–∫–ª—é—á–∞–µ—Ç —Ä–∞—Å—Å–º–æ—Ç—Ä–µ–Ω–∏–µ —Ç–æ–ª—...

You may provide a definition with
\DeclareUnicodeCharacter 


! Package inputenc Error: Unicode character –ø (U+043F)
(inputenc)                not set up for use with LaTeX.

See the inputenc package documentation for explanation.
Type  H <return>  for immediate help.
 ...                                              
                                                  
l.9 –≠–∫—Å–ø
            –µ—Ä–∏–º–µ–Ω—Ç –≤–∫–ª—é—á–∞–µ—Ç —Ä–∞—Å—Å–º–æ—Ç—Ä–µ–Ω–∏–µ —Ç–æ–ª—...

You may provide a definition with
\DeclareUnicodeCharacter 


! Package inputenc Error: Unicode character –µ (U+0435)
(inputenc)                not set up for use with LaTeX.

See the inputenc package documentation for explanation.
Type  H <return>  for immediate help.
 ...                                              
                                                  
l.9 –≠–∫—Å–ø–µ
              —Ä–∏–º–µ–Ω—Ç –≤–∫–ª—é—á–∞–µ—Ç —Ä–∞—Å—Å–º–æ—Ç—Ä–µ–Ω–∏–µ —Ç–æ–ª—...

You may provide a definition with
\DeclareUnicodeCharacter 


! Package inputenc Error: Unicode character —Ä (U+0440)
(inputenc)                not set up for use with LaTeX.

See the inputenc package documentation for explanation.
Type  H <return>  for immediate help.
 ...                                              
                                                  
l.9 –≠–∫—Å–ø–µ—Ä
                –∏–º–µ–Ω—Ç –≤–∫–ª—é—á–∞–µ—Ç —Ä–∞—Å—Å–º–æ—Ç—Ä–µ–Ω–∏–µ —Ç–æ–ª—...

You may provide a definition with
\DeclareUnicodeCharacter 


! Package inputenc Error: Unicode character –∏ (U+0438)
(inputenc)                not set up for use with LaTeX.

See the inputenc package documentation for explanation.
Type  H <return>  for immediate help.
 ...                                              
                                                  
l.9 –≠–∫—Å–ø–µ—Ä–∏
                  –º–µ–Ω—Ç –≤–∫–ª—é—á–∞–µ—Ç —Ä–∞—Å—Å–º–æ—Ç—Ä–µ–Ω–∏–µ —Ç–æ–ª—...

You may provide a definition with
\DeclareUnicodeCharacter 


! Package inputenc Error: Unicode character –º (U+043C)
(inputenc)                not set up for use with LaTeX.

See the inputenc package documentation for explanation.
Type  H <return>  for immediate help.
 ...                                              
                                                  
l.9 –≠–∫—Å–ø–µ—Ä–∏–º
                    –µ–Ω—Ç –≤–∫–ª—é—á–∞–µ—Ç —Ä–∞—Å—Å–º–æ—Ç—Ä–µ–Ω–∏–µ —Ç–æ–ª—...

You may provide a definition with
\DeclareUnicodeCharacter 


! Package inputenc Error: Unicode character –µ (U+0435)
(inputenc)                not set up for use with LaTeX.

See the inputenc package documentation for explanation.
Type  H <return>  for immediate help.
 ...                                              
                                                  
l.9 –≠–∫—Å–ø–µ—Ä–∏–º–µ
                      –Ω—Ç –≤–∫–ª—é—á–∞–µ—Ç —Ä–∞—Å—Å–º–æ—Ç—Ä–µ–Ω–∏–µ —Ç–æ–ª—...

You may provide a definition with
\DeclareUnicodeCharacter 


! Package inputenc Error: Unicode character –Ω (U+043D)
(inputenc)                not set up for use with LaTeX.

See the inputenc package documentation for explanation.
Type  H <return>  for immediate help.
 ...                                              
                                                  
l.9 –≠–∫—Å–ø–µ—Ä–∏–º–µ–Ω
                        —Ç –≤–∫–ª—é—á–∞–µ—Ç —Ä–∞—Å—Å–º–æ—Ç—Ä–µ–Ω–∏–µ —Ç–æ–ª—...

You may provide a definition with
\DeclareUnicodeCharacter 


! Package inputenc Error: Unicode character —Ç (U+0442)
(inputenc)                not set up for use with LaTeX.

See the inputenc package documentation for explanation.
Type  H <return>  for immediate help.
 ...                                              
                                                  
l.9 –≠–∫—Å–ø–µ—Ä–∏–º–µ–Ω—Ç
                           –≤–∫–ª—é—á–∞–µ—Ç —Ä–∞—Å—Å–º–æ—Ç—Ä–µ–Ω–∏–µ —Ç–æ–ª—...

You may provide a definition with
\DeclareUnicodeCharacter 


! Package inputenc Error: Unicode character –≤ (U+0432)
(inputenc)                not set up for use with LaTeX.

See the inputenc package documentation for explanation.
Type  H <return>  for immediate help.
 ...                                              
                                                  
l.9 –≠–∫—Å–ø–µ—Ä–∏–º–µ–Ω—Ç –≤
                             –∫–ª—é—á–∞–µ—Ç —Ä–∞—Å—Å–º–æ—Ç—Ä–µ–Ω–∏–µ —Ç–æ–ª—...

You may provide a definition with
\DeclareUnicodeCharacter 


! Package inputenc Error: Unicode character –∫ (U+043A)
(inputenc)                not set up for use with LaTeX.

See the inputenc package documentation for explanation.
Type  H <return>  for immediate help.
 ...                                              
                                                  
l.9 –≠–∫—Å–ø–µ—Ä–∏–º–µ–Ω—Ç –≤–∫
                               –ª—é—á–∞–µ—Ç —Ä–∞—Å—Å–º–æ—Ç—Ä–µ–Ω–∏–µ —Ç–æ–ª—...

You may provide a definition with
\DeclareUnicodeCharacter 


! Package inputenc Error: Unicode character –ª (U+043B)
(inputenc)                not set up for use with LaTeX.

See the inputenc package documentation for explanation.
Type  H <return>  for immediate help.
 ...                                              
                                                  
l.9 –≠–∫—Å–ø–µ—Ä–∏–º–µ–Ω—Ç –≤–∫–ª
                                 —é—á–∞–µ—Ç —Ä–∞—Å—Å–º–æ—Ç—Ä–µ–Ω–∏–µ —Ç–æ–ª—...

You may provide a definition with
\DeclareUnicodeCharacter 


! Package inputenc Error: Unicode character —é (U+044E)
(inputenc)                not set up for use with LaTeX.

See the inputenc package documentation for explanation.
Type  H <return>  for immediate help.
 ...                                              
                                                  
l.9 –≠–∫—Å–ø–µ—Ä–∏–º–µ–Ω—Ç –≤–∫–ª—é
                                   —á–∞–µ—Ç —Ä–∞—Å—Å–º–æ—Ç—Ä–µ–Ω–∏–µ —Ç–æ–ª—...

You may provide a definition with
\DeclareUnicodeCharacter 


! Package inputenc Error: Unicode character —á (U+0447)
(inputenc)                not set up for use with LaTeX.

See the inputenc package documentation for explanation.
Type  H <return>  for immediate help.
 ...                                              
                                                  
l.9 –≠–∫—Å–ø–µ—Ä–∏–º–µ–Ω—Ç –≤–∫–ª—é—á
                                     –∞–µ—Ç —Ä–∞—Å—Å–º–æ—Ç—Ä–µ–Ω–∏–µ —Ç–æ–ª—...

You may provide a definition with
\DeclareUnicodeCharacter 


! Package inputenc Error: Unicode character –∞ (U+0430)
(inputenc)                not set up for use with LaTeX.

See the inputenc package documentation for explanation.
Type  H <return>  for immediate help.
 ...                                              
                                                  
l.9 –≠–∫—Å–ø–µ—Ä–∏–º–µ–Ω—Ç –≤–∫–ª—é—á–∞
                                       –µ—Ç —Ä–∞—Å—Å–º–æ—Ç—Ä–µ–Ω–∏–µ —Ç–æ–ª—...

You may provide a definition with
\DeclareUnicodeCharacter 


! Package inputenc Error: Unicode character –µ (U+0435)
(inputenc)                not set up for use with LaTeX.

See the inputenc package documentation for explanation.
Type  H <return>  for immediate help.
 ...                                              
                                                  
l.9 –≠–∫—Å–ø–µ—Ä–∏–º–µ–Ω—Ç –≤–∫–ª—é—á–∞–µ
                                         —Ç —Ä–∞—Å—Å–º–æ—Ç—Ä–µ–Ω–∏–µ —Ç–æ–ª—...

You may provide a definition with
\DeclareUnicodeCharacter 


! Package inputenc Error: Unicode character —Ç (U+0442)
(inputenc)                not set up for use with LaTeX.

See the inputenc package documentation for explanation.
Type  H <return>  for immediate help.
 ...                                              
                                                  
l.9 –≠–∫—Å–ø–µ—Ä–∏–º–µ–Ω—Ç –≤–∫–ª—é—á–∞–µ—Ç
                                            —Ä–∞—Å—Å–º–æ—Ç—Ä–µ–Ω–∏–µ —Ç–æ–ª—...

You may provide a definition with
\DeclareUnicodeCharacter 


! Package inputenc Error: Unicode character —Ä (U+0440)
(inputenc)                not set up for use with LaTeX.

See the inputenc package documentation for explanation.
Type  H <return>  for immediate help.
 ...                                              
                                                  
l.9 –≠–∫—Å–ø–µ—Ä–∏–º–µ–Ω—Ç –≤–∫–ª—é—á–∞–µ—Ç —Ä
                                              –∞—Å—Å–º–æ—Ç—Ä–µ–Ω–∏–µ —Ç–æ–ª—...

You may provide a definition with
\DeclareUnicodeCharacter 


! Package inputenc Error: Unicode character –∞ (U+0430)
(inputenc)                not set up for use with LaTeX.

See the inputenc package documentation for explanation.
Type  H <return>  for immediate help.
 ...                                              
                                                  
l.9 –≠–∫—Å–ø–µ—Ä–∏–º–µ–Ω—Ç –≤–∫–ª—é—á–∞–µ—Ç —Ä–∞
                                                —Å—Å–º–æ—Ç—Ä–µ–Ω–∏–µ —Ç–æ–ª—...

You may provide a definition with
\DeclareUnicodeCharacter 


! Package inputenc Error: Unicode character —Å (U+0441)
(inputenc)                not set up for use with LaTeX.

See the inputenc package documentation for explanation.
Type  H <return>  for immediate help.
 ...                                              
                                                  
l.9 –≠–∫—Å–ø–µ—Ä–∏–º–µ–Ω—Ç –≤–∫–ª—é—á–∞–µ—Ç —Ä–∞—Å
                                                  —Å–º–æ—Ç—Ä–µ–Ω–∏–µ —Ç–æ–ª—...

You may provide a definition with
\DeclareUnicodeCharacter 


! Package inputenc Error: Unicode character —Å (U+0441)
(inputenc)                not set up for use with LaTeX.

See the inputenc package documentation for explanation.
Type  H <return>  for immediate help.
 ...                                              
                                                  
l.9 ...Å–ø–µ—Ä–∏–º–µ–Ω—Ç –≤–∫–ª—é—á–∞–µ—Ç —Ä–∞—Å—Å
                                                  –º–æ—Ç—Ä–µ–Ω–∏–µ —Ç–æ–ª—å–...

You may provide a definition with
\DeclareUnicodeCharacter 


! Package inputenc Error: Unicode character –º (U+043C)
(inputenc)                not set up for use with LaTeX.

See the inputenc package documentation for explanation.
Type  H <return>  for immediate help.
 ...                                              
                                                  
l.9 ...ø–µ—Ä–∏–º–µ–Ω—Ç –≤–∫–ª—é—á–∞–µ—Ç —Ä–∞—Å—Å–º
                                                  –æ—Ç—Ä–µ–Ω–∏–µ —Ç–æ–ª—å–∫–...

You may provide a definition with
\DeclareUnicodeCharacter 


! Package inputenc Error: Unicode character –æ (U+043E)
(inputenc)                not set up for use with LaTeX.

See the inputenc package documentation for explanation.
Type  H <return>  for immediate help.
 ...                                              
                                                  
l.9 ...µ—Ä–∏–º–µ–Ω—Ç –≤–∫–ª—é—á–∞–µ—Ç —Ä–∞—Å—Å–º–æ
                                                  —Ç—Ä–µ–Ω–∏–µ —Ç–æ–ª—å–∫–æ ...

You may provide a definition with
\DeclareUnicodeCharacter 


! Package inputenc Error: Unicode character —Ç (U+0442)
(inputenc)                not set up for use with LaTeX.

See the inputenc package documentation for explanation.
Type  H <return>  for immediate help.
 ...                                              
                                                  
l.9 ...Ä–∏–º–µ–Ω—Ç –≤–∫–ª—é—á–∞–µ—Ç —Ä–∞—Å—Å–º–æ—Ç
                                                  —Ä–µ–Ω–∏–µ —Ç–æ–ª—å–∫–æ –º...

You may provide a definition with
\DeclareUnicodeCharacter 


! Package inputenc Error: Unicode character —Ä (U+0440)
(inputenc)                not set up for use with LaTeX.

See the inputenc package documentation for explanation.
Type  H <return>  for immediate help.
 ...                                              
                                                  
l.9 ...∏–º–µ–Ω—Ç –≤–∫–ª—é—á–∞–µ—Ç —Ä–∞—Å—Å–º–æ—Ç—Ä
                                                  –µ–Ω–∏–µ —Ç–æ–ª—å–∫–æ –º–æ...

You may provide a definition with
\DeclareUnicodeCharacter 


! Package inputenc Error: Unicode character –µ (U+0435)
(inputenc)                not set up for use with LaTeX.

See the inputenc package documentation for explanation.
Type  H <return>  for immediate help.
 ...                                              
                                                  
l.9 ...º–µ–Ω—Ç –≤–∫–ª—é—á–∞–µ—Ç —Ä–∞—Å—Å–º–æ—Ç—Ä–µ
                                                  –Ω–∏–µ —Ç–æ–ª—å–∫–æ –º–æ–¥...

You may provide a definition with
\DeclareUnicodeCharacter 


! Package inputenc Error: Unicode character –Ω (U+043D)
(inputenc)                not set up for use with LaTeX.

See the inputenc package documentation for explanation.
Type  H <return>  for immediate help.
 ...                                              
                                                  
l.9 ...µ–Ω—Ç –≤–∫–ª—é—á–∞–µ—Ç —Ä–∞—Å—Å–º–æ—Ç—Ä–µ–Ω
                                                  –∏–µ —Ç–æ–ª—å–∫–æ –º–æ–¥–µ...

You may provide a definition with
\DeclareUnicodeCharacter 


! Package inputenc Error: Unicode character –∏ (U+0438)
(inputenc)                not set up for use with LaTeX.

See the inputenc package documentation for explanation.
Type  H <return>  for immediate help.
 ...                                              
                                                  
l.9 ...Ω—Ç –≤–∫–ª—é—á–∞–µ—Ç —Ä–∞—Å—Å–º–æ—Ç—Ä–µ–Ω–∏
                                                  –µ —Ç–æ–ª—å–∫–æ –º–æ–¥–µ–ª...

You may provide a definition with
\DeclareUnicodeCharacter 


! Package inputenc Error: Unicode character –µ (U+0435)
(inputenc)                not set up for use with LaTeX.

See the inputenc package documentation for explanation.
Type  H <return>  for immediate help.
 ...                                              
                                                  
l.9 ...Ç –≤–∫–ª—é—á–∞–µ—Ç —Ä–∞—Å—Å–º–æ—Ç—Ä–µ–Ω–∏–µ
                                                   —Ç–æ–ª—å–∫–æ –º–æ–¥–µ–ª–µ...

You may provide a definition with
\DeclareUnicodeCharacter 


! Package inputenc Error: Unicode character —Ç (U+0442)
(inputenc)                not set up for use with LaTeX.

See the inputenc package documentation for explanation.
Type  H <return>  for immediate help.
 ...                                              
                                                  
l.9 ...≤–∫–ª—é—á–∞–µ—Ç —Ä–∞—Å—Å–º–æ—Ç—Ä–µ–Ω–∏–µ —Ç
                                                  –æ–ª—å–∫–æ –º–æ–¥–µ–ª–µ–π ...

You may provide a definition with
\DeclareUnicodeCharacter 


! Package inputenc Error: Unicode character –æ (U+043E)
(inputenc)                not set up for use with LaTeX.

See the inputenc package documentation for explanation.
Type  H <return>  for immediate help.
 ...                                              
                                                  
l.9 ...∫–ª—é—á–∞–µ—Ç —Ä–∞—Å—Å–º–æ—Ç—Ä–µ–Ω–∏–µ —Ç–æ
                                                  –ª—å–∫–æ –º–æ–¥–µ–ª–µ–π —Ä...

You may provide a definition with
\DeclareUnicodeCharacter 


! Package inputenc Error: Unicode character –ª (U+043B)
(inputenc)                not set up for use with LaTeX.

See the inputenc package documentation for explanation.
Type  H <return>  for immediate help.
 ...                                              
                                                  
l.9 ...ª—é—á–∞–µ—Ç —Ä–∞—Å—Å–º–æ—Ç—Ä–µ–Ω–∏–µ —Ç–æ–ª
                                                  —å–∫–æ –º–æ–¥–µ–ª–µ–π —Ä–∞...

You may provide a definition with
\DeclareUnicodeCharacter 


! Package inputenc Error: Unicode character —å (U+044C)
(inputenc)                not set up for use with LaTeX.

See the inputenc package documentation for explanation.
Type  H <return>  for immediate help.
 ...                                              
                                                  
l.9 ...é—á–∞–µ—Ç —Ä–∞—Å—Å–º–æ—Ç—Ä–µ–Ω–∏–µ —Ç–æ–ª—å
                                                  –∫–æ –º–æ–¥–µ–ª–µ–π —Ä–∞—Å...

You may provide a definition with
\DeclareUnicodeCharacter 


! Package inputenc Error: Unicode character –∫ (U+043A)
(inputenc)                not set up for use with LaTeX.

See the inputenc package documentation for explanation.
Type  H <return>  for immediate help.
 ...                                              
                                                  
l.9 ...á–∞–µ—Ç —Ä–∞—Å—Å–º–æ—Ç—Ä–µ–Ω–∏–µ —Ç–æ–ª—å–∫
                                                  –æ –º–æ–¥–µ–ª–µ–π —Ä–∞—Å–ø...

You may provide a definition with
\DeclareUnicodeCharacter 


! Package inputenc Error: Unicode character –æ (U+043E)
(inputenc)                not set up for use with LaTeX.

See the inputenc package documentation for explanation.
Type  H <return>  for immediate help.
 ...                                              
                                                  
l.9 ...∞–µ—Ç —Ä–∞—Å—Å–º–æ—Ç—Ä–µ–Ω–∏–µ —Ç–æ–ª—å–∫–æ
                                                   –º–æ–¥–µ–ª–µ–π —Ä–∞—Å–ø–æ...

You may provide a definition with
\DeclareUnicodeCharacter 


! Package inputenc Error: Unicode character –º (U+043C)
(inputenc)                not set up for use with LaTeX.

See the inputenc package documentation for explanation.
Type  H <return>  for immediate help.
 ...                                              
                                                  
l.9 ...—Ç —Ä–∞—Å—Å–º–æ—Ç—Ä–µ–Ω–∏–µ —Ç–æ–ª—å–∫–æ –º
                                                  –æ–¥–µ–ª–µ–π —Ä–∞—Å–ø–æ–∑–...

You may provide a definition with
\DeclareUnicodeCharacter 


! Package inputenc Error: Unicode character –æ (U+043E)
(inputenc)                not set up for use with LaTeX.

See the inputenc package documentation for explanation.
Type  H <return>  for immediate help.
 ...                                              
                                                  
l.9 ... —Ä–∞—Å—Å–º–æ—Ç—Ä–µ–Ω–∏–µ —Ç–æ–ª—å–∫–æ –º–æ
                                                  –¥–µ–ª–µ–π —Ä–∞—Å–ø–æ–∑–Ω–...

You may provide a definition with
\DeclareUnicodeCharacter 


! Package inputenc Error: Unicode character –¥ (U+0434)
(inputenc)                not set up for use with LaTeX.

See the inputenc package documentation for explanation.
Type  H <return>  for immediate help.
 ...                                              
                                                  
l.9 ...Ä–∞—Å—Å–º–æ—Ç—Ä–µ–Ω–∏–µ —Ç–æ–ª—å–∫–æ –º–æ–¥
                                                  –µ–ª–µ–π —Ä–∞—Å–ø–æ–∑–Ω–∞–...

You may provide a definition with
\DeclareUnicodeCharacter 


! Package inputenc Error: Unicode character –µ (U+0435)
(inputenc)                not set up for use with LaTeX.

See the inputenc package documentation for explanation.
Type  H <return>  for immediate help.
 ...                                              
                                                  
l.9 ...∞—Å—Å–º–æ—Ç—Ä–µ–Ω–∏–µ —Ç–æ–ª—å–∫–æ –º–æ–¥–µ
                                                  –ª–µ–π —Ä–∞—Å–ø–æ–∑–Ω–∞–≤–...

You may provide a definition with
\DeclareUnicodeCharacter 


! Package inputenc Error: Unicode character –ª (U+043B)
(inputenc)                not set up for use with LaTeX.

See the inputenc package documentation for explanation.
Type  H <return>  for immediate help.
 ...                                              
                                                  
l.9 ...Å—Å–º–æ—Ç—Ä–µ–Ω–∏–µ —Ç–æ–ª—å–∫–æ –º–æ–¥–µ–ª
                                                  –µ–π —Ä–∞—Å–ø–æ–∑–Ω–∞–≤–∞–...

You may provide a definition with
\DeclareUnicodeCharacter 


! Package inputenc Error: Unicode character –µ (U+0435)
(inputenc)                not set up for use with LaTeX.

See the inputenc package documentation for explanation.
Type  H <return>  for immediate help.
 ...                                              
                                                  
l.9 ...Å–º–æ—Ç—Ä–µ–Ω–∏–µ —Ç–æ–ª—å–∫–æ –º–æ–¥–µ–ª–µ
                                                  –π —Ä–∞—Å–ø–æ–∑–Ω–∞–≤–∞–Ω–...

You may provide a definition with
\DeclareUnicodeCharacter 


! Package inputenc Error: Unicode character –π (U+0439)
(inputenc)                not set up for use with LaTeX.

See the inputenc package documentation for explanation.
Type  H <return>  for immediate help.
 ...                                              
                                                  
l.9 ...º–æ—Ç—Ä–µ–Ω–∏–µ —Ç–æ–ª—å–∫–æ –º–æ–¥–µ–ª–µ–π
                                                   —Ä–∞—Å–ø–æ–∑–Ω–∞–≤–∞–Ω–∏—...

You may provide a definition with
\DeclareUnicodeCharacter 


! Package inputenc Error: Unicode character —Ä (U+0440)
(inputenc)                not set up for use with LaTeX.

See the inputenc package documentation for explanation.
Type  H <return>  for immediate help.
 ...                                              
                                                  
l.9 ...—Ç—Ä–µ–Ω–∏–µ —Ç–æ–ª—å–∫–æ –º–æ–¥–µ–ª–µ–π —Ä
                                                  –∞—Å–ø–æ–∑–Ω–∞–≤–∞–Ω–∏—è –...

You may provide a definition with
\DeclareUnicodeCharacter 


! Package inputenc Error: Unicode character –∞ (U+0430)
(inputenc)                not set up for use with LaTeX.

See the inputenc package documentation for explanation.
Type  H <return>  for immediate help.
 ...                                              
                                                  
l.9 ...—Ä–µ–Ω–∏–µ —Ç–æ–ª—å–∫–æ –º–æ–¥–µ–ª–µ–π —Ä–∞
                                                  —Å–ø–æ–∑–Ω–∞–≤–∞–Ω–∏—è –∫–...

You may provide a definition with
\DeclareUnicodeCharacter 


! Package inputenc Error: Unicode character —Å (U+0441)
(inputenc)                not set up for use with LaTeX.

See the inputenc package documentation for explanation.
Type  H <return>  for immediate help.
 ...                                              
                                                  
l.9 ...–µ–Ω–∏–µ —Ç–æ–ª—å–∫–æ –º–æ–¥–µ–ª–µ–π —Ä–∞—Å
                                                  –ø–æ–∑–Ω–∞–≤–∞–Ω–∏—è –∫–ª—...

You may provide a definition with
\DeclareUnicodeCharacter 


! Package inputenc Error: Unicode character –ø (U+043F)
(inputenc)                not set up for use with LaTeX.

See the inputenc package documentation for explanation.
Type  H <return>  for immediate help.
 ...                                              
                                                  
l.9 ...–Ω–∏–µ —Ç–æ–ª—å–∫–æ –º–æ–¥–µ–ª–µ–π —Ä–∞—Å–ø
                                                  –æ–∑–Ω–∞–≤–∞–Ω–∏—è –∫–ª—é—...

You may provide a definition with
\DeclareUnicodeCharacter 


! Package inputenc Error: Unicode character –æ (U+043E)
(inputenc)                not set up for use with LaTeX.

See the inputenc package documentation for explanation.
Type  H <return>  for immediate help.
 ...                                              
                                                  
l.9 ...–∏–µ —Ç–æ–ª—å–∫–æ –º–æ–¥–µ–ª–µ–π —Ä–∞—Å–ø–æ
                                                  –∑–Ω–∞–≤–∞–Ω–∏—è –∫–ª—é—á–...

You may provide a definition with
\DeclareUnicodeCharacter 


! Package inputenc Error: Unicode character –∑ (U+0437)
(inputenc)                not set up for use with LaTeX.

See the inputenc package documentation for explanation.
Type  H <return>  for immediate help.
 ...                                              
                                                  
l.9 ...–µ —Ç–æ–ª—å–∫–æ –º–æ–¥–µ–ª–µ–π —Ä–∞—Å–ø–æ–∑
                                                  –Ω–∞–≤–∞–Ω–∏—è –∫–ª—é—á–µ–...

You may provide a definition with
\DeclareUnicodeCharacter 


! Package inputenc Error: Unicode character –Ω (U+043D)
(inputenc)                not set up for use with LaTeX.

See the inputenc package documentation for explanation.
Type  H <return>  for immediate help.
 ...                                              
                                                  
l.9 ... —Ç–æ–ª—å–∫–æ –º–æ–¥–µ–ª–µ–π —Ä–∞—Å–ø–æ–∑–Ω
                                                  –∞–≤–∞–Ω–∏—è –∫–ª—é—á–µ–≤—...

You may provide a definition with
\DeclareUnicodeCharacter 


! Package inputenc Error: Unicode character –∞ (U+0430)
(inputenc)                not set up for use with LaTeX.

See the inputenc package documentation for explanation.
Type  H <return>  for immediate help.
 ...                                              
                                                  
l.9 ...Ç–æ–ª—å–∫–æ –º–æ–¥–µ–ª–µ–π —Ä–∞—Å–ø–æ–∑–Ω–∞
                                                  –≤–∞–Ω–∏—è –∫–ª—é—á–µ–≤—ã—...

You may provide a definition with
\DeclareUnicodeCharacter 


! Package inputenc Error: Unicode character –≤ (U+0432)
(inputenc)                not set up for use with LaTeX.

See the inputenc package documentation for explanation.
Type  H <return>  for immediate help.
 ...                                              
                                                  
l.9 ...æ–ª—å–∫–æ –º–æ–¥–µ–ª–µ–π —Ä–∞—Å–ø–æ–∑–Ω–∞–≤
                                                  –∞–Ω–∏—è –∫–ª—é—á–µ–≤—ã—Ö ...

You may provide a definition with
\DeclareUnicodeCharacter 


! Package inputenc Error: Unicode character –∞ (U+0430)
(inputenc)                not set up for use with LaTeX.

See the inputenc package documentation for explanation.
Type  H <return>  for immediate help.
 ...                                              
                                                  
l.9 ...ª—å–∫–æ –º–æ–¥–µ–ª–µ–π —Ä–∞—Å–ø–æ–∑–Ω–∞–≤–∞
                                                  –Ω–∏—è –∫–ª—é—á–µ–≤—ã—Ö —Ç...

You may provide a definition with
\DeclareUnicodeCharacter 


! Package inputenc Error: Unicode character –Ω (U+043D)
(inputenc)                not set up for use with LaTeX.

See the inputenc package documentation for explanation.
Type  H <return>  for immediate help.
 ...                                              
                                                  
l.9 ...å–∫–æ –º–æ–¥–µ–ª–µ–π —Ä–∞—Å–ø–æ–∑–Ω–∞–≤–∞–Ω
                                                  –∏—è –∫–ª—é—á–µ–≤—ã—Ö —Ç–æ...

You may provide a definition with
\DeclareUnicodeCharacter 


! Package inputenc Error: Unicode character –∏ (U+0438)
(inputenc)                not set up for use with LaTeX.

See the inputenc package documentation for explanation.
Type  H <return>  for immediate help.
 ...                                              
                                                  
l.9 ...∫–æ –º–æ–¥–µ–ª–µ–π —Ä–∞—Å–ø–æ–∑–Ω–∞–≤–∞–Ω–∏
                                                  —è –∫–ª—é—á–µ–≤—ã—Ö —Ç–æ—á...

You may provide a definition with
\DeclareUnicodeCharacter 


! Package inputenc Error: Unicode character —è (U+044F)
(inputenc)                not set up for use with LaTeX.

See the inputenc package documentation for explanation.
Type  H <return>  for immediate help.
 ...                                              
                                                  
l.9 ...æ –º–æ–¥–µ–ª–µ–π —Ä–∞—Å–ø–æ–∑–Ω–∞–≤–∞–Ω–∏—è
                                                   –∫–ª—é—á–µ–≤—ã—Ö —Ç–æ—á–µ...

You may provide a definition with
\DeclareUnicodeCharacter 


! Package inputenc Error: Unicode character –∫ (U+043A)
(inputenc)                not set up for use with LaTeX.

See the inputenc package documentation for explanation.
Type  H <return>  for immediate help.
 ...                                              
                                                  
l.9 ...º–æ–¥–µ–ª–µ–π —Ä–∞—Å–ø–æ–∑–Ω–∞–≤–∞–Ω–∏—è –∫
                                                  –ª—é—á–µ–≤—ã—Ö —Ç–æ—á–µ–∫ ...

You may provide a definition with
\DeclareUnicodeCharacter 


! Package inputenc Error: Unicode character –ª (U+043B)
(inputenc)                not set up for use with LaTeX.

See the inputenc package documentation for explanation.
Type  H <return>  for immediate help.
 ...                                              
                                                  
l.9 ...æ–¥–µ–ª–µ–π —Ä–∞—Å–ø–æ–∑–Ω–∞–≤–∞–Ω–∏—è –∫–ª
                                                  —é—á–µ–≤—ã—Ö —Ç–æ—á–µ–∫ –Ω...

You may provide a definition with
\DeclareUnicodeCharacter 


! Package inputenc Error: Unicode character —é (U+044E)
(inputenc)                not set up for use with LaTeX.

See the inputenc package documentation for explanation.
Type  H <return>  for immediate help.
 ...                                              
                                                  
l.9 ...¥–µ–ª–µ–π —Ä–∞—Å–ø–æ–∑–Ω–∞–≤–∞–Ω–∏—è –∫–ª—é
                                                  —á–µ–≤—ã—Ö —Ç–æ—á–µ–∫ –Ω–∞...

You may provide a definition with
\DeclareUnicodeCharacter 


! Package inputenc Error: Unicode character —á (U+0447)
(inputenc)                not set up for use with LaTeX.

See the inputenc package documentation for explanation.
Type  H <return>  for immediate help.
 ...                                              
                                                  
l.9 ...µ–ª–µ–π —Ä–∞—Å–ø–æ–∑–Ω–∞–≤–∞–Ω–∏—è –∫–ª—é—á
                                                  –µ–≤—ã—Ö —Ç–æ—á–µ–∫ –Ω–∞ —...

You may provide a definition with
\DeclareUnicodeCharacter 


! Package inputenc Error: Unicode character –µ (U+0435)
(inputenc)                not set up for use with LaTeX.

See the inputenc package documentation for explanation.
Type  H <return>  for immediate help.
 ...                                              
                                                  
l.9 ...ª–µ–π —Ä–∞—Å–ø–æ–∑–Ω–∞–≤–∞–Ω–∏—è –∫–ª—é—á–µ
                                                  –≤—ã—Ö —Ç–æ—á–µ–∫ –Ω–∞ —Ç–...

You may provide a definition with
\DeclareUnicodeCharacter 


! Package inputenc Error: Unicode character –≤ (U+0432)
(inputenc)                not set up for use with LaTeX.

See the inputenc package documentation for explanation.
Type  H <return>  for immediate help.
 ...                                              
                                                  
l.9 ...µ–π —Ä–∞—Å–ø–æ–∑–Ω–∞–≤–∞–Ω–∏—è –∫–ª—é—á–µ–≤
                                                  —ã—Ö —Ç–æ—á–µ–∫ –Ω–∞ —Ç–µ–...

You may provide a definition with
\DeclareUnicodeCharacter 


! Package inputenc Error: Unicode character —ã (U+044B)
(inputenc)                not set up for use with LaTeX.

See the inputenc package documentation for explanation.
Type  H <return>  for immediate help.
 ...                                              
                                                  
l.9 ...π —Ä–∞—Å–ø–æ–∑–Ω–∞–≤–∞–Ω–∏—è –∫–ª—é—á–µ–≤—ã
                                                  —Ö —Ç–æ—á–µ–∫ –Ω–∞ —Ç–µ–ª–...

You may provide a definition with
\DeclareUnicodeCharacter 


! Package inputenc Error: Unicode character —Ö (U+0445)
(inputenc)                not set up for use with LaTeX.

See the inputenc package documentation for explanation.
Type  H <return>  for immediate help.
 ...                                              
                                                  
l.9 ...—Ä–∞—Å–ø–æ–∑–Ω–∞–≤–∞–Ω–∏—è –∫–ª—é—á–µ–≤—ã—Ö
                                                   —Ç–æ—á–µ–∫ –Ω–∞ —Ç–µ–ª–µ ...

You may provide a definition with
\DeclareUnicodeCharacter 


! Package inputenc Error: Unicode character —Ç (U+0442)
(inputenc)                not set up for use with LaTeX.

See the inputenc package documentation for explanation.
Type  H <return>  for immediate help.
 ...                                              
                                                  
l.9 ...∞—Å–ø–æ–∑–Ω–∞–≤–∞–Ω–∏—è –∫–ª—é—á–µ–≤—ã—Ö —Ç
                                                  –æ—á–µ–∫ –Ω–∞ —Ç–µ–ª–µ —á–...

You may provide a definition with
\DeclareUnicodeCharacter 


! Package inputenc Error: Unicode character –æ (U+043E)
(inputenc)                not set up for use with LaTeX.

See the inputenc package documentation for explanation.
Type  H <return>  for immediate help.
 ...                                              
                                                  
l.9 ...Å–ø–æ–∑–Ω–∞–≤–∞–Ω–∏—è –∫–ª—é—á–µ–≤—ã—Ö —Ç–æ
                                                  —á–µ–∫ –Ω–∞ —Ç–µ–ª–µ —á–µ–...

You may provide a definition with
\DeclareUnicodeCharacter 


! Package inputenc Error: Unicode character —á (U+0447)
(inputenc)                not set up for use with LaTeX.

See the inputenc package documentation for explanation.
Type  H <return>  for immediate help.
 ...                                              
                                                  
l.9 ...ø–æ–∑–Ω–∞–≤–∞–Ω–∏—è –∫–ª—é—á–µ–≤—ã—Ö —Ç–æ—á
                                                  –µ–∫ –Ω–∞ —Ç–µ–ª–µ —á–µ–ª–...

You may provide a definition with
\DeclareUnicodeCharacter 


! Package inputenc Error: Unicode character –µ (U+0435)
(inputenc)                not set up for use with LaTeX.

See the inputenc package documentation for explanation.
Type  H <return>  for immediate help.
 ...                                              
                                                  
l.9 ...æ–∑–Ω–∞–≤–∞–Ω–∏—è –∫–ª—é—á–µ–≤—ã—Ö —Ç–æ—á–µ
                                                  –∫ –Ω–∞ —Ç–µ–ª–µ —á–µ–ª–æ–...

You may provide a definition with
\DeclareUnicodeCharacter 


! Package inputenc Error: Unicode character –∫ (U+043A)
(inputenc)                not set up for use with LaTeX.

See the inputenc package documentation for explanation.
Type  H <return>  for immediate help.
 ...                                              
                                                  
l.9 ...∑–Ω–∞–≤–∞–Ω–∏—è –∫–ª—é—á–µ–≤—ã—Ö —Ç–æ—á–µ–∫
                                                   –Ω–∞ —Ç–µ–ª–µ —á–µ–ª–æ–≤–...

You may provide a definition with
\DeclareUnicodeCharacter 


! Package inputenc Error: Unicode character –Ω (U+043D)
(inputenc)                not set up for use with LaTeX.

See the inputenc package documentation for explanation.
Type  H <return>  for immediate help.
 ...                                              
                                                  
l.9 ...–∞–≤–∞–Ω–∏—è –∫–ª—é—á–µ–≤—ã—Ö —Ç–æ—á–µ–∫ –Ω
                                                  –∞ —Ç–µ–ª–µ —á–µ–ª–æ–≤–µ–∫...

You may provide a definition with
\DeclareUnicodeCharacter 


! Package inputenc Error: Unicode character –∞ (U+0430)
(inputenc)                not set up for use with LaTeX.

See the inputenc package documentation for explanation.
Type  H <return>  for immediate help.
 ...                                              
                                                  
l.9 ...–≤–∞–Ω–∏—è –∫–ª—é—á–µ–≤—ã—Ö —Ç–æ—á–µ–∫ –Ω–∞
                                                   —Ç–µ–ª–µ —á–µ–ª–æ–≤–µ–∫–∞...

You may provide a definition with
\DeclareUnicodeCharacter 


! Package inputenc Error: Unicode character —Ç (U+0442)
(inputenc)                not set up for use with LaTeX.

See the inputenc package documentation for explanation.
Type  H <return>  for immediate help.
 ...                                              
                                                  
l.9 ...∞–Ω–∏—è –∫–ª—é—á–µ–≤—ã—Ö —Ç–æ—á–µ–∫ –Ω–∞ —Ç
                                                  –µ–ª–µ —á–µ–ª–æ–≤–µ–∫–∞, —...

You may provide a definition with
\DeclareUnicodeCharacter 


! Package inputenc Error: Unicode character –µ (U+0435)
(inputenc)                not set up for use with LaTeX.

See the inputenc package documentation for explanation.
Type  H <return>  for immediate help.
 ...                                              
                                                  
l.9 ...Ω–∏—è –∫–ª—é—á–µ–≤—ã—Ö —Ç–æ—á–µ–∫ –Ω–∞ —Ç–µ
                                                  –ª–µ —á–µ–ª–æ–≤–µ–∫–∞, —Ç–...

You may provide a definition with
\DeclareUnicodeCharacter 


! Package inputenc Error: Unicode character –ª (U+043B)
(inputenc)                not set up for use with LaTeX.

See the inputenc package documentation for explanation.
Type  H <return>  for immediate help.
 ...                                              
                                                  
l.9 ...∏—è –∫–ª—é—á–µ–≤—ã—Ö —Ç–æ—á–µ–∫ –Ω–∞ —Ç–µ–ª
                                                  –µ —á–µ–ª–æ–≤–µ–∫–∞, —Ç–∞–...

You may provide a definition with
\DeclareUnicodeCharacter 


! Package inputenc Error: Unicode character –µ (U+0435)
(inputenc)                not set up for use with LaTeX.

See the inputenc package documentation for explanation.
Type  H <return>  for immediate help.
 ...                                              
                                                  
l.9 ...è –∫–ª—é—á–µ–≤—ã—Ö —Ç–æ—á–µ–∫ –Ω–∞ —Ç–µ–ª–µ
                                                   —á–µ–ª–æ–≤–µ–∫–∞, —Ç–∞–∫ ...

You may provide a definition with
\DeclareUnicodeCharacter 


! Package inputenc Error: Unicode character —á (U+0447)
(inputenc)                not set up for use with LaTeX.

See the inputenc package documentation for explanation.
Type  H <return>  for immediate help.
 ...                                              
                                                  
l.9 ...∫–ª—é—á–µ–≤—ã—Ö —Ç–æ—á–µ–∫ –Ω–∞ —Ç–µ–ª–µ —á
                                                  –µ–ª–æ–≤–µ–∫–∞, —Ç–∞–∫ –∫–...

You may provide a definition with
\DeclareUnicodeCharacter 


! Package inputenc Error: Unicode character –µ (U+0435)
(inputenc)                not set up for use with LaTeX.

See the inputenc package documentation for explanation.
Type  H <return>  for immediate help.
 ...                                              
                                                  
l.9 ...ª—é—á–µ–≤—ã—Ö —Ç–æ—á–µ–∫ –Ω–∞ —Ç–µ–ª–µ —á–µ
                                                  –ª–æ–≤–µ–∫–∞, —Ç–∞–∫ –∫–∞–...

You may provide a definition with
\DeclareUnicodeCharacter 


! Package inputenc Error: Unicode character –ª (U+043B)
(inputenc)                not set up for use with LaTeX.

See the inputenc package documentation for explanation.
Type  H <return>  for immediate help.
 ...                                              
                                                  
l.9 ...é—á–µ–≤—ã—Ö —Ç–æ—á–µ–∫ –Ω–∞ —Ç–µ–ª–µ —á–µ–ª
                                                  –æ–≤–µ–∫–∞, —Ç–∞–∫ –∫–∞–∫ ...
(That makes 100 errors; please try again.) 
Here is how much of TeX's memory you used:
 47 strings out of 481239
 747 string characters out of 5920378
 236559 words of memory out of 5000000
 15414 multiletter control sequences out of 15000+600000
 532338 words of font info for 24 fonts, out of 8000000 for 9000
 1141 hyphenation exceptions out of 8191
 12i,0n,15p,467b,28s stack positions out of 5000i,500n,10000p,200000b,80000s

!  ==> Fatal error occurred, no output PDF file produced!
