This is pdfTeX, Version 3.14159265-2.6-1.40.20 (TeX Live 2019/Debian) (preloaded format=pdflatex 2022.4.2)  21 MAY 2022 00:31
entering extended mode
 restricted \write18 enabled.
 %&-line parsing enabled.
**Chapter0.tex
(./Chapter0.tex
LaTeX2e <2020-02-02> patch level 2
L3 programming layer <2020-02-14>
! Undefined control sequence.
l.1 \section
            {–í–≤–µ–¥–µ–Ω–∏–µ}
The control sequence at the end of the top line
of your error message was never \def'ed. If you have
misspelled it (e.g., `\hobx'), type `I' and the correct
spelling (e.g., `I\hbox'). Otherwise just continue,
and I'll forget about whatever was undefined.


! Package inputenc Error: Unicode character –í (U+0412)
(inputenc)                not set up for use with LaTeX.

See the inputenc package documentation for explanation.
Type  H <return>  for immediate help.
 ...                                              
                                                  
l.1 \section{–í
               –≤–µ–¥–µ–Ω–∏–µ}
You may provide a definition with
\DeclareUnicodeCharacter 


! Package inputenc Error: Unicode character –≤ (U+0432)
(inputenc)                not set up for use with LaTeX.

See the inputenc package documentation for explanation.
Type  H <return>  for immediate help.
 ...                                              
                                                  
l.1 \section{–í–≤
                 –µ–¥–µ–Ω–∏–µ}
You may provide a definition with
\DeclareUnicodeCharacter 


! Package inputenc Error: Unicode character –µ (U+0435)
(inputenc)                not set up for use with LaTeX.

See the inputenc package documentation for explanation.
Type  H <return>  for immediate help.
 ...                                              
                                                  
l.1 \section{–í–≤–µ
                   –¥–µ–Ω–∏–µ}
You may provide a definition with
\DeclareUnicodeCharacter 


! Package inputenc Error: Unicode character –¥ (U+0434)
(inputenc)                not set up for use with LaTeX.

See the inputenc package documentation for explanation.
Type  H <return>  for immediate help.
 ...                                              
                                                  
l.1 \section{–í–≤–µ–¥
                     –µ–Ω–∏–µ}
You may provide a definition with
\DeclareUnicodeCharacter 


! Package inputenc Error: Unicode character –µ (U+0435)
(inputenc)                not set up for use with LaTeX.

See the inputenc package documentation for explanation.
Type  H <return>  for immediate help.
 ...                                              
                                                  
l.1 \section{–í–≤–µ–¥–µ
                       –Ω–∏–µ}
You may provide a definition with
\DeclareUnicodeCharacter 


! Package inputenc Error: Unicode character –Ω (U+043D)
(inputenc)                not set up for use with LaTeX.

See the inputenc package documentation for explanation.
Type  H <return>  for immediate help.
 ...                                              
                                                  
l.1 \section{–í–≤–µ–¥–µ–Ω
                         –∏–µ}
You may provide a definition with
\DeclareUnicodeCharacter 


! Package inputenc Error: Unicode character –∏ (U+0438)
(inputenc)                not set up for use with LaTeX.

See the inputenc package documentation for explanation.
Type  H <return>  for immediate help.
 ...                                              
                                                  
l.1 \section{–í–≤–µ–¥–µ–Ω–∏
                           –µ}
You may provide a definition with
\DeclareUnicodeCharacter 


! Package inputenc Error: Unicode character –µ (U+0435)
(inputenc)                not set up for use with LaTeX.

See the inputenc package documentation for explanation.
Type  H <return>  for immediate help.
 ...                                              
                                                  
l.1 \section{–í–≤–µ–¥–µ–Ω–∏–µ
                             }
You may provide a definition with
\DeclareUnicodeCharacter 


! Package inputenc Error: Unicode character –í (U+0412)
(inputenc)                not set up for use with LaTeX.

See the inputenc package documentation for explanation.
Type  H <return>  for immediate help.
 ...                                              
                                                  
l.4 –í
       —ç—Ç–æ–π —á–∞—Å—Ç–∏ –Ω–∞–¥–æ –æ–ø–∏—Å–∞—Ç—å –ø—Ä–µ–¥–º–µ—Ç–Ω—É—é –æ–±...

You may provide a definition with
\DeclareUnicodeCharacter 


! Package inputenc Error: Unicode character —ç (U+044D)
(inputenc)                not set up for use with LaTeX.

See the inputenc package documentation for explanation.
Type  H <return>  for immediate help.
 ...                                              
                                                  
l.4 –í —ç
         —Ç–æ–π —á–∞—Å—Ç–∏ –Ω–∞–¥–æ –æ–ø–∏—Å–∞—Ç—å –ø—Ä–µ–¥–º–µ—Ç–Ω—É—é –æ–±...

You may provide a definition with
\DeclareUnicodeCharacter 


! Package inputenc Error: Unicode character —Ç (U+0442)
(inputenc)                not set up for use with LaTeX.

See the inputenc package documentation for explanation.
Type  H <return>  for immediate help.
 ...                                              
                                                  
l.4 –í —ç—Ç
           –æ–π —á–∞—Å—Ç–∏ –Ω–∞–¥–æ –æ–ø–∏—Å–∞—Ç—å –ø—Ä–µ–¥–º–µ—Ç–Ω—É—é –æ–±...

You may provide a definition with
\DeclareUnicodeCharacter 


! Package inputenc Error: Unicode character –æ (U+043E)
(inputenc)                not set up for use with LaTeX.

See the inputenc package documentation for explanation.
Type  H <return>  for immediate help.
 ...                                              
                                                  
l.4 –í —ç—Ç–æ
             –π —á–∞—Å—Ç–∏ –Ω–∞–¥–æ –æ–ø–∏—Å–∞—Ç—å –ø—Ä–µ–¥–º–µ—Ç–Ω—É—é –æ–±...

You may provide a definition with
\DeclareUnicodeCharacter 


! Package inputenc Error: Unicode character –π (U+0439)
(inputenc)                not set up for use with LaTeX.

See the inputenc package documentation for explanation.
Type  H <return>  for immediate help.
 ...                                              
                                                  
l.4 –í —ç—Ç–æ–π
                —á–∞—Å—Ç–∏ –Ω–∞–¥–æ –æ–ø–∏—Å–∞—Ç—å –ø—Ä–µ–¥–º–µ—Ç–Ω—É—é –æ–±...

You may provide a definition with
\DeclareUnicodeCharacter 


! Package inputenc Error: Unicode character —á (U+0447)
(inputenc)                not set up for use with LaTeX.

See the inputenc package documentation for explanation.
Type  H <return>  for immediate help.
 ...                                              
                                                  
l.4 –í —ç—Ç–æ–π —á
                  –∞—Å—Ç–∏ –Ω–∞–¥–æ –æ–ø–∏—Å–∞—Ç—å –ø—Ä–µ–¥–º–µ—Ç–Ω—É—é –æ–±...

You may provide a definition with
\DeclareUnicodeCharacter 


! Package inputenc Error: Unicode character –∞ (U+0430)
(inputenc)                not set up for use with LaTeX.

See the inputenc package documentation for explanation.
Type  H <return>  for immediate help.
 ...                                              
                                                  
l.4 –í —ç—Ç–æ–π —á–∞
                    —Å—Ç–∏ –Ω–∞–¥–æ –æ–ø–∏—Å–∞—Ç—å –ø—Ä–µ–¥–º–µ—Ç–Ω—É—é –æ–±...

You may provide a definition with
\DeclareUnicodeCharacter 


! Package inputenc Error: Unicode character —Å (U+0441)
(inputenc)                not set up for use with LaTeX.

See the inputenc package documentation for explanation.
Type  H <return>  for immediate help.
 ...                                              
                                                  
l.4 –í —ç—Ç–æ–π —á–∞—Å
                      —Ç–∏ –Ω–∞–¥–æ –æ–ø–∏—Å–∞—Ç—å –ø—Ä–µ–¥–º–µ—Ç–Ω—É—é –æ–±...

You may provide a definition with
\DeclareUnicodeCharacter 


! Package inputenc Error: Unicode character —Ç (U+0442)
(inputenc)                not set up for use with LaTeX.

See the inputenc package documentation for explanation.
Type  H <return>  for immediate help.
 ...                                              
                                                  
l.4 –í —ç—Ç–æ–π —á–∞—Å—Ç
                        –∏ –Ω–∞–¥–æ –æ–ø–∏—Å–∞—Ç—å –ø—Ä–µ–¥–º–µ—Ç–Ω—É—é –æ–±...

You may provide a definition with
\DeclareUnicodeCharacter 


! Package inputenc Error: Unicode character –∏ (U+0438)
(inputenc)                not set up for use with LaTeX.

See the inputenc package documentation for explanation.
Type  H <return>  for immediate help.
 ...                                              
                                                  
l.4 –í —ç—Ç–æ–π —á–∞—Å—Ç–∏
                           –Ω–∞–¥–æ –æ–ø–∏—Å–∞—Ç—å –ø—Ä–µ–¥–º–µ—Ç–Ω—É—é –æ–±...

You may provide a definition with
\DeclareUnicodeCharacter 


! Package inputenc Error: Unicode character –Ω (U+043D)
(inputenc)                not set up for use with LaTeX.

See the inputenc package documentation for explanation.
Type  H <return>  for immediate help.
 ...                                              
                                                  
l.4 –í —ç—Ç–æ–π —á–∞—Å—Ç–∏ –Ω
                             –∞–¥–æ –æ–ø–∏—Å–∞—Ç—å –ø—Ä–µ–¥–º–µ—Ç–Ω—É—é –æ–±...

You may provide a definition with
\DeclareUnicodeCharacter 


! Package inputenc Error: Unicode character –∞ (U+0430)
(inputenc)                not set up for use with LaTeX.

See the inputenc package documentation for explanation.
Type  H <return>  for immediate help.
 ...                                              
                                                  
l.4 –í —ç—Ç–æ–π —á–∞—Å—Ç–∏ –Ω–∞
                               –¥–æ –æ–ø–∏—Å–∞—Ç—å –ø—Ä–µ–¥–º–µ—Ç–Ω—É—é –æ–±...

You may provide a definition with
\DeclareUnicodeCharacter 


! Package inputenc Error: Unicode character –¥ (U+0434)
(inputenc)                not set up for use with LaTeX.

See the inputenc package documentation for explanation.
Type  H <return>  for immediate help.
 ...                                              
                                                  
l.4 –í —ç—Ç–æ–π —á–∞—Å—Ç–∏ –Ω–∞–¥
                                 –æ –æ–ø–∏—Å–∞—Ç—å –ø—Ä–µ–¥–º–µ—Ç–Ω—É—é –æ–±...

You may provide a definition with
\DeclareUnicodeCharacter 


! Package inputenc Error: Unicode character –æ (U+043E)
(inputenc)                not set up for use with LaTeX.

See the inputenc package documentation for explanation.
Type  H <return>  for immediate help.
 ...                                              
                                                  
l.4 –í —ç—Ç–æ–π —á–∞—Å—Ç–∏ –Ω–∞–¥–æ
                                    –æ–ø–∏—Å–∞—Ç—å –ø—Ä–µ–¥–º–µ—Ç–Ω—É—é –æ–±...

You may provide a definition with
\DeclareUnicodeCharacter 


! Package inputenc Error: Unicode character –æ (U+043E)
(inputenc)                not set up for use with LaTeX.

See the inputenc package documentation for explanation.
Type  H <return>  for immediate help.
 ...                                              
                                                  
l.4 –í —ç—Ç–æ–π —á–∞—Å—Ç–∏ –Ω–∞–¥–æ –æ
                                      –ø–∏—Å–∞—Ç—å –ø—Ä–µ–¥–º–µ—Ç–Ω—É—é –æ–±...

You may provide a definition with
\DeclareUnicodeCharacter 


! Package inputenc Error: Unicode character –ø (U+043F)
(inputenc)                not set up for use with LaTeX.

See the inputenc package documentation for explanation.
Type  H <return>  for immediate help.
 ...                                              
                                                  
l.4 –í —ç—Ç–æ–π —á–∞—Å—Ç–∏ –Ω–∞–¥–æ –æ–ø
                                        –∏—Å–∞—Ç—å –ø—Ä–µ–¥–º–µ—Ç–Ω—É—é –æ–±...

You may provide a definition with
\DeclareUnicodeCharacter 


! Package inputenc Error: Unicode character –∏ (U+0438)
(inputenc)                not set up for use with LaTeX.

See the inputenc package documentation for explanation.
Type  H <return>  for immediate help.
 ...                                              
                                                  
l.4 –í —ç—Ç–æ–π —á–∞—Å—Ç–∏ –Ω–∞–¥–æ –æ–ø–∏
                                          —Å–∞—Ç—å –ø—Ä–µ–¥–º–µ—Ç–Ω—É—é –æ–±...

You may provide a definition with
\DeclareUnicodeCharacter 


! Package inputenc Error: Unicode character —Å (U+0441)
(inputenc)                not set up for use with LaTeX.

See the inputenc package documentation for explanation.
Type  H <return>  for immediate help.
 ...                                              
                                                  
l.4 –í —ç—Ç–æ–π —á–∞—Å—Ç–∏ –Ω–∞–¥–æ –æ–ø–∏—Å
                                            –∞—Ç—å –ø—Ä–µ–¥–º–µ—Ç–Ω—É—é –æ–±...

You may provide a definition with
\DeclareUnicodeCharacter 


! Package inputenc Error: Unicode character –∞ (U+0430)
(inputenc)                not set up for use with LaTeX.

See the inputenc package documentation for explanation.
Type  H <return>  for immediate help.
 ...                                              
                                                  
l.4 –í —ç—Ç–æ–π —á–∞—Å—Ç–∏ –Ω–∞–¥–æ –æ–ø–∏—Å–∞
                                              —Ç—å –ø—Ä–µ–¥–º–µ—Ç–Ω—É—é –æ–±...

You may provide a definition with
\DeclareUnicodeCharacter 


! Package inputenc Error: Unicode character —Ç (U+0442)
(inputenc)                not set up for use with LaTeX.

See the inputenc package documentation for explanation.
Type  H <return>  for immediate help.
 ...                                              
                                                  
l.4 –í —ç—Ç–æ–π —á–∞—Å—Ç–∏ –Ω–∞–¥–æ –æ–ø–∏—Å–∞—Ç
                                                —å –ø—Ä–µ–¥–º–µ—Ç–Ω—É—é –æ–±...

You may provide a definition with
\DeclareUnicodeCharacter 


! Package inputenc Error: Unicode character —å (U+044C)
(inputenc)                not set up for use with LaTeX.

See the inputenc package documentation for explanation.
Type  H <return>  for immediate help.
 ...                                              
                                                  
l.4 –í —ç—Ç–æ–π —á–∞—Å—Ç–∏ –Ω–∞–¥–æ –æ–ø–∏—Å–∞—Ç—å
                                                   –ø—Ä–µ–¥–º–µ—Ç–Ω—É—é –æ–±...

You may provide a definition with
\DeclareUnicodeCharacter 


! Package inputenc Error: Unicode character –ø (U+043F)
(inputenc)                not set up for use with LaTeX.

See the inputenc package documentation for explanation.
Type  H <return>  for immediate help.
 ...                                              
                                                  
l.4 ...Ç–æ–π —á–∞—Å—Ç–∏ –Ω–∞–¥–æ –æ–ø–∏—Å–∞—Ç—å –ø
                                                  —Ä–µ–¥–º–µ—Ç–Ω—É—é –æ–±–ª–...

You may provide a definition with
\DeclareUnicodeCharacter 


! Package inputenc Error: Unicode character —Ä (U+0440)
(inputenc)                not set up for use with LaTeX.

See the inputenc package documentation for explanation.
Type  H <return>  for immediate help.
 ...                                              
                                                  
l.4 ...æ–π —á–∞—Å—Ç–∏ –Ω–∞–¥–æ –æ–ø–∏—Å–∞—Ç—å –ø—Ä
                                                  –µ–¥–º–µ—Ç–Ω—É—é –æ–±–ª–∞—...

You may provide a definition with
\DeclareUnicodeCharacter 


! Package inputenc Error: Unicode character –µ (U+0435)
(inputenc)                not set up for use with LaTeX.

See the inputenc package documentation for explanation.
Type  H <return>  for immediate help.
 ...                                              
                                                  
l.4 ...π —á–∞—Å—Ç–∏ –Ω–∞–¥–æ –æ–ø–∏—Å–∞—Ç—å –ø—Ä–µ
                                                  –¥–º–µ—Ç–Ω—É—é –æ–±–ª–∞—Å—...

You may provide a definition with
\DeclareUnicodeCharacter 


! Package inputenc Error: Unicode character –¥ (U+0434)
(inputenc)                not set up for use with LaTeX.

See the inputenc package documentation for explanation.
Type  H <return>  for immediate help.
 ...                                              
                                                  
l.4 ...—á–∞—Å—Ç–∏ –Ω–∞–¥–æ –æ–ø–∏—Å–∞—Ç—å –ø—Ä–µ–¥
                                                  –º–µ—Ç–Ω—É—é –æ–±–ª–∞—Å—Ç—...

You may provide a definition with
\DeclareUnicodeCharacter 


! Package inputenc Error: Unicode character –º (U+043C)
(inputenc)                not set up for use with LaTeX.

See the inputenc package documentation for explanation.
Type  H <return>  for immediate help.
 ...                                              
                                                  
l.4 ...–∞—Å—Ç–∏ –Ω–∞–¥–æ –æ–ø–∏—Å–∞—Ç—å –ø—Ä–µ–¥–º
                                                  –µ—Ç–Ω—É—é –æ–±–ª–∞—Å—Ç—å,...

You may provide a definition with
\DeclareUnicodeCharacter 


! Package inputenc Error: Unicode character –µ (U+0435)
(inputenc)                not set up for use with LaTeX.

See the inputenc package documentation for explanation.
Type  H <return>  for immediate help.
 ...                                              
                                                  
l.4 ...—Å—Ç–∏ –Ω–∞–¥–æ –æ–ø–∏—Å–∞—Ç—å –ø—Ä–µ–¥–º–µ
                                                  —Ç–Ω—É—é –æ–±–ª–∞—Å—Ç—å, –...

You may provide a definition with
\DeclareUnicodeCharacter 


! Package inputenc Error: Unicode character —Ç (U+0442)
(inputenc)                not set up for use with LaTeX.

See the inputenc package documentation for explanation.
Type  H <return>  for immediate help.
 ...                                              
                                                  
l.4 ...—Ç–∏ –Ω–∞–¥–æ –æ–ø–∏—Å–∞—Ç—å –ø—Ä–µ–¥–º–µ—Ç
                                                  –Ω—É—é –æ–±–ª–∞—Å—Ç—å, –∑–...

You may provide a definition with
\DeclareUnicodeCharacter 


! Package inputenc Error: Unicode character –Ω (U+043D)
(inputenc)                not set up for use with LaTeX.

See the inputenc package documentation for explanation.
Type  H <return>  for immediate help.
 ...                                              
                                                  
l.4 ...–∏ –Ω–∞–¥–æ –æ–ø–∏—Å–∞—Ç—å –ø—Ä–µ–¥–º–µ—Ç–Ω
                                                  —É—é –æ–±–ª–∞—Å—Ç—å, –∑–∞–...

You may provide a definition with
\DeclareUnicodeCharacter 


! Package inputenc Error: Unicode character —É (U+0443)
(inputenc)                not set up for use with LaTeX.

See the inputenc package documentation for explanation.
Type  H <return>  for immediate help.
 ...                                              
                                                  
l.4 ... –Ω–∞–¥–æ –æ–ø–∏—Å–∞—Ç—å –ø—Ä–µ–¥–º–µ—Ç–Ω—É
                                                  —é –æ–±–ª–∞—Å—Ç—å, –∑–∞–¥–...

You may provide a definition with
\DeclareUnicodeCharacter 


! Package inputenc Error: Unicode character —é (U+044E)
(inputenc)                not set up for use with LaTeX.

See the inputenc package documentation for explanation.
Type  H <return>  for immediate help.
 ...                                              
                                                  
l.4 ...Ω–∞–¥–æ –æ–ø–∏—Å–∞—Ç—å –ø—Ä–µ–¥–º–µ—Ç–Ω—É—é
                                                   –æ–±–ª–∞—Å—Ç—å, –∑–∞–¥–∞—...

You may provide a definition with
\DeclareUnicodeCharacter 


! Package inputenc Error: Unicode character –æ (U+043E)
(inputenc)                not set up for use with LaTeX.

See the inputenc package documentation for explanation.
Type  H <return>  for immediate help.
 ...                                              
                                                  
l.4 ...–¥–æ –æ–ø–∏—Å–∞—Ç—å –ø—Ä–µ–¥–º–µ—Ç–Ω—É—é –æ
                                                  –±–ª–∞—Å—Ç—å, –∑–∞–¥–∞—á—É...

You may provide a definition with
\DeclareUnicodeCharacter 


! Package inputenc Error: Unicode character –± (U+0431)
(inputenc)                not set up for use with LaTeX.

See the inputenc package documentation for explanation.
Type  H <return>  for immediate help.
 ...                                              
                                                  
l.4 ...–æ –æ–ø–∏—Å–∞—Ç—å –ø—Ä–µ–¥–º–µ—Ç–Ω—É—é –æ–±
                                                  –ª–∞—Å—Ç—å, –∑–∞–¥–∞—á—É –...

You may provide a definition with
\DeclareUnicodeCharacter 


! Package inputenc Error: Unicode character –ª (U+043B)
(inputenc)                not set up for use with LaTeX.

See the inputenc package documentation for explanation.
Type  H <return>  for immediate help.
 ...                                              
                                                  
l.4 ... –æ–ø–∏—Å–∞—Ç—å –ø—Ä–µ–¥–º–µ—Ç–Ω—É—é –æ–±–ª
                                                  –∞—Å—Ç—å, –∑–∞–¥–∞—á—É –∏–...

You may provide a definition with
\DeclareUnicodeCharacter 


! Package inputenc Error: Unicode character –∞ (U+0430)
(inputenc)                not set up for use with LaTeX.

See the inputenc package documentation for explanation.
Type  H <return>  for immediate help.
 ...                                              
                                                  
l.4 ...æ–ø–∏—Å–∞—Ç—å –ø—Ä–µ–¥–º–µ—Ç–Ω—É—é –æ–±–ª–∞
                                                  —Å—Ç—å, –∑–∞–¥–∞—á—É –∏–∑ ...

You may provide a definition with
\DeclareUnicodeCharacter 


! Package inputenc Error: Unicode character —Å (U+0441)
(inputenc)                not set up for use with LaTeX.

See the inputenc package documentation for explanation.
Type  H <return>  for immediate help.
 ...                                              
                                                  
l.4 ...ø–∏—Å–∞—Ç—å –ø—Ä–µ–¥–º–µ—Ç–Ω—É—é –æ–±–ª–∞—Å
                                                  —Ç—å, –∑–∞–¥–∞—á—É –∏–∑ –∫...

You may provide a definition with
\DeclareUnicodeCharacter 


! Package inputenc Error: Unicode character —Ç (U+0442)
(inputenc)                not set up for use with LaTeX.

See the inputenc package documentation for explanation.
Type  H <return>  for immediate help.
 ...                                              
                                                  
l.4 ...∏—Å–∞—Ç—å –ø—Ä–µ–¥–º–µ—Ç–Ω—É—é –æ–±–ª–∞—Å—Ç
                                                  —å, –∑–∞–¥–∞—á—É –∏–∑ –∫–æ...

You may provide a definition with
\DeclareUnicodeCharacter 


! Package inputenc Error: Unicode character —å (U+044C)
(inputenc)                not set up for use with LaTeX.

See the inputenc package documentation for explanation.
Type  H <return>  for immediate help.
 ...                                              
                                                  
l.4 ...Å–∞—Ç—å –ø—Ä–µ–¥–º–µ—Ç–Ω—É—é –æ–±–ª–∞—Å—Ç—å
                                                  , –∑–∞–¥–∞—á—É –∏–∑ –∫–æ—Ç...

You may provide a definition with
\DeclareUnicodeCharacter 


! LaTeX Error: Missing \begin{document}.

See the LaTeX manual or LaTeX Companion for explanation.
Type  H <return>  for immediate help.
 ...                                              
                                                  
l.4 ...–∞—Ç—å –ø—Ä–µ–¥–º–µ—Ç–Ω—É—é –æ–±–ª–∞—Å—Ç—å,
                                                   –∑–∞–¥–∞—á—É –∏–∑ –∫–æ—Ç–...

You're in trouble here.  Try typing  <return>  to proceed.
If that doesn't work, type  X <return>  to quit.

Missing character: There is no , in font nullfont!

! Package inputenc Error: Unicode character –∑ (U+0437)
(inputenc)                not set up for use with LaTeX.

See the inputenc package documentation for explanation.
Type  H <return>  for immediate help.
 ...                                              
                                                  
l.4 ...Ç—å –ø—Ä–µ–¥–º–µ—Ç–Ω—É—é –æ–±–ª–∞—Å—Ç—å, –∑
                                                  –∞–¥–∞—á—É –∏–∑ –∫–æ—Ç–æ—Ä...

You may provide a definition with
\DeclareUnicodeCharacter 


! Package inputenc Error: Unicode character –∞ (U+0430)
(inputenc)                not set up for use with LaTeX.

See the inputenc package documentation for explanation.
Type  H <return>  for immediate help.
 ...                                              
                                                  
l.4 ...å –ø—Ä–µ–¥–º–µ—Ç–Ω—É—é –æ–±–ª–∞—Å—Ç—å, –∑–∞
                                                  –¥–∞—á—É –∏–∑ –∫–æ—Ç–æ—Ä–æ...

You may provide a definition with
\DeclareUnicodeCharacter 


! Package inputenc Error: Unicode character –¥ (U+0434)
(inputenc)                not set up for use with LaTeX.

See the inputenc package documentation for explanation.
Type  H <return>  for immediate help.
 ...                                              
                                                  
l.4 ...–ø—Ä–µ–¥–º–µ—Ç–Ω—É—é –æ–±–ª–∞—Å—Ç—å, –∑–∞–¥
                                                  –∞—á—É –∏–∑ –∫–æ—Ç–æ—Ä–æ–π...

You may provide a definition with
\DeclareUnicodeCharacter 


! Package inputenc Error: Unicode character –∞ (U+0430)
(inputenc)                not set up for use with LaTeX.

See the inputenc package documentation for explanation.
Type  H <return>  for immediate help.
 ...                                              
                                                  
l.4 ...—Ä–µ–¥–º–µ—Ç–Ω—É—é –æ–±–ª–∞—Å—Ç—å, –∑–∞–¥–∞
                                                  —á—É –∏–∑ –∫–æ—Ç–æ—Ä–æ–π –...

You may provide a definition with
\DeclareUnicodeCharacter 


! Package inputenc Error: Unicode character —á (U+0447)
(inputenc)                not set up for use with LaTeX.

See the inputenc package documentation for explanation.
Type  H <return>  for immediate help.
 ...                                              
                                                  
l.4 ...–µ–¥–º–µ—Ç–Ω—É—é –æ–±–ª–∞—Å—Ç—å, –∑–∞–¥–∞—á
                                                  —É –∏–∑ –∫–æ—Ç–æ—Ä–æ–π –≤—...

You may provide a definition with
\DeclareUnicodeCharacter 


! Package inputenc Error: Unicode character —É (U+0443)
(inputenc)                not set up for use with LaTeX.

See the inputenc package documentation for explanation.
Type  H <return>  for immediate help.
 ...                                              
                                                  
l.4 ...–¥–º–µ—Ç–Ω—É—é –æ–±–ª–∞—Å—Ç—å, –∑–∞–¥–∞—á—É
                                                   –∏–∑ –∫–æ—Ç–æ—Ä–æ–π –≤—ã ...

You may provide a definition with
\DeclareUnicodeCharacter 


! Package inputenc Error: Unicode character –∏ (U+0438)
(inputenc)                not set up for use with LaTeX.

See the inputenc package documentation for explanation.
Type  H <return>  for immediate help.
 ...                                              
                                                  
l.4 ...º–µ—Ç–Ω—É—é –æ–±–ª–∞—Å—Ç—å, –∑–∞–¥–∞—á—É –∏
                                                  –∑ –∫–æ—Ç–æ—Ä–æ–π –≤—ã –±—...

You may provide a definition with
\DeclareUnicodeCharacter 


! Package inputenc Error: Unicode character –∑ (U+0437)
(inputenc)                not set up for use with LaTeX.

See the inputenc package documentation for explanation.
Type  H <return>  for immediate help.
 ...                                              
                                                  
l.4 ...µ—Ç–Ω—É—é –æ–±–ª–∞—Å—Ç—å, –∑–∞–¥–∞—á—É –∏–∑
                                                   –∫–æ—Ç–æ—Ä–æ–π –≤—ã –±—É–...

You may provide a definition with
\DeclareUnicodeCharacter 


! Package inputenc Error: Unicode character –∫ (U+043A)
(inputenc)                not set up for use with LaTeX.

See the inputenc package documentation for explanation.
Type  H <return>  for immediate help.
 ...                                              
                                                  
l.4 ...–Ω—É—é –æ–±–ª–∞—Å—Ç—å, –∑–∞–¥–∞—á—É –∏–∑ –∫
                                                  –æ—Ç–æ—Ä–æ–π –≤—ã –±—É–¥–µ...

You may provide a definition with
\DeclareUnicodeCharacter 


! Package inputenc Error: Unicode character –æ (U+043E)
(inputenc)                not set up for use with LaTeX.

See the inputenc package documentation for explanation.
Type  H <return>  for immediate help.
 ...                                              
                                                  
l.4 ...—É—é –æ–±–ª–∞—Å—Ç—å, –∑–∞–¥–∞—á—É –∏–∑ –∫–æ
                                                  —Ç–æ—Ä–æ–π –≤—ã –±—É–¥–µ—Ç...

You may provide a definition with
\DeclareUnicodeCharacter 


! Package inputenc Error: Unicode character —Ç (U+0442)
(inputenc)                not set up for use with LaTeX.

See the inputenc package documentation for explanation.
Type  H <return>  for immediate help.
 ...                                              
                                                  
l.4 ...—é –æ–±–ª–∞—Å—Ç—å, –∑–∞–¥–∞—á—É –∏–∑ –∫–æ—Ç
                                                  –æ—Ä–æ–π –≤—ã –±—É–¥–µ—Ç–µ...

You may provide a definition with
\DeclareUnicodeCharacter 


! Package inputenc Error: Unicode character –æ (U+043E)
(inputenc)                not set up for use with LaTeX.

See the inputenc package documentation for explanation.
Type  H <return>  for immediate help.
 ...                                              
                                                  
l.4 ... –æ–±–ª–∞—Å—Ç—å, –∑–∞–¥–∞—á—É –∏–∑ –∫–æ—Ç–æ
                                                  —Ä–æ–π –≤—ã –±—É–¥–µ—Ç–µ —...

You may provide a definition with
\DeclareUnicodeCharacter 


! Package inputenc Error: Unicode character —Ä (U+0440)
(inputenc)                not set up for use with LaTeX.

See the inputenc package documentation for explanation.
Type  H <return>  for immediate help.
 ...                                              
                                                  
l.4 ...æ–±–ª–∞—Å—Ç—å, –∑–∞–¥–∞—á—É –∏–∑ –∫–æ—Ç–æ—Ä
                                                  –æ–π –≤—ã –±—É–¥–µ—Ç–µ —Ä–...

You may provide a definition with
\DeclareUnicodeCharacter 


! Package inputenc Error: Unicode character –æ (U+043E)
(inputenc)                not set up for use with LaTeX.

See the inputenc package documentation for explanation.
Type  H <return>  for immediate help.
 ...                                              
                                                  
l.4 ...±–ª–∞—Å—Ç—å, –∑–∞–¥–∞—á—É –∏–∑ –∫–æ—Ç–æ—Ä–æ
                                                  –π –≤—ã –±—É–¥–µ—Ç–µ —Ä–µ—...

You may provide a definition with
\DeclareUnicodeCharacter 


! Package inputenc Error: Unicode character –π (U+0439)
(inputenc)                not set up for use with LaTeX.

See the inputenc package documentation for explanation.
Type  H <return>  for immediate help.
 ...                                              
                                                  
l.4 ...ª–∞—Å—Ç—å, –∑–∞–¥–∞—á—É –∏–∑ –∫–æ—Ç–æ—Ä–æ–π
                                                   –≤—ã –±—É–¥–µ—Ç–µ —Ä–µ—à–...

You may provide a definition with
\DeclareUnicodeCharacter 


! Package inputenc Error: Unicode character –≤ (U+0432)
(inputenc)                not set up for use with LaTeX.

See the inputenc package documentation for explanation.
Type  H <return>  for immediate help.
 ...                                              
                                                  
l.4 ...—Å—Ç—å, –∑–∞–¥–∞—á—É –∏–∑ –∫–æ—Ç–æ—Ä–æ–π –≤
                                                  —ã –±—É–¥–µ—Ç–µ —Ä–µ—à–∞—Ç...

You may provide a definition with
\DeclareUnicodeCharacter 


! Package inputenc Error: Unicode character —ã (U+044B)
(inputenc)                not set up for use with LaTeX.

See the inputenc package documentation for explanation.
Type  H <return>  for immediate help.
 ...                                              
                                                  
l.4 ...—Ç—å, –∑–∞–¥–∞—á—É –∏–∑ –∫–æ—Ç–æ—Ä–æ–π –≤—ã
                                                   –±—É–¥–µ—Ç–µ —Ä–µ—à–∞—Ç—å...

You may provide a definition with
\DeclareUnicodeCharacter 


! Package inputenc Error: Unicode character –± (U+0431)
(inputenc)                not set up for use with LaTeX.

See the inputenc package documentation for explanation.
Type  H <return>  for immediate help.
 ...                                              
                                                  
l.4 ...å, –∑–∞–¥–∞—á—É –∏–∑ –∫–æ—Ç–æ—Ä–æ–π –≤—ã –±
                                                  —É–¥–µ—Ç–µ —Ä–µ—à–∞—Ç—å, –...

You may provide a definition with
\DeclareUnicodeCharacter 


! Package inputenc Error: Unicode character —É (U+0443)
(inputenc)                not set up for use with LaTeX.

See the inputenc package documentation for explanation.
Type  H <return>  for immediate help.
 ...                                              
                                                  
l.4 ... –∑–∞–¥–∞—á—É –∏–∑ –∫–æ—Ç–æ—Ä–æ–π –≤—ã –±—É
                                                  –¥–µ—Ç–µ —Ä–µ—à–∞—Ç—å, –æ–...

You may provide a definition with
\DeclareUnicodeCharacter 


! Package inputenc Error: Unicode character –¥ (U+0434)
(inputenc)                not set up for use with LaTeX.

See the inputenc package documentation for explanation.
Type  H <return>  for immediate help.
 ...                                              
                                                  
l.4 ...∑–∞–¥–∞—á—É –∏–∑ –∫–æ—Ç–æ—Ä–æ–π –≤—ã –±—É–¥
                                                  –µ—Ç–µ —Ä–µ—à–∞—Ç—å, –æ–±—...

You may provide a definition with
\DeclareUnicodeCharacter 


! Package inputenc Error: Unicode character –µ (U+0435)
(inputenc)                not set up for use with LaTeX.

See the inputenc package documentation for explanation.
Type  H <return>  for immediate help.
 ...                                              
                                                  
l.4 ...∞–¥–∞—á—É –∏–∑ –∫–æ—Ç–æ—Ä–æ–π –≤—ã –±—É–¥–µ
                                                  —Ç–µ —Ä–µ—à–∞—Ç—å, –æ–±—ä—...

You may provide a definition with
\DeclareUnicodeCharacter 


! Package inputenc Error: Unicode character —Ç (U+0442)
(inputenc)                not set up for use with LaTeX.

See the inputenc package documentation for explanation.
Type  H <return>  for immediate help.
 ...                                              
                                                  
l.4 ...¥–∞—á—É –∏–∑ –∫–æ—Ç–æ—Ä–æ–π –≤—ã –±—É–¥–µ—Ç
                                                  –µ —Ä–µ—à–∞—Ç—å, –æ–±—ä—è—...

You may provide a definition with
\DeclareUnicodeCharacter 


! Package inputenc Error: Unicode character –µ (U+0435)
(inputenc)                not set up for use with LaTeX.

See the inputenc package documentation for explanation.
Type  H <return>  for immediate help.
 ...                                              
                                                  
l.4 ...∞—á—É –∏–∑ –∫–æ—Ç–æ—Ä–æ–π –≤—ã –±—É–¥–µ—Ç–µ
                                                   —Ä–µ—à–∞—Ç—å, –æ–±—ä—è—Å–...

You may provide a definition with
\DeclareUnicodeCharacter 


! Package inputenc Error: Unicode character —Ä (U+0440)
(inputenc)                not set up for use with LaTeX.

See the inputenc package documentation for explanation.
Type  H <return>  for immediate help.
 ...                                              
                                                  
l.4 ...—É –∏–∑ –∫–æ—Ç–æ—Ä–æ–π –≤—ã –±—É–¥–µ—Ç–µ —Ä
                                                  –µ—à–∞—Ç—å, –æ–±—ä—è—Å–Ω–∏...

You may provide a definition with
\DeclareUnicodeCharacter 


! Package inputenc Error: Unicode character –µ (U+0435)
(inputenc)                not set up for use with LaTeX.

See the inputenc package documentation for explanation.
Type  H <return>  for immediate help.
 ...                                              
                                                  
l.4 ... –∏–∑ –∫–æ—Ç–æ—Ä–æ–π –≤—ã –±—É–¥–µ—Ç–µ —Ä–µ
                                                  —à–∞—Ç—å, –æ–±—ä—è—Å–Ω–∏—Ç...

You may provide a definition with
\DeclareUnicodeCharacter 


! Package inputenc Error: Unicode character —à (U+0448)
(inputenc)                not set up for use with LaTeX.

See the inputenc package documentation for explanation.
Type  H <return>  for immediate help.
 ...                                              
                                                  
l.4 ...∏–∑ –∫–æ—Ç–æ—Ä–æ–π –≤—ã –±—É–¥–µ—Ç–µ —Ä–µ—à
                                                  –∞—Ç—å, –æ–±—ä—è—Å–Ω–∏—Ç—å...

You may provide a definition with
\DeclareUnicodeCharacter 


! Package inputenc Error: Unicode character –∞ (U+0430)
(inputenc)                not set up for use with LaTeX.

See the inputenc package documentation for explanation.
Type  H <return>  for immediate help.
 ...                                              
                                                  
l.4 ...∑ –∫–æ—Ç–æ—Ä–æ–π –≤—ã –±—É–¥–µ—Ç–µ —Ä–µ—à–∞
                                                  —Ç—å, –æ–±—ä—è—Å–Ω–∏—Ç—å –...

You may provide a definition with
\DeclareUnicodeCharacter 


! Package inputenc Error: Unicode character —Ç (U+0442)
(inputenc)                not set up for use with LaTeX.

See the inputenc package documentation for explanation.
Type  H <return>  for immediate help.
 ...                                              
                                                  
l.4 ...–∫–æ—Ç–æ—Ä–æ–π –≤—ã –±—É–¥–µ—Ç–µ —Ä–µ—à–∞—Ç
                                                  —å, –æ–±—ä—è—Å–Ω–∏—Ç—å –µ—...

You may provide a definition with
\DeclareUnicodeCharacter 


! Package inputenc Error: Unicode character —å (U+044C)
(inputenc)                not set up for use with LaTeX.

See the inputenc package documentation for explanation.
Type  H <return>  for immediate help.
 ...                                              
                                                  
l.4 ...–æ—Ç–æ—Ä–æ–π –≤—ã –±—É–¥–µ—Ç–µ —Ä–µ—à–∞—Ç—å
                                                  , –æ–±—ä—è—Å–Ω–∏—Ç—å –µ—ë ...

You may provide a definition with
\DeclareUnicodeCharacter 

Missing character: There is no , in font nullfont!

! Package inputenc Error: Unicode character –æ (U+043E)
(inputenc)                not set up for use with LaTeX.

See the inputenc package documentation for explanation.
Type  H <return>  for immediate help.
 ...                                              
                                                  
l.4 ...–æ—Ä–æ–π –≤—ã –±—É–¥–µ—Ç–µ —Ä–µ—à–∞—Ç—å, –æ
                                                  –±—ä—è—Å–Ω–∏—Ç—å –µ—ë –∞–∫...

You may provide a definition with
\DeclareUnicodeCharacter 


! Package inputenc Error: Unicode character –± (U+0431)
(inputenc)                not set up for use with LaTeX.

See the inputenc package documentation for explanation.
Type  H <return>  for immediate help.
 ...                                              
                                                  
l.4 ...—Ä–æ–π –≤—ã –±—É–¥–µ—Ç–µ —Ä–µ—à–∞—Ç—å, –æ–±
                                                  —ä—è—Å–Ω–∏—Ç—å –µ—ë –∞–∫—Ç...

You may provide a definition with
\DeclareUnicodeCharacter 


! Package inputenc Error: Unicode character —ä (U+044A)
(inputenc)                not set up for use with LaTeX.

See the inputenc package documentation for explanation.
Type  H <return>  for immediate help.
 ...                                              
                                                  
l.4 ...–æ–π –≤—ã –±—É–¥–µ—Ç–µ —Ä–µ—à–∞—Ç—å, –æ–±—ä
                                                  —è—Å–Ω–∏—Ç—å –µ—ë –∞–∫—Ç—É...

You may provide a definition with
\DeclareUnicodeCharacter 


! Package inputenc Error: Unicode character —è (U+044F)
(inputenc)                not set up for use with LaTeX.

See the inputenc package documentation for explanation.
Type  H <return>  for immediate help.
 ...                                              
                                                  
l.4 ...–π –≤—ã –±—É–¥–µ—Ç–µ —Ä–µ—à–∞—Ç—å, –æ–±—ä—è
                                                  —Å–Ω–∏—Ç—å –µ—ë –∞–∫—Ç—É–∞...

You may provide a definition with
\DeclareUnicodeCharacter 


! Package inputenc Error: Unicode character —Å (U+0441)
(inputenc)                not set up for use with LaTeX.

See the inputenc package documentation for explanation.
Type  H <return>  for immediate help.
 ...                                              
                                                  
l.4 ... –≤—ã –±—É–¥–µ—Ç–µ —Ä–µ—à–∞—Ç—å, –æ–±—ä—è—Å
                                                  –Ω–∏—Ç—å –µ—ë –∞–∫—Ç—É–∞–ª...

You may provide a definition with
\DeclareUnicodeCharacter 


! Package inputenc Error: Unicode character –Ω (U+043D)
(inputenc)                not set up for use with LaTeX.

See the inputenc package documentation for explanation.
Type  H <return>  for immediate help.
 ...                                              
                                                  
l.4 ...≤—ã –±—É–¥–µ—Ç–µ —Ä–µ—à–∞—Ç—å, –æ–±—ä—è—Å–Ω
                                                  –∏—Ç—å –µ—ë –∞–∫—Ç—É–∞–ª—å...

You may provide a definition with
\DeclareUnicodeCharacter 


! Package inputenc Error: Unicode character –∏ (U+0438)
(inputenc)                not set up for use with LaTeX.

See the inputenc package documentation for explanation.
Type  H <return>  for immediate help.
 ...                                              
                                                  
l.4 ...ã –±—É–¥–µ—Ç–µ —Ä–µ—à–∞—Ç—å, –æ–±—ä—è—Å–Ω–∏
                                                  —Ç—å –µ—ë –∞–∫—Ç—É–∞–ª—å–Ω...

You may provide a definition with
\DeclareUnicodeCharacter 


! Package inputenc Error: Unicode character —Ç (U+0442)
(inputenc)                not set up for use with LaTeX.

See the inputenc package documentation for explanation.
Type  H <return>  for immediate help.
 ...                                              
                                                  
l.4 ...–±—É–¥–µ—Ç–µ —Ä–µ—à–∞—Ç—å, –æ–±—ä—è—Å–Ω–∏—Ç
                                                  —å –µ—ë –∞–∫—Ç—É–∞–ª—å–Ω–æ...

You may provide a definition with
\DeclareUnicodeCharacter 


! Package inputenc Error: Unicode character —å (U+044C)
(inputenc)                not set up for use with LaTeX.

See the inputenc package documentation for explanation.
Type  H <return>  for immediate help.
 ...                                              
                                                  
l.4 ...—É–¥–µ—Ç–µ —Ä–µ—à–∞—Ç—å, –æ–±—ä—è—Å–Ω–∏—Ç—å
                                                   –µ—ë –∞–∫—Ç—É–∞–ª—å–Ω–æ—Å...

You may provide a definition with
\DeclareUnicodeCharacter 


! Package inputenc Error: Unicode character –µ (U+0435)
(inputenc)                not set up for use with LaTeX.

See the inputenc package documentation for explanation.
Type  H <return>  for immediate help.
 ...                                              
                                                  
l.4 ...¥–µ—Ç–µ —Ä–µ—à–∞—Ç—å, –æ–±—ä—è—Å–Ω–∏—Ç—å –µ
                                                  —ë –∞–∫—Ç—É–∞–ª—å–Ω–æ—Å—Ç—...

You may provide a definition with
\DeclareUnicodeCharacter 


! Package inputenc Error: Unicode character —ë (U+0451)
(inputenc)                not set up for use with LaTeX.

See the inputenc package documentation for explanation.
Type  H <return>  for immediate help.
 ...                                              
                                                  
l.4 ...µ—Ç–µ —Ä–µ—à–∞—Ç—å, –æ–±—ä—è—Å–Ω–∏—Ç—å –µ—ë
                                                   –∞–∫—Ç—É–∞–ª—å–Ω–æ—Å—Ç—å ...

You may provide a definition with
\DeclareUnicodeCharacter 


! Package inputenc Error: Unicode character –∞ (U+0430)
(inputenc)                not set up for use with LaTeX.

See the inputenc package documentation for explanation.
Type  H <return>  for immediate help.
 ...                                              
                                                  
l.4 ...–µ —Ä–µ—à–∞—Ç—å, –æ–±—ä—è—Å–Ω–∏—Ç—å –µ—ë –∞
                                                  –∫—Ç—É–∞–ª—å–Ω–æ—Å—Ç—å (–ø...

You may provide a definition with
\DeclareUnicodeCharacter 


! Package inputenc Error: Unicode character –∫ (U+043A)
(inputenc)                not set up for use with LaTeX.

See the inputenc package documentation for explanation.
Type  H <return>  for immediate help.
 ...                                              
                                                  
l.4 ... —Ä–µ—à–∞—Ç—å, –æ–±—ä—è—Å–Ω–∏—Ç—å –µ—ë –∞–∫
                                                  —Ç—É–∞–ª—å–Ω–æ—Å—Ç—å (–ø–æ...

You may provide a definition with
\DeclareUnicodeCharacter 


! Package inputenc Error: Unicode character —Ç (U+0442)
(inputenc)                not set up for use with LaTeX.

See the inputenc package documentation for explanation.
Type  H <return>  for immediate help.
 ...                                              
                                                  
l.4 ...Ä–µ—à–∞—Ç—å, –æ–±—ä—è—Å–Ω–∏—Ç—å –µ—ë –∞–∫—Ç
                                                  —É–∞–ª—å–Ω–æ—Å—Ç—å (–ø–æ—á...

You may provide a definition with
\DeclareUnicodeCharacter 


! Package inputenc Error: Unicode character —É (U+0443)
(inputenc)                not set up for use with LaTeX.

See the inputenc package documentation for explanation.
Type  H <return>  for immediate help.
 ...                                              
                                                  
l.4 ...µ—à–∞—Ç—å, –æ–±—ä—è—Å–Ω–∏—Ç—å –µ—ë –∞–∫—Ç—É
                                                  –∞–ª—å–Ω–æ—Å—Ç—å (–ø–æ—á–µ...

You may provide a definition with
\DeclareUnicodeCharacter 


! Package inputenc Error: Unicode character –∞ (U+0430)
(inputenc)                not set up for use with LaTeX.

See the inputenc package documentation for explanation.
Type  H <return>  for immediate help.
 ...                                              
                                                  
l.4 ...à–∞—Ç—å, –æ–±—ä—è—Å–Ω–∏—Ç—å –µ—ë –∞–∫—Ç—É–∞
                                                  –ª—å–Ω–æ—Å—Ç—å (–ø–æ—á–µ–º...

You may provide a definition with
\DeclareUnicodeCharacter 


! Package inputenc Error: Unicode character –ª (U+043B)
(inputenc)                not set up for use with LaTeX.

See the inputenc package documentation for explanation.
Type  H <return>  for immediate help.
 ...                                              
                                                  
l.4 ...∞—Ç—å, –æ–±—ä—è—Å–Ω–∏—Ç—å –µ—ë –∞–∫—Ç—É–∞–ª
                                                  —å–Ω–æ—Å—Ç—å (–ø–æ—á–µ–º—É...

You may provide a definition with
\DeclareUnicodeCharacter 


! Package inputenc Error: Unicode character —å (U+044C)
(inputenc)                not set up for use with LaTeX.

See the inputenc package documentation for explanation.
Type  H <return>  for immediate help.
 ...                                              
                                                  
l.4 ...Ç—å, –æ–±—ä—è—Å–Ω–∏—Ç—å –µ—ë –∞–∫—Ç—É–∞–ª—å
                                                  –Ω–æ—Å—Ç—å (–ø–æ—á–µ–º—É –...

You may provide a definition with
\DeclareUnicodeCharacter 


! Package inputenc Error: Unicode character –Ω (U+043D)
(inputenc)                not set up for use with LaTeX.

See the inputenc package documentation for explanation.
Type  H <return>  for immediate help.
 ...                                              
                                                  
l.4 ...å, –æ–±—ä—è—Å–Ω–∏—Ç—å –µ—ë –∞–∫—Ç—É–∞–ª—å–Ω
                                                  –æ—Å—Ç—å (–ø–æ—á–µ–º—É –Ω–...

You may provide a definition with
\DeclareUnicodeCharacter 


! Package inputenc Error: Unicode character –æ (U+043E)
(inputenc)                not set up for use with LaTeX.

See the inputenc package documentation for explanation.
Type  H <return>  for immediate help.
 ...                                              
                                                  
l.4 ... –æ–±—ä—è—Å–Ω–∏—Ç—å –µ—ë –∞–∫—Ç—É–∞–ª—å–Ω–æ
                                                  —Å—Ç—å (–ø–æ—á–µ–º—É –Ω–∞–...

You may provide a definition with
\DeclareUnicodeCharacter 


! Package inputenc Error: Unicode character —Å (U+0441)
(inputenc)                not set up for use with LaTeX.

See the inputenc package documentation for explanation.
Type  H <return>  for immediate help.
 ...                                              
                                                  
l.4 ...æ–±—ä—è—Å–Ω–∏—Ç—å –µ—ë –∞–∫—Ç—É–∞–ª—å–Ω–æ—Å
                                                  —Ç—å (–ø–æ—á–µ–º—É –Ω–∞–¥–...

You may provide a definition with
\DeclareUnicodeCharacter 


! Package inputenc Error: Unicode character —Ç (U+0442)
(inputenc)                not set up for use with LaTeX.

See the inputenc package documentation for explanation.
Type  H <return>  for immediate help.
 ...                                              
                                                  
l.4 ...±—ä—è—Å–Ω–∏—Ç—å –µ—ë –∞–∫—Ç—É–∞–ª—å–Ω–æ—Å—Ç
                                                  —å (–ø–æ—á–µ–º—É –Ω–∞–¥–æ ...

You may provide a definition with
\DeclareUnicodeCharacter 


! Package inputenc Error: Unicode character —å (U+044C)
(inputenc)                not set up for use with LaTeX.

See the inputenc package documentation for explanation.
Type  H <return>  for immediate help.
 ...                                              
                                                  
l.4 ...ä—è—Å–Ω–∏—Ç—å –µ—ë –∞–∫—Ç—É–∞–ª—å–Ω–æ—Å—Ç—å
                                                   (–ø–æ—á–µ–º—É –Ω–∞–¥–æ —á...
(That makes 100 errors; please try again.) 
Here is how much of TeX's memory you used:
 45 strings out of 481239
 737 string characters out of 5920378
 236559 words of memory out of 5000000
 15412 multiletter control sequences out of 15000+600000
 532338 words of font info for 24 fonts, out of 8000000 for 9000
 1141 hyphenation exceptions out of 8191
 12i,0n,15p,282b,24s stack positions out of 5000i,500n,10000p,200000b,80000s

!  ==> Fatal error occurred, no output PDF file produced!
