This is pdfTeX, Version 3.14159265-2.6-1.40.20 (TeX Live 2019/Debian) (preloaded format=pdflatex 2022.4.2)  13 JUN 2022 23:14
entering extended mode
 restricted \write18 enabled.
 %&-line parsing enabled.
**Chapter2.tex
(./Chapter2.tex
LaTeX2e <2020-02-02> patch level 2
L3 programming layer <2020-02-14>
! Undefined control sequence.
l.1 \section
            {–û–±–∑–æ—Ä —Å—É—â–µ—Å—Ç–≤—É—é—â–∏—Ö –º–æ–¥–µ–ª–µ–π}
The control sequence at the end of the top line
of your error message was never \def'ed. If you have
misspelled it (e.g., `\hobx'), type `I' and the correct
spelling (e.g., `I\hbox'). Otherwise just continue,
and I'll forget about whatever was undefined.


! Package inputenc Error: Unicode character –û (U+041E)
(inputenc)                not set up for use with LaTeX.

See the inputenc package documentation for explanation.
Type  H <return>  for immediate help.
 ...                                              
                                                  
l.1 \section{–û
               –±–∑–æ—Ä —Å—É—â–µ—Å—Ç–≤—É—é—â–∏—Ö –º–æ–¥–µ–ª–µ–π}
You may provide a definition with
\DeclareUnicodeCharacter 


! Package inputenc Error: Unicode character –± (U+0431)
(inputenc)                not set up for use with LaTeX.

See the inputenc package documentation for explanation.
Type  H <return>  for immediate help.
 ...                                              
                                                  
l.1 \section{–û–±
                 –∑–æ—Ä —Å—É—â–µ—Å—Ç–≤—É—é—â–∏—Ö –º–æ–¥–µ–ª–µ–π}
You may provide a definition with
\DeclareUnicodeCharacter 


! Package inputenc Error: Unicode character –∑ (U+0437)
(inputenc)                not set up for use with LaTeX.

See the inputenc package documentation for explanation.
Type  H <return>  for immediate help.
 ...                                              
                                                  
l.1 \section{–û–±–∑
                   –æ—Ä —Å—É—â–µ—Å—Ç–≤—É—é—â–∏—Ö –º–æ–¥–µ–ª–µ–π}
You may provide a definition with
\DeclareUnicodeCharacter 


! Package inputenc Error: Unicode character –æ (U+043E)
(inputenc)                not set up for use with LaTeX.

See the inputenc package documentation for explanation.
Type  H <return>  for immediate help.
 ...                                              
                                                  
l.1 \section{–û–±–∑–æ
                     —Ä —Å—É—â–µ—Å—Ç–≤—É—é—â–∏—Ö –º–æ–¥–µ–ª–µ–π}
You may provide a definition with
\DeclareUnicodeCharacter 


! Package inputenc Error: Unicode character —Ä (U+0440)
(inputenc)                not set up for use with LaTeX.

See the inputenc package documentation for explanation.
Type  H <return>  for immediate help.
 ...                                              
                                                  
l.1 \section{–û–±–∑–æ—Ä
                        —Å—É—â–µ—Å—Ç–≤—É—é—â–∏—Ö –º–æ–¥–µ–ª–µ–π}
You may provide a definition with
\DeclareUnicodeCharacter 


! Package inputenc Error: Unicode character —Å (U+0441)
(inputenc)                not set up for use with LaTeX.

See the inputenc package documentation for explanation.
Type  H <return>  for immediate help.
 ...                                              
                                                  
l.1 \section{–û–±–∑–æ—Ä —Å
                          —É—â–µ—Å—Ç–≤—É—é—â–∏—Ö –º–æ–¥–µ–ª–µ–π}
You may provide a definition with
\DeclareUnicodeCharacter 


! Package inputenc Error: Unicode character —É (U+0443)
(inputenc)                not set up for use with LaTeX.

See the inputenc package documentation for explanation.
Type  H <return>  for immediate help.
 ...                                              
                                                  
l.1 \section{–û–±–∑–æ—Ä —Å—É
                            —â–µ—Å—Ç–≤—É—é—â–∏—Ö –º–æ–¥–µ–ª–µ–π}
You may provide a definition with
\DeclareUnicodeCharacter 


! Package inputenc Error: Unicode character —â (U+0449)
(inputenc)                not set up for use with LaTeX.

See the inputenc package documentation for explanation.
Type  H <return>  for immediate help.
 ...                                              
                                                  
l.1 \section{–û–±–∑–æ—Ä —Å—É—â
                              –µ—Å—Ç–≤—É—é—â–∏—Ö –º–æ–¥–µ–ª–µ–π}
You may provide a definition with
\DeclareUnicodeCharacter 


! Package inputenc Error: Unicode character –µ (U+0435)
(inputenc)                not set up for use with LaTeX.

See the inputenc package documentation for explanation.
Type  H <return>  for immediate help.
 ...                                              
                                                  
l.1 \section{–û–±–∑–æ—Ä —Å—É—â–µ
                                —Å—Ç–≤—É—é—â–∏—Ö –º–æ–¥–µ–ª–µ–π}
You may provide a definition with
\DeclareUnicodeCharacter 


! Package inputenc Error: Unicode character —Å (U+0441)
(inputenc)                not set up for use with LaTeX.

See the inputenc package documentation for explanation.
Type  H <return>  for immediate help.
 ...                                              
                                                  
l.1 \section{–û–±–∑–æ—Ä —Å—É—â–µ—Å
                                  —Ç–≤—É—é—â–∏—Ö –º–æ–¥–µ–ª–µ–π}
You may provide a definition with
\DeclareUnicodeCharacter 


! Package inputenc Error: Unicode character —Ç (U+0442)
(inputenc)                not set up for use with LaTeX.

See the inputenc package documentation for explanation.
Type  H <return>  for immediate help.
 ...                                              
                                                  
l.1 \section{–û–±–∑–æ—Ä —Å—É—â–µ—Å—Ç
                                    –≤—É—é—â–∏—Ö –º–æ–¥–µ–ª–µ–π}
You may provide a definition with
\DeclareUnicodeCharacter 


! Package inputenc Error: Unicode character –≤ (U+0432)
(inputenc)                not set up for use with LaTeX.

See the inputenc package documentation for explanation.
Type  H <return>  for immediate help.
 ...                                              
                                                  
l.1 \section{–û–±–∑–æ—Ä —Å—É—â–µ—Å—Ç–≤
                                      —É—é—â–∏—Ö –º–æ–¥–µ–ª–µ–π}
You may provide a definition with
\DeclareUnicodeCharacter 


! Package inputenc Error: Unicode character —É (U+0443)
(inputenc)                not set up for use with LaTeX.

See the inputenc package documentation for explanation.
Type  H <return>  for immediate help.
 ...                                              
                                                  
l.1 \section{–û–±–∑–æ—Ä —Å—É—â–µ—Å—Ç–≤—É
                                        —é—â–∏—Ö –º–æ–¥–µ–ª–µ–π}
You may provide a definition with
\DeclareUnicodeCharacter 


! Package inputenc Error: Unicode character —é (U+044E)
(inputenc)                not set up for use with LaTeX.

See the inputenc package documentation for explanation.
Type  H <return>  for immediate help.
 ...                                              
                                                  
l.1 \section{–û–±–∑–æ—Ä —Å—É—â–µ—Å—Ç–≤—É—é
                                          —â–∏—Ö –º–æ–¥–µ–ª–µ–π}
You may provide a definition with
\DeclareUnicodeCharacter 


! Package inputenc Error: Unicode character —â (U+0449)
(inputenc)                not set up for use with LaTeX.

See the inputenc package documentation for explanation.
Type  H <return>  for immediate help.
 ...                                              
                                                  
l.1 \section{–û–±–∑–æ—Ä —Å—É—â–µ—Å—Ç–≤—É—é—â
                                            –∏—Ö –º–æ–¥–µ–ª–µ–π}
You may provide a definition with
\DeclareUnicodeCharacter 


! Package inputenc Error: Unicode character –∏ (U+0438)
(inputenc)                not set up for use with LaTeX.

See the inputenc package documentation for explanation.
Type  H <return>  for immediate help.
 ...                                              
                                                  
l.1 \section{–û–±–∑–æ—Ä —Å—É—â–µ—Å—Ç–≤—É—é—â–∏
                                              —Ö –º–æ–¥–µ–ª–µ–π}
You may provide a definition with
\DeclareUnicodeCharacter 


! Package inputenc Error: Unicode character —Ö (U+0445)
(inputenc)                not set up for use with LaTeX.

See the inputenc package documentation for explanation.
Type  H <return>  for immediate help.
 ...                                              
                                                  
l.1 \section{–û–±–∑–æ—Ä —Å—É—â–µ—Å—Ç–≤—É—é—â–∏—Ö
                                                 –º–æ–¥–µ–ª–µ–π}
You may provide a definition with
\DeclareUnicodeCharacter 


! Package inputenc Error: Unicode character –º (U+043C)
(inputenc)                not set up for use with LaTeX.

See the inputenc package documentation for explanation.
Type  H <return>  for immediate help.
 ...                                              
                                                  
l.1 ...tion{–û–±–∑–æ—Ä —Å—É—â–µ—Å—Ç–≤—É—é—â–∏—Ö –º
                                                  –æ–¥–µ–ª–µ–π}
You may provide a definition with
\DeclareUnicodeCharacter 


! Package inputenc Error: Unicode character –æ (U+043E)
(inputenc)                not set up for use with LaTeX.

See the inputenc package documentation for explanation.
Type  H <return>  for immediate help.
 ...                                              
                                                  
l.1 ...on{–û–±–∑–æ—Ä —Å—É—â–µ—Å—Ç–≤—É—é—â–∏—Ö –º–æ
                                                  –¥–µ–ª–µ–π}
You may provide a definition with
\DeclareUnicodeCharacter 


! Package inputenc Error: Unicode character –¥ (U+0434)
(inputenc)                not set up for use with LaTeX.

See the inputenc package documentation for explanation.
Type  H <return>  for immediate help.
 ...                                              
                                                  
l.1 ...{–û–±–∑–æ—Ä —Å—É—â–µ—Å—Ç–≤—É—é—â–∏—Ö –º–æ–¥
                                                  –µ–ª–µ–π}
You may provide a definition with
\DeclareUnicodeCharacter 


! Package inputenc Error: Unicode character –µ (U+0435)
(inputenc)                not set up for use with LaTeX.

See the inputenc package documentation for explanation.
Type  H <return>  for immediate help.
 ...                                              
                                                  
l.1 ...û–±–∑–æ—Ä —Å—É—â–µ—Å—Ç–≤—É—é—â–∏—Ö –º–æ–¥–µ
                                                  –ª–µ–π}
You may provide a definition with
\DeclareUnicodeCharacter 


! Package inputenc Error: Unicode character –ª (U+043B)
(inputenc)                not set up for use with LaTeX.

See the inputenc package documentation for explanation.
Type  H <return>  for immediate help.
 ...                                              
                                                  
l.1 ...±–∑–æ—Ä —Å—É—â–µ—Å—Ç–≤—É—é—â–∏—Ö –º–æ–¥–µ–ª
                                                  –µ–π}
You may provide a definition with
\DeclareUnicodeCharacter 


! Package inputenc Error: Unicode character –µ (U+0435)
(inputenc)                not set up for use with LaTeX.

See the inputenc package documentation for explanation.
Type  H <return>  for immediate help.
 ...                                              
                                                  
l.1 ...∑–æ—Ä —Å—É—â–µ—Å—Ç–≤—É—é—â–∏—Ö –º–æ–¥–µ–ª–µ
                                                  –π}
You may provide a definition with
\DeclareUnicodeCharacter 


! Package inputenc Error: Unicode character –π (U+0439)
(inputenc)                not set up for use with LaTeX.

See the inputenc package documentation for explanation.
Type  H <return>  for immediate help.
 ...                                              
                                                  
l.1 ...æ—Ä —Å—É—â–µ—Å—Ç–≤—É—é—â–∏—Ö –º–æ–¥–µ–ª–µ–π
                                                  }
You may provide a definition with
\DeclareUnicodeCharacter 

! Undefined control sequence.
l.4 \subsection
               {–ú–æ–¥–µ–ª–∏ –¥–ª—è —Ä–∞—Å–ø–æ–∑–Ω–∞–≤–∞–Ω–∏—è –∫–ª—é—á–µ–≤—...
The control sequence at the end of the top line
of your error message was never \def'ed. If you have
misspelled it (e.g., `\hobx'), type `I' and the correct
spelling (e.g., `I\hbox'). Otherwise just continue,
and I'll forget about whatever was undefined.


! Package inputenc Error: Unicode character –ú (U+041C)
(inputenc)                not set up for use with LaTeX.

See the inputenc package documentation for explanation.
Type  H <return>  for immediate help.
 ...                                              
                                                  
l.4 \subsection{–ú
                  –æ–¥–µ–ª–∏ –¥–ª—è —Ä–∞—Å–ø–æ–∑–Ω–∞–≤–∞–Ω–∏—è –∫–ª—é—á–µ–≤—...

You may provide a definition with
\DeclareUnicodeCharacter 


! Package inputenc Error: Unicode character –æ (U+043E)
(inputenc)                not set up for use with LaTeX.

See the inputenc package documentation for explanation.
Type  H <return>  for immediate help.
 ...                                              
                                                  
l.4 \subsection{–ú–æ
                    –¥–µ–ª–∏ –¥–ª—è —Ä–∞—Å–ø–æ–∑–Ω–∞–≤–∞–Ω–∏—è –∫–ª—é—á–µ–≤—...

You may provide a definition with
\DeclareUnicodeCharacter 


! Package inputenc Error: Unicode character –¥ (U+0434)
(inputenc)                not set up for use with LaTeX.

See the inputenc package documentation for explanation.
Type  H <return>  for immediate help.
 ...                                              
                                                  
l.4 \subsection{–ú–æ–¥
                      –µ–ª–∏ –¥–ª—è —Ä–∞—Å–ø–æ–∑–Ω–∞–≤–∞–Ω–∏—è –∫–ª—é—á–µ–≤—...

You may provide a definition with
\DeclareUnicodeCharacter 


! Package inputenc Error: Unicode character –µ (U+0435)
(inputenc)                not set up for use with LaTeX.

See the inputenc package documentation for explanation.
Type  H <return>  for immediate help.
 ...                                              
                                                  
l.4 \subsection{–ú–æ–¥–µ
                        –ª–∏ –¥–ª—è —Ä–∞—Å–ø–æ–∑–Ω–∞–≤–∞–Ω–∏—è –∫–ª—é—á–µ–≤—...

You may provide a definition with
\DeclareUnicodeCharacter 


! Package inputenc Error: Unicode character –ª (U+043B)
(inputenc)                not set up for use with LaTeX.

See the inputenc package documentation for explanation.
Type  H <return>  for immediate help.
 ...                                              
                                                  
l.4 \subsection{–ú–æ–¥–µ–ª
                          –∏ –¥–ª—è —Ä–∞—Å–ø–æ–∑–Ω–∞–≤–∞–Ω–∏—è –∫–ª—é—á–µ–≤—...

You may provide a definition with
\DeclareUnicodeCharacter 


! Package inputenc Error: Unicode character –∏ (U+0438)
(inputenc)                not set up for use with LaTeX.

See the inputenc package documentation for explanation.
Type  H <return>  for immediate help.
 ...                                              
                                                  
l.4 \subsection{–ú–æ–¥–µ–ª–∏
                             –¥–ª—è —Ä–∞—Å–ø–æ–∑–Ω–∞–≤–∞–Ω–∏—è –∫–ª—é—á–µ–≤—...

You may provide a definition with
\DeclareUnicodeCharacter 


! Package inputenc Error: Unicode character –¥ (U+0434)
(inputenc)                not set up for use with LaTeX.

See the inputenc package documentation for explanation.
Type  H <return>  for immediate help.
 ...                                              
                                                  
l.4 \subsection{–ú–æ–¥–µ–ª–∏ –¥
                               –ª—è —Ä–∞—Å–ø–æ–∑–Ω–∞–≤–∞–Ω–∏—è –∫–ª—é—á–µ–≤—...

You may provide a definition with
\DeclareUnicodeCharacter 


! Package inputenc Error: Unicode character –ª (U+043B)
(inputenc)                not set up for use with LaTeX.

See the inputenc package documentation for explanation.
Type  H <return>  for immediate help.
 ...                                              
                                                  
l.4 \subsection{–ú–æ–¥–µ–ª–∏ –¥–ª
                                 —è —Ä–∞—Å–ø–æ–∑–Ω–∞–≤–∞–Ω–∏—è –∫–ª—é—á–µ–≤—...

You may provide a definition with
\DeclareUnicodeCharacter 


! Package inputenc Error: Unicode character —è (U+044F)
(inputenc)                not set up for use with LaTeX.

See the inputenc package documentation for explanation.
Type  H <return>  for immediate help.
 ...                                              
                                                  
l.4 \subsection{–ú–æ–¥–µ–ª–∏ –¥–ª—è
                                    —Ä–∞—Å–ø–æ–∑–Ω–∞–≤–∞–Ω–∏—è –∫–ª—é—á–µ–≤—...

You may provide a definition with
\DeclareUnicodeCharacter 


! Package inputenc Error: Unicode character —Ä (U+0440)
(inputenc)                not set up for use with LaTeX.

See the inputenc package documentation for explanation.
Type  H <return>  for immediate help.
 ...                                              
                                                  
l.4 \subsection{–ú–æ–¥–µ–ª–∏ –¥–ª—è —Ä
                                      –∞—Å–ø–æ–∑–Ω–∞–≤–∞–Ω–∏—è –∫–ª—é—á–µ–≤—...

You may provide a definition with
\DeclareUnicodeCharacter 


! Package inputenc Error: Unicode character –∞ (U+0430)
(inputenc)                not set up for use with LaTeX.

See the inputenc package documentation for explanation.
Type  H <return>  for immediate help.
 ...                                              
                                                  
l.4 \subsection{–ú–æ–¥–µ–ª–∏ –¥–ª—è —Ä–∞
                                        —Å–ø–æ–∑–Ω–∞–≤–∞–Ω–∏—è –∫–ª—é—á–µ–≤—...

You may provide a definition with
\DeclareUnicodeCharacter 


! Package inputenc Error: Unicode character —Å (U+0441)
(inputenc)                not set up for use with LaTeX.

See the inputenc package documentation for explanation.
Type  H <return>  for immediate help.
 ...                                              
                                                  
l.4 \subsection{–ú–æ–¥–µ–ª–∏ –¥–ª—è —Ä–∞—Å
                                          –ø–æ–∑–Ω–∞–≤–∞–Ω–∏—è –∫–ª—é—á–µ–≤—...

You may provide a definition with
\DeclareUnicodeCharacter 


! Package inputenc Error: Unicode character –ø (U+043F)
(inputenc)                not set up for use with LaTeX.

See the inputenc package documentation for explanation.
Type  H <return>  for immediate help.
 ...                                              
                                                  
l.4 \subsection{–ú–æ–¥–µ–ª–∏ –¥–ª—è —Ä–∞—Å–ø
                                            –æ–∑–Ω–∞–≤–∞–Ω–∏—è –∫–ª—é—á–µ–≤—...

You may provide a definition with
\DeclareUnicodeCharacter 


! Package inputenc Error: Unicode character –æ (U+043E)
(inputenc)                not set up for use with LaTeX.

See the inputenc package documentation for explanation.
Type  H <return>  for immediate help.
 ...                                              
                                                  
l.4 \subsection{–ú–æ–¥–µ–ª–∏ –¥–ª—è —Ä–∞—Å–ø–æ
                                              –∑–Ω–∞–≤–∞–Ω–∏—è –∫–ª—é—á–µ–≤—...

You may provide a definition with
\DeclareUnicodeCharacter 


! Package inputenc Error: Unicode character –∑ (U+0437)
(inputenc)                not set up for use with LaTeX.

See the inputenc package documentation for explanation.
Type  H <return>  for immediate help.
 ...                                              
                                                  
l.4 \subsection{–ú–æ–¥–µ–ª–∏ –¥–ª—è —Ä–∞—Å–ø–æ–∑
                                                –Ω–∞–≤–∞–Ω–∏—è –∫–ª—é—á–µ–≤—...

You may provide a definition with
\DeclareUnicodeCharacter 


! Package inputenc Error: Unicode character –Ω (U+043D)
(inputenc)                not set up for use with LaTeX.

See the inputenc package documentation for explanation.
Type  H <return>  for immediate help.
 ...                                              
                                                  
l.4 \subsection{–ú–æ–¥–µ–ª–∏ –¥–ª—è —Ä–∞—Å–ø–æ–∑–Ω
                                                  –∞–≤–∞–Ω–∏—è –∫–ª—é—á–µ–≤—...

You may provide a definition with
\DeclareUnicodeCharacter 


! Package inputenc Error: Unicode character –∞ (U+0430)
(inputenc)                not set up for use with LaTeX.

See the inputenc package documentation for explanation.
Type  H <return>  for immediate help.
 ...                                              
                                                  
l.4 ...ection{–ú–æ–¥–µ–ª–∏ –¥–ª—è —Ä–∞—Å–ø–æ–∑–Ω–∞
                                                  –≤–∞–Ω–∏—è –∫–ª—é—á–µ–≤—ã—...

You may provide a definition with
\DeclareUnicodeCharacter 


! Package inputenc Error: Unicode character –≤ (U+0432)
(inputenc)                not set up for use with LaTeX.

See the inputenc package documentation for explanation.
Type  H <return>  for immediate help.
 ...                                              
                                                  
l.4 ...tion{–ú–æ–¥–µ–ª–∏ –¥–ª—è —Ä–∞—Å–ø–æ–∑–Ω–∞–≤
                                                  –∞–Ω–∏—è –∫–ª—é—á–µ–≤—ã—Ö ...

You may provide a definition with
\DeclareUnicodeCharacter 


! Package inputenc Error: Unicode character –∞ (U+0430)
(inputenc)                not set up for use with LaTeX.

See the inputenc package documentation for explanation.
Type  H <return>  for immediate help.
 ...                                              
                                                  
l.4 ...on{–ú–æ–¥–µ–ª–∏ –¥–ª—è —Ä–∞—Å–ø–æ–∑–Ω–∞–≤–∞
                                                  –Ω–∏—è –∫–ª—é—á–µ–≤—ã—Ö —Ç...

You may provide a definition with
\DeclareUnicodeCharacter 


! Package inputenc Error: Unicode character –Ω (U+043D)
(inputenc)                not set up for use with LaTeX.

See the inputenc package documentation for explanation.
Type  H <return>  for immediate help.
 ...                                              
                                                  
l.4 ...{–ú–æ–¥–µ–ª–∏ –¥–ª—è —Ä–∞—Å–ø–æ–∑–Ω–∞–≤–∞–Ω
                                                  –∏—è –∫–ª—é—á–µ–≤—ã—Ö —Ç–æ...

You may provide a definition with
\DeclareUnicodeCharacter 


! Package inputenc Error: Unicode character –∏ (U+0438)
(inputenc)                not set up for use with LaTeX.

See the inputenc package documentation for explanation.
Type  H <return>  for immediate help.
 ...                                              
                                                  
l.4 ...ú–æ–¥–µ–ª–∏ –¥–ª—è —Ä–∞—Å–ø–æ–∑–Ω–∞–≤–∞–Ω–∏
                                                  —è –∫–ª—é—á–µ–≤—ã—Ö —Ç–æ—á...

You may provide a definition with
\DeclareUnicodeCharacter 


! Package inputenc Error: Unicode character —è (U+044F)
(inputenc)                not set up for use with LaTeX.

See the inputenc package documentation for explanation.
Type  H <return>  for immediate help.
 ...                                              
                                                  
l.4 ...æ–¥–µ–ª–∏ –¥–ª—è —Ä–∞—Å–ø–æ–∑–Ω–∞–≤–∞–Ω–∏—è
                                                   –∫–ª—é—á–µ–≤—ã—Ö —Ç–æ—á–µ...

You may provide a definition with
\DeclareUnicodeCharacter 


! Package inputenc Error: Unicode character –∫ (U+043A)
(inputenc)                not set up for use with LaTeX.

See the inputenc package documentation for explanation.
Type  H <return>  for immediate help.
 ...                                              
                                                  
l.4 ...–µ–ª–∏ –¥–ª—è —Ä–∞—Å–ø–æ–∑–Ω–∞–≤–∞–Ω–∏—è –∫
                                                  –ª—é—á–µ–≤—ã—Ö —Ç–æ—á–µ–∫ ...

You may provide a definition with
\DeclareUnicodeCharacter 


! Package inputenc Error: Unicode character –ª (U+043B)
(inputenc)                not set up for use with LaTeX.

See the inputenc package documentation for explanation.
Type  H <return>  for immediate help.
 ...                                              
                                                  
l.4 ...–ª–∏ –¥–ª—è —Ä–∞—Å–ø–æ–∑–Ω–∞–≤–∞–Ω–∏—è –∫–ª
                                                  —é—á–µ–≤—ã—Ö —Ç–æ—á–µ–∫ –Ω...

You may provide a definition with
\DeclareUnicodeCharacter 


! Package inputenc Error: Unicode character —é (U+044E)
(inputenc)                not set up for use with LaTeX.

See the inputenc package documentation for explanation.
Type  H <return>  for immediate help.
 ...                                              
                                                  
l.4 ...–∏ –¥–ª—è —Ä–∞—Å–ø–æ–∑–Ω–∞–≤–∞–Ω–∏—è –∫–ª—é
                                                  —á–µ–≤—ã—Ö —Ç–æ—á–µ–∫ –Ω–∞...

You may provide a definition with
\DeclareUnicodeCharacter 


! Package inputenc Error: Unicode character —á (U+0447)
(inputenc)                not set up for use with LaTeX.

See the inputenc package documentation for explanation.
Type  H <return>  for immediate help.
 ...                                              
                                                  
l.4 ... –¥–ª—è —Ä–∞—Å–ø–æ–∑–Ω–∞–≤–∞–Ω–∏—è –∫–ª—é—á
                                                  –µ–≤—ã—Ö —Ç–æ—á–µ–∫ –Ω–∞ —...

You may provide a definition with
\DeclareUnicodeCharacter 


! Package inputenc Error: Unicode character –µ (U+0435)
(inputenc)                not set up for use with LaTeX.

See the inputenc package documentation for explanation.
Type  H <return>  for immediate help.
 ...                                              
                                                  
l.4 ...¥–ª—è —Ä–∞—Å–ø–æ–∑–Ω–∞–≤–∞–Ω–∏—è –∫–ª—é—á–µ
                                                  –≤—ã—Ö —Ç–æ—á–µ–∫ –Ω–∞ —Ç–...

You may provide a definition with
\DeclareUnicodeCharacter 


! Package inputenc Error: Unicode character –≤ (U+0432)
(inputenc)                not set up for use with LaTeX.

See the inputenc package documentation for explanation.
Type  H <return>  for immediate help.
 ...                                              
                                                  
l.4 ...ª—è —Ä–∞—Å–ø–æ–∑–Ω–∞–≤–∞–Ω–∏—è –∫–ª—é—á–µ–≤
                                                  —ã—Ö —Ç–æ—á–µ–∫ –Ω–∞ —Ç–µ–...

You may provide a definition with
\DeclareUnicodeCharacter 


! Package inputenc Error: Unicode character —ã (U+044B)
(inputenc)                not set up for use with LaTeX.

See the inputenc package documentation for explanation.
Type  H <return>  for immediate help.
 ...                                              
                                                  
l.4 ...è —Ä–∞—Å–ø–æ–∑–Ω–∞–≤–∞–Ω–∏—è –∫–ª—é—á–µ–≤—ã
                                                  —Ö —Ç–æ—á–µ–∫ –Ω–∞ —Ç–µ–ª–...

You may provide a definition with
\DeclareUnicodeCharacter 


! Package inputenc Error: Unicode character —Ö (U+0445)
(inputenc)                not set up for use with LaTeX.

See the inputenc package documentation for explanation.
Type  H <return>  for immediate help.
 ...                                              
                                                  
l.4 ...—Ä–∞—Å–ø–æ–∑–Ω–∞–≤–∞–Ω–∏—è –∫–ª—é—á–µ–≤—ã—Ö
                                                   —Ç–æ—á–µ–∫ –Ω–∞ —Ç–µ–ª–µ ...

You may provide a definition with
\DeclareUnicodeCharacter 


! Package inputenc Error: Unicode character —Ç (U+0442)
(inputenc)                not set up for use with LaTeX.

See the inputenc package documentation for explanation.
Type  H <return>  for immediate help.
 ...                                              
                                                  
l.4 ...∞—Å–ø–æ–∑–Ω–∞–≤–∞–Ω–∏—è –∫–ª—é—á–µ–≤—ã—Ö —Ç
                                                  –æ—á–µ–∫ –Ω–∞ —Ç–µ–ª–µ —á–...

You may provide a definition with
\DeclareUnicodeCharacter 


! Package inputenc Error: Unicode character –æ (U+043E)
(inputenc)                not set up for use with LaTeX.

See the inputenc package documentation for explanation.
Type  H <return>  for immediate help.
 ...                                              
                                                  
l.4 ...Å–ø–æ–∑–Ω–∞–≤–∞–Ω–∏—è –∫–ª—é—á–µ–≤—ã—Ö —Ç–æ
                                                  —á–µ–∫ –Ω–∞ —Ç–µ–ª–µ —á–µ–...

You may provide a definition with
\DeclareUnicodeCharacter 


! Package inputenc Error: Unicode character —á (U+0447)
(inputenc)                not set up for use with LaTeX.

See the inputenc package documentation for explanation.
Type  H <return>  for immediate help.
 ...                                              
                                                  
l.4 ...ø–æ–∑–Ω–∞–≤–∞–Ω–∏—è –∫–ª—é—á–µ–≤—ã—Ö —Ç–æ—á
                                                  –µ–∫ –Ω–∞ —Ç–µ–ª–µ —á–µ–ª–...

You may provide a definition with
\DeclareUnicodeCharacter 


! Package inputenc Error: Unicode character –µ (U+0435)
(inputenc)                not set up for use with LaTeX.

See the inputenc package documentation for explanation.
Type  H <return>  for immediate help.
 ...                                              
                                                  
l.4 ...æ–∑–Ω–∞–≤–∞–Ω–∏—è –∫–ª—é—á–µ–≤—ã—Ö —Ç–æ—á–µ
                                                  –∫ –Ω–∞ —Ç–µ–ª–µ —á–µ–ª–æ–...

You may provide a definition with
\DeclareUnicodeCharacter 


! Package inputenc Error: Unicode character –∫ (U+043A)
(inputenc)                not set up for use with LaTeX.

See the inputenc package documentation for explanation.
Type  H <return>  for immediate help.
 ...                                              
                                                  
l.4 ...∑–Ω–∞–≤–∞–Ω–∏—è –∫–ª—é—á–µ–≤—ã—Ö —Ç–æ—á–µ–∫
                                                   –Ω–∞ —Ç–µ–ª–µ —á–µ–ª–æ–≤–...

You may provide a definition with
\DeclareUnicodeCharacter 


! Package inputenc Error: Unicode character –Ω (U+043D)
(inputenc)                not set up for use with LaTeX.

See the inputenc package documentation for explanation.
Type  H <return>  for immediate help.
 ...                                              
                                                  
l.4 ...–∞–≤–∞–Ω–∏—è –∫–ª—é—á–µ–≤—ã—Ö —Ç–æ—á–µ–∫ –Ω
                                                  –∞ —Ç–µ–ª–µ —á–µ–ª–æ–≤–µ–∫–∞}

You may provide a definition with
\DeclareUnicodeCharacter 


! Package inputenc Error: Unicode character –∞ (U+0430)
(inputenc)                not set up for use with LaTeX.

See the inputenc package documentation for explanation.
Type  H <return>  for immediate help.
 ...                                              
                                                  
l.4 ...–≤–∞–Ω–∏—è –∫–ª—é—á–µ–≤—ã—Ö —Ç–æ—á–µ–∫ –Ω–∞
                                                   —Ç–µ–ª–µ —á–µ–ª–æ–≤–µ–∫–∞}
You may provide a definition with
\DeclareUnicodeCharacter 


! Package inputenc Error: Unicode character —Ç (U+0442)
(inputenc)                not set up for use with LaTeX.

See the inputenc package documentation for explanation.
Type  H <return>  for immediate help.
 ...                                              
                                                  
l.4 ...∞–Ω–∏—è –∫–ª—é—á–µ–≤—ã—Ö —Ç–æ—á–µ–∫ –Ω–∞ —Ç
                                                  –µ–ª–µ —á–µ–ª–æ–≤–µ–∫–∞}
You may provide a definition with
\DeclareUnicodeCharacter 


! Package inputenc Error: Unicode character –µ (U+0435)
(inputenc)                not set up for use with LaTeX.

See the inputenc package documentation for explanation.
Type  H <return>  for immediate help.
 ...                                              
                                                  
l.4 ...Ω–∏—è –∫–ª—é—á–µ–≤—ã—Ö —Ç–æ—á–µ–∫ –Ω–∞ —Ç–µ
                                                  –ª–µ —á–µ–ª–æ–≤–µ–∫–∞}
You may provide a definition with
\DeclareUnicodeCharacter 


! Package inputenc Error: Unicode character –ª (U+043B)
(inputenc)                not set up for use with LaTeX.

See the inputenc package documentation for explanation.
Type  H <return>  for immediate help.
 ...                                              
                                                  
l.4 ...∏—è –∫–ª—é—á–µ–≤—ã—Ö —Ç–æ—á–µ–∫ –Ω–∞ —Ç–µ–ª
                                                  –µ —á–µ–ª–æ–≤–µ–∫–∞}
You may provide a definition with
\DeclareUnicodeCharacter 


! Package inputenc Error: Unicode character –µ (U+0435)
(inputenc)                not set up for use with LaTeX.

See the inputenc package documentation for explanation.
Type  H <return>  for immediate help.
 ...                                              
                                                  
l.4 ...è –∫–ª—é—á–µ–≤—ã—Ö —Ç–æ—á–µ–∫ –Ω–∞ —Ç–µ–ª–µ
                                                   —á–µ–ª–æ–≤–µ–∫–∞}
You may provide a definition with
\DeclareUnicodeCharacter 


! Package inputenc Error: Unicode character —á (U+0447)
(inputenc)                not set up for use with LaTeX.

See the inputenc package documentation for explanation.
Type  H <return>  for immediate help.
 ...                                              
                                                  
l.4 ...∫–ª—é—á–µ–≤—ã—Ö —Ç–æ—á–µ–∫ –Ω–∞ —Ç–µ–ª–µ —á
                                                  –µ–ª–æ–≤–µ–∫–∞}
You may provide a definition with
\DeclareUnicodeCharacter 


! Package inputenc Error: Unicode character –µ (U+0435)
(inputenc)                not set up for use with LaTeX.

See the inputenc package documentation for explanation.
Type  H <return>  for immediate help.
 ...                                              
                                                  
l.4 ...ª—é—á–µ–≤—ã—Ö —Ç–æ—á–µ–∫ –Ω–∞ —Ç–µ–ª–µ —á–µ
                                                  –ª–æ–≤–µ–∫–∞}
You may provide a definition with
\DeclareUnicodeCharacter 


! Package inputenc Error: Unicode character –ª (U+043B)
(inputenc)                not set up for use with LaTeX.

See the inputenc package documentation for explanation.
Type  H <return>  for immediate help.
 ...                                              
                                                  
l.4 ...é—á–µ–≤—ã—Ö —Ç–æ—á–µ–∫ –Ω–∞ —Ç–µ–ª–µ —á–µ–ª
                                                  –æ–≤–µ–∫–∞}
You may provide a definition with
\DeclareUnicodeCharacter 


! Package inputenc Error: Unicode character –æ (U+043E)
(inputenc)                not set up for use with LaTeX.

See the inputenc package documentation for explanation.
Type  H <return>  for immediate help.
 ...                                              
                                                  
l.4 ...á–µ–≤—ã—Ö —Ç–æ—á–µ–∫ –Ω–∞ —Ç–µ–ª–µ —á–µ–ª–æ
                                                  –≤–µ–∫–∞}
You may provide a definition with
\DeclareUnicodeCharacter 


! Package inputenc Error: Unicode character –≤ (U+0432)
(inputenc)                not set up for use with LaTeX.

See the inputenc package documentation for explanation.
Type  H <return>  for immediate help.
 ...                                              
                                                  
l.4 ...µ–≤—ã—Ö —Ç–æ—á–µ–∫ –Ω–∞ —Ç–µ–ª–µ —á–µ–ª–æ–≤
                                                  –µ–∫–∞}
You may provide a definition with
\DeclareUnicodeCharacter 


! Package inputenc Error: Unicode character –µ (U+0435)
(inputenc)                not set up for use with LaTeX.

See the inputenc package documentation for explanation.
Type  H <return>  for immediate help.
 ...                                              
                                                  
l.4 ...≤—ã—Ö —Ç–æ—á–µ–∫ –Ω–∞ —Ç–µ–ª–µ —á–µ–ª–æ–≤–µ
                                                  –∫–∞}
You may provide a definition with
\DeclareUnicodeCharacter 


! Package inputenc Error: Unicode character –∫ (U+043A)
(inputenc)                not set up for use with LaTeX.

See the inputenc package documentation for explanation.
Type  H <return>  for immediate help.
 ...                                              
                                                  
l.4 ...ã—Ö —Ç–æ—á–µ–∫ –Ω–∞ —Ç–µ–ª–µ —á–µ–ª–æ–≤–µ–∫
                                                  –∞}
You may provide a definition with
\DeclareUnicodeCharacter 


! Package inputenc Error: Unicode character –∞ (U+0430)
(inputenc)                not set up for use with LaTeX.

See the inputenc package documentation for explanation.
Type  H <return>  for immediate help.
 ...                                              
                                                  
l.4 ...Ö —Ç–æ—á–µ–∫ –Ω–∞ —Ç–µ–ª–µ —á–µ–ª–æ–≤–µ–∫–∞
                                                  }
You may provide a definition with
\DeclareUnicodeCharacter 


! Package inputenc Error: Unicode character –í (U+0412)
(inputenc)                not set up for use with LaTeX.

See the inputenc package documentation for explanation.
Type  H <return>  for immediate help.
 ...                                              
                                                  
l.6 –í
       –¥–∞–Ω–Ω–æ–º —Ä–∞–∑–¥–µ–ª–µ –º—ã —Ä–∞—Å—Å–º–æ—Ç—Ä–∏–º 5-6 —Ä–∞–∑–ª–∏—...

You may provide a definition with
\DeclareUnicodeCharacter 


! Package inputenc Error: Unicode character –¥ (U+0434)
(inputenc)                not set up for use with LaTeX.

See the inputenc package documentation for explanation.
Type  H <return>  for immediate help.
 ...                                              
                                                  
l.6 –í –¥
         –∞–Ω–Ω–æ–º —Ä–∞–∑–¥–µ–ª–µ –º—ã —Ä–∞—Å—Å–º–æ—Ç—Ä–∏–º 5-6 —Ä–∞–∑–ª–∏—...

You may provide a definition with
\DeclareUnicodeCharacter 


! Package inputenc Error: Unicode character –∞ (U+0430)
(inputenc)                not set up for use with LaTeX.

See the inputenc package documentation for explanation.
Type  H <return>  for immediate help.
 ...                                              
                                                  
l.6 –í –¥–∞
           –Ω–Ω–æ–º —Ä–∞–∑–¥–µ–ª–µ –º—ã —Ä–∞—Å—Å–º–æ—Ç—Ä–∏–º 5-6 —Ä–∞–∑–ª–∏—...

You may provide a definition with
\DeclareUnicodeCharacter 


! Package inputenc Error: Unicode character –Ω (U+043D)
(inputenc)                not set up for use with LaTeX.

See the inputenc package documentation for explanation.
Type  H <return>  for immediate help.
 ...                                              
                                                  
l.6 –í –¥–∞–Ω
             –Ω–æ–º —Ä–∞–∑–¥–µ–ª–µ –º—ã —Ä–∞—Å—Å–º–æ—Ç—Ä–∏–º 5-6 —Ä–∞–∑–ª–∏—...

You may provide a definition with
\DeclareUnicodeCharacter 


! Package inputenc Error: Unicode character –Ω (U+043D)
(inputenc)                not set up for use with LaTeX.

See the inputenc package documentation for explanation.
Type  H <return>  for immediate help.
 ...                                              
                                                  
l.6 –í –¥–∞–Ω–Ω
               –æ–º —Ä–∞–∑–¥–µ–ª–µ –º—ã —Ä–∞—Å—Å–º–æ—Ç—Ä–∏–º 5-6 —Ä–∞–∑–ª–∏—...

You may provide a definition with
\DeclareUnicodeCharacter 


! Package inputenc Error: Unicode character –æ (U+043E)
(inputenc)                not set up for use with LaTeX.

See the inputenc package documentation for explanation.
Type  H <return>  for immediate help.
 ...                                              
                                                  
l.6 –í –¥–∞–Ω–Ω–æ
                 –º —Ä–∞–∑–¥–µ–ª–µ –º—ã —Ä–∞—Å—Å–º–æ—Ç—Ä–∏–º 5-6 —Ä–∞–∑–ª–∏—...

You may provide a definition with
\DeclareUnicodeCharacter 


! Package inputenc Error: Unicode character –º (U+043C)
(inputenc)                not set up for use with LaTeX.

See the inputenc package documentation for explanation.
Type  H <return>  for immediate help.
 ...                                              
                                                  
l.6 –í –¥–∞–Ω–Ω–æ–º
                    —Ä–∞–∑–¥–µ–ª–µ –º—ã —Ä–∞—Å—Å–º–æ—Ç—Ä–∏–º 5-6 —Ä–∞–∑–ª–∏—...

You may provide a definition with
\DeclareUnicodeCharacter 


! Package inputenc Error: Unicode character —Ä (U+0440)
(inputenc)                not set up for use with LaTeX.

See the inputenc package documentation for explanation.
Type  H <return>  for immediate help.
 ...                                              
                                                  
l.6 –í –¥–∞–Ω–Ω–æ–º —Ä
                      –∞–∑–¥–µ–ª–µ –º—ã —Ä–∞—Å—Å–º–æ—Ç—Ä–∏–º 5-6 —Ä–∞–∑–ª–∏—...

You may provide a definition with
\DeclareUnicodeCharacter 


! Package inputenc Error: Unicode character –∞ (U+0430)
(inputenc)                not set up for use with LaTeX.

See the inputenc package documentation for explanation.
Type  H <return>  for immediate help.
 ...                                              
                                                  
l.6 –í –¥–∞–Ω–Ω–æ–º —Ä–∞
                        –∑–¥–µ–ª–µ –º—ã —Ä–∞—Å—Å–º–æ—Ç—Ä–∏–º 5-6 —Ä–∞–∑–ª–∏—...

You may provide a definition with
\DeclareUnicodeCharacter 


! Package inputenc Error: Unicode character –∑ (U+0437)
(inputenc)                not set up for use with LaTeX.

See the inputenc package documentation for explanation.
Type  H <return>  for immediate help.
 ...                                              
                                                  
l.6 –í –¥–∞–Ω–Ω–æ–º —Ä–∞–∑
                          –¥–µ–ª–µ –º—ã —Ä–∞—Å—Å–º–æ—Ç—Ä–∏–º 5-6 —Ä–∞–∑–ª–∏—...

You may provide a definition with
\DeclareUnicodeCharacter 


! Package inputenc Error: Unicode character –¥ (U+0434)
(inputenc)                not set up for use with LaTeX.

See the inputenc package documentation for explanation.
Type  H <return>  for immediate help.
 ...                                              
                                                  
l.6 –í –¥–∞–Ω–Ω–æ–º —Ä–∞–∑–¥
                            –µ–ª–µ –º—ã —Ä–∞—Å—Å–º–æ—Ç—Ä–∏–º 5-6 —Ä–∞–∑–ª–∏—...

You may provide a definition with
\DeclareUnicodeCharacter 


! Package inputenc Error: Unicode character –µ (U+0435)
(inputenc)                not set up for use with LaTeX.

See the inputenc package documentation for explanation.
Type  H <return>  for immediate help.
 ...                                              
                                                  
l.6 –í –¥–∞–Ω–Ω–æ–º —Ä–∞–∑–¥–µ
                              –ª–µ –º—ã —Ä–∞—Å—Å–º–æ—Ç—Ä–∏–º 5-6 —Ä–∞–∑–ª–∏—...

You may provide a definition with
\DeclareUnicodeCharacter 


! Package inputenc Error: Unicode character –ª (U+043B)
(inputenc)                not set up for use with LaTeX.

See the inputenc package documentation for explanation.
Type  H <return>  for immediate help.
 ...                                              
                                                  
l.6 –í –¥–∞–Ω–Ω–æ–º —Ä–∞–∑–¥–µ–ª
                                –µ –º—ã —Ä–∞—Å—Å–º–æ—Ç—Ä–∏–º 5-6 —Ä–∞–∑–ª–∏—...

You may provide a definition with
\DeclareUnicodeCharacter 


! Package inputenc Error: Unicode character –µ (U+0435)
(inputenc)                not set up for use with LaTeX.

See the inputenc package documentation for explanation.
Type  H <return>  for immediate help.
 ...                                              
                                                  
l.6 –í –¥–∞–Ω–Ω–æ–º —Ä–∞–∑–¥–µ–ª–µ
                                   –º—ã —Ä–∞—Å—Å–º–æ—Ç—Ä–∏–º 5-6 —Ä–∞–∑–ª–∏—...

You may provide a definition with
\DeclareUnicodeCharacter 


! Package inputenc Error: Unicode character –º (U+043C)
(inputenc)                not set up for use with LaTeX.

See the inputenc package documentation for explanation.
Type  H <return>  for immediate help.
 ...                                              
                                                  
l.6 –í –¥–∞–Ω–Ω–æ–º —Ä–∞–∑–¥–µ–ª–µ –º
                                     —ã —Ä–∞—Å—Å–º–æ—Ç—Ä–∏–º 5-6 —Ä–∞–∑–ª–∏—...

You may provide a definition with
\DeclareUnicodeCharacter 


! Package inputenc Error: Unicode character —ã (U+044B)
(inputenc)                not set up for use with LaTeX.

See the inputenc package documentation for explanation.
Type  H <return>  for immediate help.
 ...                                              
                                                  
l.6 –í –¥–∞–Ω–Ω–æ–º —Ä–∞–∑–¥–µ–ª–µ –º—ã
                                        —Ä–∞—Å—Å–º–æ—Ç—Ä–∏–º 5-6 —Ä–∞–∑–ª–∏—...

You may provide a definition with
\DeclareUnicodeCharacter 


! Package inputenc Error: Unicode character —Ä (U+0440)
(inputenc)                not set up for use with LaTeX.

See the inputenc package documentation for explanation.
Type  H <return>  for immediate help.
 ...                                              
                                                  
l.6 –í –¥–∞–Ω–Ω–æ–º —Ä–∞–∑–¥–µ–ª–µ –º—ã —Ä
                                          –∞—Å—Å–º–æ—Ç—Ä–∏–º 5-6 —Ä–∞–∑–ª–∏—...

You may provide a definition with
\DeclareUnicodeCharacter 


! Package inputenc Error: Unicode character –∞ (U+0430)
(inputenc)                not set up for use with LaTeX.

See the inputenc package documentation for explanation.
Type  H <return>  for immediate help.
 ...                                              
                                                  
l.6 –í –¥–∞–Ω–Ω–æ–º —Ä–∞–∑–¥–µ–ª–µ –º—ã —Ä–∞
                                            —Å—Å–º–æ—Ç—Ä–∏–º 5-6 —Ä–∞–∑–ª–∏—...

You may provide a definition with
\DeclareUnicodeCharacter 


! Package inputenc Error: Unicode character —Å (U+0441)
(inputenc)                not set up for use with LaTeX.

See the inputenc package documentation for explanation.
Type  H <return>  for immediate help.
 ...                                              
                                                  
l.6 –í –¥–∞–Ω–Ω–æ–º —Ä–∞–∑–¥–µ–ª–µ –º—ã —Ä–∞—Å
                                              —Å–º–æ—Ç—Ä–∏–º 5-6 —Ä–∞–∑–ª–∏—...

You may provide a definition with
\DeclareUnicodeCharacter 


! Package inputenc Error: Unicode character —Å (U+0441)
(inputenc)                not set up for use with LaTeX.

See the inputenc package documentation for explanation.
Type  H <return>  for immediate help.
 ...                                              
                                                  
l.6 –í –¥–∞–Ω–Ω–æ–º —Ä–∞–∑–¥–µ–ª–µ –º—ã —Ä–∞—Å—Å
                                                –º–æ—Ç—Ä–∏–º 5-6 —Ä–∞–∑–ª–∏—...

You may provide a definition with
\DeclareUnicodeCharacter 


! Package inputenc Error: Unicode character –º (U+043C)
(inputenc)                not set up for use with LaTeX.

See the inputenc package documentation for explanation.
Type  H <return>  for immediate help.
 ...                                              
                                                  
l.6 –í –¥–∞–Ω–Ω–æ–º —Ä–∞–∑–¥–µ–ª–µ –º—ã —Ä–∞—Å—Å–º
                                                  –æ—Ç—Ä–∏–º 5-6 —Ä–∞–∑–ª–∏—...

You may provide a definition with
\DeclareUnicodeCharacter 


! Package inputenc Error: Unicode character –æ (U+043E)
(inputenc)                not set up for use with LaTeX.

See the inputenc package documentation for explanation.
Type  H <return>  for immediate help.
 ...                                              
                                                  
l.6 ...–∞–Ω–Ω–æ–º —Ä–∞–∑–¥–µ–ª–µ –º—ã —Ä–∞—Å—Å–º–æ
                                                  —Ç—Ä–∏–º 5-6 —Ä–∞–∑–ª–∏—á–...

You may provide a definition with
\DeclareUnicodeCharacter 


! Package inputenc Error: Unicode character —Ç (U+0442)
(inputenc)                not set up for use with LaTeX.

See the inputenc package documentation for explanation.
Type  H <return>  for immediate help.
 ...                                              
                                                  
l.6 ...–Ω–Ω–æ–º —Ä–∞–∑–¥–µ–ª–µ –º—ã —Ä–∞—Å—Å–º–æ—Ç
                                                  —Ä–∏–º 5-6 —Ä–∞–∑–ª–∏—á–Ω—...

You may provide a definition with
\DeclareUnicodeCharacter 


! Package inputenc Error: Unicode character —Ä (U+0440)
(inputenc)                not set up for use with LaTeX.

See the inputenc package documentation for explanation.
Type  H <return>  for immediate help.
 ...                                              
                                                  
l.6 ...–Ω–æ–º —Ä–∞–∑–¥–µ–ª–µ –º—ã —Ä–∞—Å—Å–º–æ—Ç—Ä
                                                  –∏–º 5-6 —Ä–∞–∑–ª–∏—á–Ω—ã—...

You may provide a definition with
\DeclareUnicodeCharacter 


! Package inputenc Error: Unicode character –∏ (U+0438)
(inputenc)                not set up for use with LaTeX.

See the inputenc package documentation for explanation.
Type  H <return>  for immediate help.
 ...                                              
                                                  
l.6 ...–æ–º —Ä–∞–∑–¥–µ–ª–µ –º—ã —Ä–∞—Å—Å–º–æ—Ç—Ä–∏
                                                  –º 5-6 —Ä–∞–∑–ª–∏—á–Ω—ã—Ö ...
(That makes 100 errors; please try again.) 
Here is how much of TeX's memory you used:
 44 strings out of 481239
 732 string characters out of 5920378
 236559 words of memory out of 5000000
 15411 multiletter control sequences out of 15000+600000
 532338 words of font info for 24 fonts, out of 8000000 for 9000
 1141 hyphenation exceptions out of 8191
 12i,0n,15p,346b,36s stack positions out of 5000i,500n,10000p,200000b,80000s

!  ==> Fatal error occurred, no output PDF file produced!
