\BOOKMARK [1][-]{section.1}{\376\377\004\022\004\062\004\065\004\064\004\065\004\075\004\070\004\065}{}% 1
\BOOKMARK [1][-]{section.2}{\376\377\004\037\004\076\004\101\004\102\004\060\004\075\004\076\004\062\004\072\004\060\000\040\004\067\004\060\004\064\004\060\004\107\004\070}{}% 2
\BOOKMARK [2][-]{subsection.2.1}{\376\377\004\027\004\060\004\064\004\060\004\107\004\060\000\040\004\100\004\060\004\101\004\077\004\076\004\067\004\075\004\060\004\062\004\060\004\075\004\070\004\117\000\040\004\072\004\073\004\116\004\107\004\065\004\062\004\113\004\105\000\040\004\102\004\076\004\107\004\065\004\072\000\040\004\075\004\060\000\040\004\102\004\065\004\073\004\065\000\040\004\107\004\065\004\073\004\076\004\062\004\065\004\072\004\060}{section.2}% 3
\BOOKMARK [2][-]{subsection.2.2}{\376\377\004\027\004\060\004\064\004\060\004\107\004\060\000\040\004\072\004\073\004\060\004\101\004\101\004\070\004\104\004\070\004\072\004\060\004\106\004\070\004\070\000\040\004\064\004\062\004\070\004\066\004\065\004\075\004\070\004\071\000/\004\077\004\076\004\067\004\113\000\040\004\107\004\065\004\073\004\076\004\062\004\065\004\072\004\060}{section.2}% 4
\BOOKMARK [1][-]{section.3}{\376\377\004\036\004\061\004\067\004\076\004\100\000\040\004\101\004\103\004\111\004\065\004\101\004\102\004\062\004\103\004\116\004\111\004\070\004\105\000\040\004\074\004\076\004\064\004\065\004\073\004\065\004\071}{}% 5
\BOOKMARK [2][-]{subsection.3.1}{\376\377\004\034\004\076\004\064\004\065\004\073\004\070\000\040\004\064\004\073\004\117\000\040\004\100\004\060\004\101\004\077\004\076\004\067\004\075\004\060\004\062\004\060\004\075\004\070\004\117\000\040\004\072\004\073\004\116\004\107\004\065\004\062\004\113\004\105\000\040\004\102\004\076\004\107\004\065\004\072\000\040\004\075\004\060\000\040\004\102\004\065\004\073\004\065\000\040\004\107\004\065\004\073\004\076\004\062\004\065\004\072\004\060}{section.3}% 6
\BOOKMARK [3][-]{subsubsection.3.1.1}{\376\377\000B\000l\000a\000z\000e\000P\000o\000s\000e}{subsection.3.1}% 7
\BOOKMARK [3][-]{subsubsection.3.1.2}{\376\377\000M\000o\000v\000e\000N\000e\000t\000.\000S\000i\000n\000g\000l\000e\000P\000o\000s\000e}{subsection.3.1}% 8
\BOOKMARK [3][-]{subsubsection.3.1.3}{\376\377\000O\000p\000e\000n\000P\000o\000s\000e}{subsection.3.1}% 9
\BOOKMARK [3][-]{subsubsection.3.1.4}{\376\377\000M\000M\000P\000o\000s\000e}{subsection.3.1}% 10
\BOOKMARK [3][-]{subsubsection.3.1.5}{\376\377\000A\000l\000p\000h\000a\000P\000o\000s\000e}{subsection.3.1}% 11
\BOOKMARK [3][-]{subsubsection.3.1.6}{\376\377\000D\000e\000e\000p\000P\000o\000s\000e}{subsection.3.1}% 12
\BOOKMARK [2][-]{subsection.3.2}{\376\377\004\034\004\076\004\064\004\065\004\073\004\070\000\040\004\064\004\073\004\117\000\040\004\072\004\073\004\060\004\101\004\101\004\070\004\104\004\070\004\072\004\060\004\106\004\070\004\070\000\040\004\077\004\076\004\067\004\113\000\040\004\107\004\065\004\073\004\076\004\062\004\065\004\072\004\060}{section.3}% 13
\BOOKMARK [3][-]{subsubsection.3.2.1}{\376\377\004\032\004\073\004\060\004\101\004\101\004\070\004\104\004\070\004\072\004\060\004\102\004\076\004\100\000\040\004\076\004\102\000\040\000M\000e\000d\000i\000a\000P\000i\000p\000e}{subsection.3.2}% 14
\BOOKMARK [3][-]{subsubsection.3.2.2}{\376\377\000m\000m\000a\000k\000o\000s}{subsection.3.2}% 15
\BOOKMARK [3][-]{subsubsection.3.2.3}{\376\377\000M\000M\000a\000c\000t\000i\000o\000n\0002\000\040\000b\000y\000\040\000O\000p\000e\000n\000M\000M\000l\000a\000b}{subsection.3.2}% 16
\BOOKMARK [1][-]{section.4}{\376\377\004\030\004\101\004\101\004\073\004\065\004\064\004\076\004\062\004\060\004\075\004\070\004\065\000\040\004\074\004\076\004\064\004\065\004\073\004\065\004\071}{}% 17
\BOOKMARK [2][-]{subsection.4.1}{\376\377\004\036\004\077\004\070\004\101\004\060\004\075\004\070\004\065\000\040\004\115\004\072\004\101\004\077\004\065\004\100\004\070\004\074\004\065\004\075\004\102\004\060}{section.4}% 18
\BOOKMARK [2][-]{subsection.4.2}{\376\377\004\037\004\076\004\070\004\101\004\072\000\040\004\064\004\060\004\075\004\075\004\113\004\105}{section.4}% 19
\BOOKMARK [2][-]{subsection.4.3}{\376\377\004\040\004\065\004\067\004\103\004\073\004\114\004\102\004\060\004\102\004\113\000\040\004\115\004\072\004\101\004\077\004\065\004\100\004\070\004\074\004\065\004\075\004\102\004\060}{section.4}% 20
\BOOKMARK [1][-]{section.5}{\376\377\004\027\004\060\004\072\004\073\004\116\004\107\004\065\004\075\004\070\004\065}{}% 21
\BOOKMARK [1][-]{section*.24}{\376\377\004\041\004\077\004\070\004\101\004\076\004\072\000\040\004\073\004\070\004\102\004\065\004\100\004\060\004\102\004\103\004\100\004\113}{}% 22
\BOOKMARK [1][-]{appendix.A}{\376\377\004\037\004\100\004\070\004\073\004\076\004\066\004\065\004\075\004\070\004\065}{}% 23
